IP Generator (Version 2020.3 build 62942)
Check out license ...
Start generating at 2020-10-09 10:12
Instance: ex_data_fifo (C:\Users\hspu\Desktop\pgr_ARM_Cortex_M1_PGL22_256\pnr\ipcore\ex_data_fifo\ex_data_fifo.idf)
Model: Logos DRM Based FIFO (1.5)
Part: Logos-PGL22G-FBG256--6
Create directory 'rtl' ...
Copy 'rtl\ipml_fifo_ctrl_v1_3.v' to 'rtl' ...
Copy 'rtl\ipml_fifo_v1_5.v.xml' to 'rtl' ...
Copy 'rtl\ipml_prefetch_fifo_v1_5.v.xml' to 'rtl' ...
Copy 'rtl\ipml_reg_fifo_v1_0.v' to 'rtl' ...
Copy 'rtl\ipml_sdpram_v1_5.v.xml' to 'rtl' ...
Compile file 'rtl\ipml_sdpram_v1_5.v.xml' to 'rtl\ipml_sdpram_v1_5_ex_data_fifo.v' ...
Compile file 'rtl\ipml_fifo_v1_5.v.xml' to 'rtl\ipml_fifo_v1_5_ex_data_fifo.v' ...
Compile file 'rtl\ipml_prefetch_fifo_v1_5.v.xml' to 'rtl\ipml_prefetch_fifo_v1_5_ex_data_fifo.v' ...
Copy 'ipml_fifo_wrapper_v1_5.v.xml' ...
Compile file 'ipml_fifo_wrapper_v1_5.v.xml' to 'ex_data_fifo.v' ...
Found top module 'ex_data_fifo' in file 'ex_data_fifo.v'.
Copy 'ipml_prefetch_fifo_wrapper_v1_5.v.xml' ...
Compile file 'ipml_prefetch_fifo_wrapper_v1_5.v.xml' to 'ex_data_fifo_prefetch.v' ...
Copy 'ipml_fifo_wrapper_v1_3_tb.v.xml' ...
Compile file 'ipml_fifo_wrapper_v1_3_tb.v.xml' to 'ex_data_fifo_tb.v' ...
Create template file 'ex_data_fifo_tmpl.v' ...
Create template file 'ex_data_fifo_tmpl.vhdl' ...
There are 4 source files to synthesize.
Synthesis is disabled.
Done: 0 error(s), 0 warning(s)
