#Build: Fabric Compiler 2020.3, Build 62942, Sep 29 13:34 2020
#Install: C:\pango\PDS_2020.3\bin
#Application name: pds_shell.exe
#OS: Windows 10 10.0.19042
#Hostname: DESKTOP-C9S5NJE
Generated by Fabric Compiler (version 2020.3 build 62942) at Sun Jun  6 11:02:06 2021
Compiling verification operator library.
Compiling common defs.
Compiling prim grid devices.
Compiling gate devices.
Compiling gate operators.
Building architecture model.
Loading device packaging model 'MBG324'.
I: dp_step_length: 4 != def: 1
Starting placement and routing flow. (CPU time elapsed 0h:00m:00s)
Reading design from devmap DB.
Building architecture floorplan logic view.
Executing : apply_constraint -f C:/Users/1/Desktop/jc/SD_Int_5_23/pnr/device_map/m1_soc_top.pcf
Executing : def_port i2c0_sck -LOC J14 -IOSTANDARD LVCMOS33 -VCCIO 3.3 -HYS_DRIVE_MODE NOHYS -BUS_KEEPER PULLUP -DRIVE 4 -SLEW FAST
Executing : def_port i2c0_sck -LOC J14 -IOSTANDARD LVCMOS33 -VCCIO 3.3 -HYS_DRIVE_MODE NOHYS -BUS_KEEPER PULLUP -DRIVE 4 -SLEW FAST successfully.
Executing : def_port i2c0_sda -LOC J15 -IOSTANDARD LVCMOS33 -VCCIO 3.3 -HYS_DRIVE_MODE NOHYS -BUS_KEEPER PULLUP -DRIVE 4 -SLEW FAST
Executing : def_port i2c0_sda -LOC J15 -IOSTANDARD LVCMOS33 -VCCIO 3.3 -HYS_DRIVE_MODE NOHYS -BUS_KEEPER PULLUP -DRIVE 4 -SLEW FAST successfully.
Executing : def_port {pad_dq_ch0[0]} -LOC T8 -IOSTANDARD SSTL15_I -VCCIO 1.5 -BUS_KEEPER UNUSED -VREF_MODE IN -VREF_MODE_VALUE 0.5 -DDR_TERM_MODE ON -DRIVE 7.5 -SLEW FAST
Executing : def_port {pad_dq_ch0[0]} -LOC T8 -IOSTANDARD SSTL15_I -VCCIO 1.5 -BUS_KEEPER UNUSED -VREF_MODE IN -VREF_MODE_VALUE 0.5 -DDR_TERM_MODE ON -DRIVE 7.5 -SLEW FAST successfully.
Executing : def_port {pad_dq_ch0[1]} -LOC T6 -IOSTANDARD SSTL15_I -VCCIO 1.5 -BUS_KEEPER UNUSED -VREF_MODE IN -VREF_MODE_VALUE 0.5 -DDR_TERM_MODE ON -DRIVE 7.5 -SLEW FAST
Executing : def_port {pad_dq_ch0[1]} -LOC T6 -IOSTANDARD SSTL15_I -VCCIO 1.5 -BUS_KEEPER UNUSED -VREF_MODE IN -VREF_MODE_VALUE 0.5 -DDR_TERM_MODE ON -DRIVE 7.5 -SLEW FAST successfully.
Executing : def_port {pad_dq_ch0[2]} -LOC R6 -IOSTANDARD SSTL15_I -VCCIO 1.5 -BUS_KEEPER UNUSED -VREF_MODE IN -VREF_MODE_VALUE 0.5 -DDR_TERM_MODE ON -DRIVE 7.5 -SLEW FAST
Executing : def_port {pad_dq_ch0[2]} -LOC R6 -IOSTANDARD SSTL15_I -VCCIO 1.5 -BUS_KEEPER UNUSED -VREF_MODE IN -VREF_MODE_VALUE 0.5 -DDR_TERM_MODE ON -DRIVE 7.5 -SLEW FAST successfully.
Executing : def_port {pad_dq_ch0[3]} -LOC R9 -IOSTANDARD SSTL15_I -VCCIO 1.5 -BUS_KEEPER UNUSED -VREF_MODE IN -VREF_MODE_VALUE 0.5 -DDR_TERM_MODE ON -DRIVE 7.5 -SLEW FAST
Executing : def_port {pad_dq_ch0[3]} -LOC R9 -IOSTANDARD SSTL15_I -VCCIO 1.5 -BUS_KEEPER UNUSED -VREF_MODE IN -VREF_MODE_VALUE 0.5 -DDR_TERM_MODE ON -DRIVE 7.5 -SLEW FAST successfully.
Executing : def_port {pad_dq_ch0[4]} -LOC T9 -IOSTANDARD SSTL15_I -VCCIO 1.5 -BUS_KEEPER UNUSED -VREF_MODE IN -VREF_MODE_VALUE 0.5 -DDR_TERM_MODE ON -DRIVE 7.5 -SLEW FAST
Executing : def_port {pad_dq_ch0[4]} -LOC T9 -IOSTANDARD SSTL15_I -VCCIO 1.5 -BUS_KEEPER UNUSED -VREF_MODE IN -VREF_MODE_VALUE 0.5 -DDR_TERM_MODE ON -DRIVE 7.5 -SLEW FAST successfully.
Executing : def_port {pad_dq_ch0[5]} -LOC N4 -IOSTANDARD SSTL15_I -VCCIO 1.5 -BUS_KEEPER UNUSED -VREF_MODE IN -VREF_MODE_VALUE 0.5 -DDR_TERM_MODE ON -DRIVE 7.5 -SLEW FAST
Executing : def_port {pad_dq_ch0[5]} -LOC N4 -IOSTANDARD SSTL15_I -VCCIO 1.5 -BUS_KEEPER UNUSED -VREF_MODE IN -VREF_MODE_VALUE 0.5 -DDR_TERM_MODE ON -DRIVE 7.5 -SLEW FAST successfully.
Executing : def_port {pad_dq_ch0[6]} -LOC N5 -IOSTANDARD SSTL15_I -VCCIO 1.5 -BUS_KEEPER UNUSED -VREF_MODE IN -VREF_MODE_VALUE 0.5 -DDR_TERM_MODE ON -DRIVE 7.5 -SLEW FAST
Executing : def_port {pad_dq_ch0[6]} -LOC N5 -IOSTANDARD SSTL15_I -VCCIO 1.5 -BUS_KEEPER UNUSED -VREF_MODE IN -VREF_MODE_VALUE 0.5 -DDR_TERM_MODE ON -DRIVE 7.5 -SLEW FAST successfully.
Executing : def_port {pad_dq_ch0[7]} -LOC P6 -IOSTANDARD SSTL15_I -VCCIO 1.5 -BUS_KEEPER UNUSED -VREF_MODE IN -VREF_MODE_VALUE 0.5 -DDR_TERM_MODE ON -DRIVE 7.5 -SLEW FAST
Executing : def_port {pad_dq_ch0[7]} -LOC P6 -IOSTANDARD SSTL15_I -VCCIO 1.5 -BUS_KEEPER UNUSED -VREF_MODE IN -VREF_MODE_VALUE 0.5 -DDR_TERM_MODE ON -DRIVE 7.5 -SLEW FAST successfully.
Executing : def_port {pad_dq_ch0[8]} -LOC T4 -IOSTANDARD SSTL15_I -VCCIO 1.5 -BUS_KEEPER UNUSED -VREF_MODE IN -VREF_MODE_VALUE 0.5 -DDR_TERM_MODE ON -DRIVE 7.5 -SLEW FAST
Executing : def_port {pad_dq_ch0[8]} -LOC T4 -IOSTANDARD SSTL15_I -VCCIO 1.5 -BUS_KEEPER UNUSED -VREF_MODE IN -VREF_MODE_VALUE 0.5 -DDR_TERM_MODE ON -DRIVE 7.5 -SLEW FAST successfully.
Executing : def_port {pad_dq_ch0[9]} -LOC V9 -IOSTANDARD SSTL15_I -VCCIO 1.5 -BUS_KEEPER UNUSED -VREF_MODE IN -VREF_MODE_VALUE 0.5 -DDR_TERM_MODE ON -DRIVE 7.5 -SLEW FAST
Executing : def_port {pad_dq_ch0[9]} -LOC V9 -IOSTANDARD SSTL15_I -VCCIO 1.5 -BUS_KEEPER UNUSED -VREF_MODE IN -VREF_MODE_VALUE 0.5 -DDR_TERM_MODE ON -DRIVE 7.5 -SLEW FAST successfully.
Executing : def_port {pad_dq_ch0[10]} -LOC U9 -IOSTANDARD SSTL15_I -VCCIO 1.5 -BUS_KEEPER UNUSED -VREF_MODE IN -VREF_MODE_VALUE 0.5 -DDR_TERM_MODE ON -DRIVE 7.5 -SLEW FAST
Executing : def_port {pad_dq_ch0[10]} -LOC U9 -IOSTANDARD SSTL15_I -VCCIO 1.5 -BUS_KEEPER UNUSED -VREF_MODE IN -VREF_MODE_VALUE 0.5 -DDR_TERM_MODE ON -DRIVE 7.5 -SLEW FAST successfully.
Executing : def_port {pad_dq_ch0[11]} -LOC V7 -IOSTANDARD SSTL15_I -VCCIO 1.5 -BUS_KEEPER UNUSED -VREF_MODE IN -VREF_MODE_VALUE 0.5 -DDR_TERM_MODE ON -DRIVE 7.5 -SLEW FAST
Executing : def_port {pad_dq_ch0[11]} -LOC V7 -IOSTANDARD SSTL15_I -VCCIO 1.5 -BUS_KEEPER UNUSED -VREF_MODE IN -VREF_MODE_VALUE 0.5 -DDR_TERM_MODE ON -DRIVE 7.5 -SLEW FAST successfully.
Executing : def_port {pad_dq_ch0[12]} -LOC U7 -IOSTANDARD SSTL15_I -VCCIO 1.5 -BUS_KEEPER UNUSED -VREF_MODE IN -VREF_MODE_VALUE 0.5 -DDR_TERM_MODE ON -DRIVE 7.5 -SLEW FAST
Executing : def_port {pad_dq_ch0[12]} -LOC U7 -IOSTANDARD SSTL15_I -VCCIO 1.5 -BUS_KEEPER UNUSED -VREF_MODE IN -VREF_MODE_VALUE 0.5 -DDR_TERM_MODE ON -DRIVE 7.5 -SLEW FAST successfully.
Executing : def_port {pad_dq_ch0[13]} -LOC V6 -IOSTANDARD SSTL15_I -VCCIO 1.5 -BUS_KEEPER UNUSED -VREF_MODE IN -VREF_MODE_VALUE 0.5 -DDR_TERM_MODE ON -DRIVE 7.5 -SLEW FAST
Executing : def_port {pad_dq_ch0[13]} -LOC V6 -IOSTANDARD SSTL15_I -VCCIO 1.5 -BUS_KEEPER UNUSED -VREF_MODE IN -VREF_MODE_VALUE 0.5 -DDR_TERM_MODE ON -DRIVE 7.5 -SLEW FAST successfully.
Executing : def_port {pad_dq_ch0[14]} -LOC U6 -IOSTANDARD SSTL15_I -VCCIO 1.5 -BUS_KEEPER UNUSED -VREF_MODE IN -VREF_MODE_VALUE 0.5 -DDR_TERM_MODE ON -DRIVE 7.5 -SLEW FAST
Executing : def_port {pad_dq_ch0[14]} -LOC U6 -IOSTANDARD SSTL15_I -VCCIO 1.5 -BUS_KEEPER UNUSED -VREF_MODE IN -VREF_MODE_VALUE 0.5 -DDR_TERM_MODE ON -DRIVE 7.5 -SLEW FAST successfully.
Executing : def_port {pad_dq_ch0[15]} -LOC V5 -IOSTANDARD SSTL15_I -VCCIO 1.5 -BUS_KEEPER UNUSED -VREF_MODE IN -VREF_MODE_VALUE 0.5 -DDR_TERM_MODE ON -DRIVE 7.5 -SLEW FAST
Executing : def_port {pad_dq_ch0[15]} -LOC V5 -IOSTANDARD SSTL15_I -VCCIO 1.5 -BUS_KEEPER UNUSED -VREF_MODE IN -VREF_MODE_VALUE 0.5 -DDR_TERM_MODE ON -DRIVE 7.5 -SLEW FAST successfully.
Executing : def_port {pad_dqs_ch0[0]} -LOC N6 -IOSTANDARD SSTL15D_I -VCCIO 1.5 -BUS_KEEPER UNUSED -DDR_TERM_MODE ON -DRIVE 7.5 -SLEW FAST
Executing : def_port {pad_dqs_ch0[0]} -LOC N6 -IOSTANDARD SSTL15D_I -VCCIO 1.5 -BUS_KEEPER UNUSED -DDR_TERM_MODE ON -DRIVE 7.5 -SLEW FAST successfully.
Executing : def_port {pad_dqs_ch0[1]} -LOC U8 -IOSTANDARD SSTL15D_I -VCCIO 1.5 -BUS_KEEPER UNUSED -DDR_TERM_MODE ON -DRIVE 7.5 -SLEW FAST
Executing : def_port {pad_dqs_ch0[1]} -LOC U8 -IOSTANDARD SSTL15D_I -VCCIO 1.5 -BUS_KEEPER UNUSED -DDR_TERM_MODE ON -DRIVE 7.5 -SLEW FAST successfully.
Executing : def_port {pad_dqsn_ch0[0]} -LOC N7 -IOSTANDARD SSTL15D_I -VCCIO 1.5 -BUS_KEEPER UNUSED -DDR_TERM_MODE ON -DRIVE 7.5 -SLEW FAST
Executing : def_port {pad_dqsn_ch0[0]} -LOC N7 -IOSTANDARD SSTL15D_I -VCCIO 1.5 -BUS_KEEPER UNUSED -DDR_TERM_MODE ON -DRIVE 7.5 -SLEW FAST successfully.
Executing : def_port {pad_dqsn_ch0[1]} -LOC V8 -IOSTANDARD SSTL15D_I -VCCIO 1.5 -BUS_KEEPER UNUSED -DDR_TERM_MODE ON -DRIVE 7.5 -SLEW FAST
Executing : def_port {pad_dqsn_ch0[1]} -LOC V8 -IOSTANDARD SSTL15D_I -VCCIO 1.5 -BUS_KEEPER UNUSED -DDR_TERM_MODE ON -DRIVE 7.5 -SLEW FAST successfully.
Executing : def_port {LED[0]} -LOC U10 -IOSTANDARD LVCMOS33 -VCCIO 3.3 -BUS_KEEPER NONE -DRIVE 8 -SLEW FAST
Executing : def_port {LED[0]} -LOC U10 -IOSTANDARD LVCMOS33 -VCCIO 3.3 -BUS_KEEPER NONE -DRIVE 8 -SLEW FAST successfully.
Executing : def_port {LED[1]} -LOC V10 -IOSTANDARD LVCMOS33 -VCCIO 3.3 -BUS_KEEPER NONE -DRIVE 8 -SLEW FAST
Executing : def_port {LED[1]} -LOC V10 -IOSTANDARD LVCMOS33 -VCCIO 3.3 -BUS_KEEPER NONE -DRIVE 8 -SLEW FAST successfully.
Executing : def_port {LED[2]} -LOC U11 -IOSTANDARD LVCMOS33 -VCCIO 3.3 -BUS_KEEPER NONE -DRIVE 8 -SLEW FAST
Executing : def_port {LED[2]} -LOC U11 -IOSTANDARD LVCMOS33 -VCCIO 3.3 -BUS_KEEPER NONE -DRIVE 8 -SLEW FAST successfully.
Executing : def_port {LED[3]} -LOC V11 -IOSTANDARD LVCMOS33 -VCCIO 3.3 -BUS_KEEPER NONE -DRIVE 8 -SLEW FAST -OPEN_DRAIN OFF
Executing : def_port {LED[3]} -LOC V11 -IOSTANDARD LVCMOS33 -VCCIO 3.3 -BUS_KEEPER NONE -DRIVE 8 -SLEW FAST -OPEN_DRAIN OFF successfully.
Executing : def_port SD_DCLK -LOC V13 -IOSTANDARD LVCMOS33 -VCCIO 3.3 -BUS_KEEPER PULLUP -DRIVE 4 -SLEW FAST
Executing : def_port SD_DCLK -LOC V13 -IOSTANDARD LVCMOS33 -VCCIO 3.3 -BUS_KEEPER PULLUP -DRIVE 4 -SLEW FAST successfully.
Executing : def_port SD_MOSI -LOC U14 -IOSTANDARD LVCMOS33 -VCCIO 3.3 -BUS_KEEPER PULLUP -DRIVE 4 -SLEW FAST
Executing : def_port SD_MOSI -LOC U14 -IOSTANDARD LVCMOS33 -VCCIO 3.3 -BUS_KEEPER PULLUP -DRIVE 4 -SLEW FAST successfully.
Executing : def_port SD_nCS -LOC V14 -IOSTANDARD LVCMOS33 -VCCIO 3.3 -BUS_KEEPER PULLUP -DRIVE 4 -SLEW FAST
Executing : def_port SD_nCS -LOC V14 -IOSTANDARD LVCMOS33 -VCCIO 3.3 -BUS_KEEPER PULLUP -DRIVE 4 -SLEW FAST successfully.
Executing : def_port TX -LOC C10 -IOSTANDARD LVCMOS33 -VCCIO 3.3 -BUS_KEEPER PULLUP -SLEW FAST
C: ConstraintEditor-2006: [C:/Users/1/Desktop/jc/SD_Int_5_23/pnr/device_map/m1_soc_top.pcf] Port TX lack of drive, output port and inout port had better set drive value, the default value is 4.
Executing : def_port TX -LOC C10 -IOSTANDARD LVCMOS33 -VCCIO 3.3 -BUS_KEEPER PULLUP -SLEW FAST successfully.
Executing : def_port cmos_xclk -LOC H13 -IOSTANDARD LVCMOS33 -VCCIO 3.3 -BUS_KEEPER PULLUP -DRIVE 4 -SLEW FAST -OPEN_DRAIN OFF
Executing : def_port cmos_xclk -LOC H13 -IOSTANDARD LVCMOS33 -VCCIO 3.3 -BUS_KEEPER PULLUP -DRIVE 4 -SLEW FAST -OPEN_DRAIN OFF successfully.
Executing : def_port l0_sgmii_clk_shft -LOC H17 -IOSTANDARD LVCMOS33 -VCCIO 3.3 -DRIVE 4 -SLEW FAST
Executing : def_port l0_sgmii_clk_shft -LOC H17 -IOSTANDARD LVCMOS33 -VCCIO 3.3 -DRIVE 4 -SLEW FAST successfully.
Executing : def_port {pad_addr_ch0[0]} -LOC M4 -IOSTANDARD SSTL15_I -VCCIO 1.5 -BUS_KEEPER UNUSED -DRIVE 7.5 -SLEW FAST
Executing : def_port {pad_addr_ch0[0]} -LOC M4 -IOSTANDARD SSTL15_I -VCCIO 1.5 -BUS_KEEPER UNUSED -DRIVE 7.5 -SLEW FAST successfully.
Executing : def_port {pad_addr_ch0[1]} -LOC M3 -IOSTANDARD SSTL15_I -VCCIO 1.5 -BUS_KEEPER UNUSED -DRIVE 7.5 -SLEW FAST
Executing : def_port {pad_addr_ch0[1]} -LOC M3 -IOSTANDARD SSTL15_I -VCCIO 1.5 -BUS_KEEPER UNUSED -DRIVE 7.5 -SLEW FAST successfully.
Executing : def_port {pad_addr_ch0[2]} -LOC P2 -IOSTANDARD SSTL15_I -VCCIO 1.5 -BUS_KEEPER UNUSED -DRIVE 7.5 -SLEW FAST
Executing : def_port {pad_addr_ch0[2]} -LOC P2 -IOSTANDARD SSTL15_I -VCCIO 1.5 -BUS_KEEPER UNUSED -DRIVE 7.5 -SLEW FAST successfully.
Executing : def_port {pad_addr_ch0[3]} -LOC P1 -IOSTANDARD SSTL15_I -VCCIO 1.5 -BUS_KEEPER UNUSED -DRIVE 7.5 -SLEW FAST
Executing : def_port {pad_addr_ch0[3]} -LOC P1 -IOSTANDARD SSTL15_I -VCCIO 1.5 -BUS_KEEPER UNUSED -DRIVE 7.5 -SLEW FAST successfully.
Executing : def_port {pad_addr_ch0[4]} -LOC L5 -IOSTANDARD SSTL15_I -VCCIO 1.5 -BUS_KEEPER UNUSED -DRIVE 7.5 -SLEW FAST
Executing : def_port {pad_addr_ch0[4]} -LOC L5 -IOSTANDARD SSTL15_I -VCCIO 1.5 -BUS_KEEPER UNUSED -DRIVE 7.5 -SLEW FAST successfully.
Executing : def_port {pad_addr_ch0[5]} -LOC M5 -IOSTANDARD SSTL15_I -VCCIO 1.5 -BUS_KEEPER UNUSED -DRIVE 7.5 -SLEW FAST
Executing : def_port {pad_addr_ch0[5]} -LOC M5 -IOSTANDARD SSTL15_I -VCCIO 1.5 -BUS_KEEPER UNUSED -DRIVE 7.5 -SLEW FAST successfully.
Executing : def_port {pad_addr_ch0[6]} -LOC N2 -IOSTANDARD SSTL15_I -VCCIO 1.5 -BUS_KEEPER UNUSED -DRIVE 7.5 -SLEW FAST
Executing : def_port {pad_addr_ch0[6]} -LOC N2 -IOSTANDARD SSTL15_I -VCCIO 1.5 -BUS_KEEPER UNUSED -DRIVE 7.5 -SLEW FAST successfully.
Executing : def_port {pad_addr_ch0[7]} -LOC N1 -IOSTANDARD SSTL15_I -VCCIO 1.5 -BUS_KEEPER UNUSED -DRIVE 7.5 -SLEW FAST
Executing : def_port {pad_addr_ch0[7]} -LOC N1 -IOSTANDARD SSTL15_I -VCCIO 1.5 -BUS_KEEPER UNUSED -DRIVE 7.5 -SLEW FAST successfully.
Executing : def_port {pad_addr_ch0[8]} -LOC K4 -IOSTANDARD SSTL15_I -VCCIO 1.5 -BUS_KEEPER UNUSED -DRIVE 7.5 -SLEW FAST
Executing : def_port {pad_addr_ch0[8]} -LOC K4 -IOSTANDARD SSTL15_I -VCCIO 1.5 -BUS_KEEPER UNUSED -DRIVE 7.5 -SLEW FAST successfully.
Executing : def_port {pad_addr_ch0[9]} -LOC M1 -IOSTANDARD SSTL15_I -VCCIO 1.5 -BUS_KEEPER UNUSED -DRIVE 7.5 -SLEW FAST
Executing : def_port {pad_addr_ch0[9]} -LOC M1 -IOSTANDARD SSTL15_I -VCCIO 1.5 -BUS_KEEPER UNUSED -DRIVE 7.5 -SLEW FAST successfully.
Executing : def_port {pad_addr_ch0[10]} -LOC M6 -IOSTANDARD SSTL15_I -VCCIO 1.5 -BUS_KEEPER UNUSED -DRIVE 7.5 -SLEW FAST
Executing : def_port {pad_addr_ch0[10]} -LOC M6 -IOSTANDARD SSTL15_I -VCCIO 1.5 -BUS_KEEPER UNUSED -DRIVE 7.5 -SLEW FAST successfully.
Executing : def_port {pad_addr_ch0[11]} -LOC L1 -IOSTANDARD SSTL15_I -VCCIO 1.5 -BUS_KEEPER UNUSED -DRIVE 7.5 -SLEW FAST
Executing : def_port {pad_addr_ch0[11]} -LOC L1 -IOSTANDARD SSTL15_I -VCCIO 1.5 -BUS_KEEPER UNUSED -DRIVE 7.5 -SLEW FAST successfully.
Executing : def_port {pad_addr_ch0[12]} -LOC K2 -IOSTANDARD SSTL15_I -VCCIO 1.5 -BUS_KEEPER UNUSED -DRIVE 7.5 -SLEW FAST
Executing : def_port {pad_addr_ch0[12]} -LOC K2 -IOSTANDARD SSTL15_I -VCCIO 1.5 -BUS_KEEPER UNUSED -DRIVE 7.5 -SLEW FAST successfully.
Executing : def_port {pad_addr_ch0[13]} -LOC K1 -IOSTANDARD SSTL15_I -VCCIO 1.5 -BUS_KEEPER UNUSED -DRIVE 7.5 -SLEW FAST
Executing : def_port {pad_addr_ch0[13]} -LOC K1 -IOSTANDARD SSTL15_I -VCCIO 1.5 -BUS_KEEPER UNUSED -DRIVE 7.5 -SLEW FAST successfully.
Executing : def_port {pad_addr_ch0[14]} -LOC J2 -IOSTANDARD SSTL15_I -VCCIO 1.5 -BUS_KEEPER UNUSED -DRIVE 7.5 -SLEW FAST
Executing : def_port {pad_addr_ch0[14]} -LOC J2 -IOSTANDARD SSTL15_I -VCCIO 1.5 -BUS_KEEPER UNUSED -DRIVE 7.5 -SLEW FAST successfully.
Executing : def_port {pad_addr_ch0[15]} -LOC J1 -IOSTANDARD SSTL15_I -VCCIO 1.5 -BUS_KEEPER UNUSED -DRIVE 7.5 -SLEW FAST
Executing : def_port {pad_addr_ch0[15]} -LOC J1 -IOSTANDARD SSTL15_I -VCCIO 1.5 -BUS_KEEPER UNUSED -DRIVE 7.5 -SLEW FAST successfully.
Executing : def_port {pad_ba_ch0[0]} -LOC U2 -IOSTANDARD SSTL15_I -VCCIO 1.5 -BUS_KEEPER UNUSED -DRIVE 7.5 -SLEW FAST
Executing : def_port {pad_ba_ch0[0]} -LOC U2 -IOSTANDARD SSTL15_I -VCCIO 1.5 -BUS_KEEPER UNUSED -DRIVE 7.5 -SLEW FAST successfully.
Executing : def_port {pad_ba_ch0[1]} -LOC U1 -IOSTANDARD SSTL15_I -VCCIO 1.5 -BUS_KEEPER UNUSED -DRIVE 7.5 -SLEW FAST
Executing : def_port {pad_ba_ch0[1]} -LOC U1 -IOSTANDARD SSTL15_I -VCCIO 1.5 -BUS_KEEPER UNUSED -DRIVE 7.5 -SLEW FAST successfully.
Executing : def_port {pad_ba_ch0[2]} -LOC T2 -IOSTANDARD SSTL15_I -VCCIO 1.5 -BUS_KEEPER UNUSED -DRIVE 7.5 -SLEW FAST
Executing : def_port {pad_ba_ch0[2]} -LOC T2 -IOSTANDARD SSTL15_I -VCCIO 1.5 -BUS_KEEPER UNUSED -DRIVE 7.5 -SLEW FAST successfully.
Executing : def_port pad_casn_ch0 -LOC T1 -IOSTANDARD SSTL15_I -VCCIO 1.5 -BUS_KEEPER UNUSED -DRIVE 7.5 -SLEW FAST
Executing : def_port pad_casn_ch0 -LOC T1 -IOSTANDARD SSTL15_I -VCCIO 1.5 -BUS_KEEPER UNUSED -DRIVE 7.5 -SLEW FAST successfully.
Executing : def_port pad_cke_ch0 -LOC L4 -IOSTANDARD SSTL15_I -VCCIO 1.5 -BUS_KEEPER UNUSED -DRIVE 7.5 -SLEW FAST
Executing : def_port pad_cke_ch0 -LOC L4 -IOSTANDARD SSTL15_I -VCCIO 1.5 -BUS_KEEPER UNUSED -DRIVE 7.5 -SLEW FAST successfully.
Executing : def_port pad_csn_ch0 -LOC R1 -IOSTANDARD SSTL15_I -VCCIO 1.5 -BUS_KEEPER UNUSED -DRIVE 7.5 -SLEW FAST
Executing : def_port pad_csn_ch0 -LOC R1 -IOSTANDARD SSTL15_I -VCCIO 1.5 -BUS_KEEPER UNUSED -DRIVE 7.5 -SLEW FAST successfully.
Executing : def_port pad_ddr_clk_w -LOC U3 -IOSTANDARD SSTL15D_I -VCCIO 1.5 -BUS_KEEPER UNUSED -DRIVE 7.5 -SLEW FAST
Executing : def_port pad_ddr_clk_w -LOC U3 -IOSTANDARD SSTL15D_I -VCCIO 1.5 -BUS_KEEPER UNUSED -DRIVE 7.5 -SLEW FAST successfully.
Executing : def_port pad_ddr_clkn_w -LOC V3 -IOSTANDARD SSTL15D_I -VCCIO 1.5 -BUS_KEEPER UNUSED -DRIVE 7.5 -SLEW FAST
Executing : def_port pad_ddr_clkn_w -LOC V3 -IOSTANDARD SSTL15D_I -VCCIO 1.5 -BUS_KEEPER UNUSED -DRIVE 7.5 -SLEW FAST successfully.
Executing : def_port {pad_dm_rdqs_ch0[0]} -LOC R8 -IOSTANDARD SSTL15_I -VCCIO 1.5 -BUS_KEEPER UNUSED -DRIVE 7.5 -SLEW FAST
Executing : def_port {pad_dm_rdqs_ch0[0]} -LOC R8 -IOSTANDARD SSTL15_I -VCCIO 1.5 -BUS_KEEPER UNUSED -DRIVE 7.5 -SLEW FAST successfully.
Executing : def_port {pad_dm_rdqs_ch0[1]} -LOC U5 -IOSTANDARD SSTL15_I -VCCIO 1.5 -BUS_KEEPER UNUSED -DRIVE 7.5 -SLEW FAST
Executing : def_port {pad_dm_rdqs_ch0[1]} -LOC U5 -IOSTANDARD SSTL15_I -VCCIO 1.5 -BUS_KEEPER UNUSED -DRIVE 7.5 -SLEW FAST successfully.
Executing : def_port pad_loop_out -LOC P8 -IOSTANDARD SSTL15_I -VCCIO 1.5 -BUS_KEEPER UNUSED -DRIVE 7.5 -SLEW FAST
Executing : def_port pad_loop_out -LOC P8 -IOSTANDARD SSTL15_I -VCCIO 1.5 -BUS_KEEPER UNUSED -DRIVE 7.5 -SLEW FAST successfully.
Executing : def_port pad_loop_out_h -LOC U4 -IOSTANDARD SSTL15_I -VCCIO 1.5 -BUS_KEEPER UNUSED -DRIVE 7.5 -SLEW FAST
Executing : def_port pad_loop_out_h -LOC U4 -IOSTANDARD SSTL15_I -VCCIO 1.5 -BUS_KEEPER UNUSED -DRIVE 7.5 -SLEW FAST successfully.
Executing : def_port pad_odt_ch0 -LOC V2 -IOSTANDARD SSTL15_I -VCCIO 1.5 -BUS_KEEPER UNUSED -DRIVE 7.5 -SLEW FAST
Executing : def_port pad_odt_ch0 -LOC V2 -IOSTANDARD SSTL15_I -VCCIO 1.5 -BUS_KEEPER UNUSED -DRIVE 7.5 -SLEW FAST successfully.
Executing : def_port pad_rasn_ch0 -LOC R2 -IOSTANDARD SSTL15_I -VCCIO 1.5 -BUS_KEEPER UNUSED -DRIVE 7.5 -SLEW FAST
Executing : def_port pad_rasn_ch0 -LOC R2 -IOSTANDARD SSTL15_I -VCCIO 1.5 -BUS_KEEPER UNUSED -DRIVE 7.5 -SLEW FAST successfully.
Executing : def_port pad_rstn_ch0 -LOC M2 -IOSTANDARD SSTL15_I -VCCIO 1.5 -BUS_KEEPER UNUSED -DRIVE 7.5 -SLEW FAST
Executing : def_port pad_rstn_ch0 -LOC M2 -IOSTANDARD SSTL15_I -VCCIO 1.5 -BUS_KEEPER UNUSED -DRIVE 7.5 -SLEW FAST successfully.
Executing : def_port pad_wen_ch0 -LOC V1 -IOSTANDARD SSTL15_I -VCCIO 1.5 -BUS_KEEPER UNUSED -DRIVE 7.5 -SLEW FAST
Executing : def_port pad_wen_ch0 -LOC V1 -IOSTANDARD SSTL15_I -VCCIO 1.5 -BUS_KEEPER UNUSED -DRIVE 7.5 -SLEW FAST successfully.
Executing : def_port phy_tx_en -LOC G18 -IOSTANDARD LVCMOS33 -VCCIO 3.3 -BUS_KEEPER PULLUP -DRIVE 8 -SLEW FAST -OPEN_DRAIN OFF
Executing : def_port phy_tx_en -LOC G18 -IOSTANDARD LVCMOS33 -VCCIO 3.3 -BUS_KEEPER PULLUP -DRIVE 8 -SLEW FAST -OPEN_DRAIN OFF successfully.
Executing : def_port phy_txd0 -LOC G17 -IOSTANDARD LVCMOS33 -VCCIO 3.3 -BUS_KEEPER PULLUP -DRIVE 8 -SLEW FAST -OPEN_DRAIN OFF
Executing : def_port phy_txd0 -LOC G17 -IOSTANDARD LVCMOS33 -VCCIO 3.3 -BUS_KEEPER PULLUP -DRIVE 8 -SLEW FAST -OPEN_DRAIN OFF successfully.
Executing : def_port phy_txd1 -LOC F18 -IOSTANDARD LVCMOS33 -VCCIO 3.3 -BUS_KEEPER PULLUP -DRIVE 8 -SLEW FAST -OPEN_DRAIN OFF
Executing : def_port phy_txd1 -LOC F18 -IOSTANDARD LVCMOS33 -VCCIO 3.3 -BUS_KEEPER PULLUP -DRIVE 8 -SLEW FAST -OPEN_DRAIN OFF successfully.
Executing : def_port phy_txd2 -LOC F17 -IOSTANDARD LVCMOS33 -VCCIO 3.3 -BUS_KEEPER PULLUP -DRIVE 8 -SLEW FAST -OPEN_DRAIN OFF
Executing : def_port phy_txd2 -LOC F17 -IOSTANDARD LVCMOS33 -VCCIO 3.3 -BUS_KEEPER PULLUP -DRIVE 8 -SLEW FAST -OPEN_DRAIN OFF successfully.
Executing : def_port phy_txd3 -LOC G16 -IOSTANDARD LVCMOS33 -VCCIO 3.3 -BUS_KEEPER PULLUP -DRIVE 8 -SLEW FAST -OPEN_DRAIN OFF
Executing : def_port phy_txd3 -LOC G16 -IOSTANDARD LVCMOS33 -VCCIO 3.3 -BUS_KEEPER PULLUP -DRIVE 8 -SLEW FAST -OPEN_DRAIN OFF successfully.
Executing : def_port spi0_clk -LOC C9 -IOSTANDARD LVCMOS33 -VCCIO 3.3 -BUS_KEEPER NONE -DRIVE 4
C: ConstraintEditor-2007: [C:/Users/1/Desktop/jc/SD_Int_5_23/pnr/device_map/m1_soc_top.pcf] Port spi0_clk lack of slew, output port and inout port had better set slew value, the default value is SLOW.
Executing : def_port spi0_clk -LOC C9 -IOSTANDARD LVCMOS33 -VCCIO 3.3 -BUS_KEEPER NONE -DRIVE 4 successfully.
Executing : def_port spi0_cs -LOC B8 -IOSTANDARD LVCMOS33 -VCCIO 3.3 -BUS_KEEPER PULLUP -DRIVE 4
C: ConstraintEditor-2007: [C:/Users/1/Desktop/jc/SD_Int_5_23/pnr/device_map/m1_soc_top.pcf] Port spi0_cs lack of slew, output port and inout port had better set slew value, the default value is SLOW.
Executing : def_port spi0_cs -LOC B8 -IOSTANDARD LVCMOS33 -VCCIO 3.3 -BUS_KEEPER PULLUP -DRIVE 4 successfully.
Executing : def_port spi0_mosi -LOC B4 -IOSTANDARD LVCMOS33 -VCCIO 3.3 -BUS_KEEPER PULLUP -DRIVE 4
C: ConstraintEditor-2007: [C:/Users/1/Desktop/jc/SD_Int_5_23/pnr/device_map/m1_soc_top.pcf] Port spi0_mosi lack of slew, output port and inout port had better set slew value, the default value is SLOW.
Executing : def_port spi0_mosi -LOC B4 -IOSTANDARD LVCMOS33 -VCCIO 3.3 -BUS_KEEPER PULLUP -DRIVE 4 successfully.
Executing : def_port RX -LOC A12 -IOSTANDARD LVCMOS33 -VCCIO 3.3 -BUS_KEEPER PULLUP
C: ConstraintEditor-2002: [C:/Users/1/Desktop/jc/SD_Int_5_23/pnr/device_map/m1_soc_top.pcf(line number: 75)] | Port RX has been placed at location A12, whose type is share pin.
Executing : def_port RX -LOC A12 -IOSTANDARD LVCMOS33 -VCCIO 3.3 -BUS_KEEPER PULLUP successfully.
Executing : def_port SD_MISO -LOC U13 -IOSTANDARD LVTTL33 -VCCIO 3.3 -BUS_KEEPER PULLUP
Executing : def_port SD_MISO -LOC U13 -IOSTANDARD LVTTL33 -VCCIO 3.3 -BUS_KEEPER PULLUP successfully.
Executing : def_port {cmos_db[0]} -LOC E18 -IOSTANDARD LVCMOS33 -VCCIO 3.3 -HYS_DRIVE_MODE NOHYS -BUS_KEEPER PULLUP
C: ConstraintEditor-2002: [C:/Users/1/Desktop/jc/SD_Int_5_23/pnr/device_map/m1_soc_top.pcf(line number: 77)] | Port cmos_db[0] has been placed at location E18, whose type is share pin.
Executing : def_port {cmos_db[0]} -LOC E18 -IOSTANDARD LVCMOS33 -VCCIO 3.3 -HYS_DRIVE_MODE NOHYS -BUS_KEEPER PULLUP successfully.
Executing : def_port {cmos_db[1]} -LOC D18 -IOSTANDARD LVCMOS33 -VCCIO 3.3 -HYS_DRIVE_MODE NOHYS -BUS_KEEPER PULLUP
C: ConstraintEditor-2002: [C:/Users/1/Desktop/jc/SD_Int_5_23/pnr/device_map/m1_soc_top.pcf(line number: 78)] | Port cmos_db[1] has been placed at location D18, whose type is share pin.
Executing : def_port {cmos_db[1]} -LOC D18 -IOSTANDARD LVCMOS33 -VCCIO 3.3 -HYS_DRIVE_MODE NOHYS -BUS_KEEPER PULLUP successfully.
Executing : def_port {cmos_db[2]} -LOC F14 -IOSTANDARD LVCMOS33 -VCCIO 3.3 -HYS_DRIVE_MODE NOHYS -BUS_KEEPER PULLUP
C: ConstraintEditor-2002: [C:/Users/1/Desktop/jc/SD_Int_5_23/pnr/device_map/m1_soc_top.pcf(line number: 79)] | Port cmos_db[2] has been placed at location F14, whose type is share pin.
Executing : def_port {cmos_db[2]} -LOC F14 -IOSTANDARD LVCMOS33 -VCCIO 3.3 -HYS_DRIVE_MODE NOHYS -BUS_KEEPER PULLUP successfully.
Executing : def_port {cmos_db[3]} -LOC F13 -IOSTANDARD LVCMOS33 -VCCIO 3.3 -HYS_DRIVE_MODE NOHYS -BUS_KEEPER PULLUP
Executing : def_port {cmos_db[3]} -LOC F13 -IOSTANDARD LVCMOS33 -VCCIO 3.3 -HYS_DRIVE_MODE NOHYS -BUS_KEEPER PULLUP successfully.
Executing : def_port {cmos_db[4]} -LOC E17 -IOSTANDARD LVCMOS33 -VCCIO 3.3 -HYS_DRIVE_MODE NOHYS -BUS_KEEPER PULLUP
C: ConstraintEditor-2002: [C:/Users/1/Desktop/jc/SD_Int_5_23/pnr/device_map/m1_soc_top.pcf(line number: 81)] | Port cmos_db[4] has been placed at location E17, whose type is share pin.
Executing : def_port {cmos_db[4]} -LOC E17 -IOSTANDARD LVCMOS33 -VCCIO 3.3 -HYS_DRIVE_MODE NOHYS -BUS_KEEPER PULLUP successfully.
Executing : def_port {cmos_db[5]} -LOC D17 -IOSTANDARD LVCMOS33 -VCCIO 3.3 -HYS_DRIVE_MODE NOHYS -BUS_KEEPER PULLUP
C: ConstraintEditor-2002: [C:/Users/1/Desktop/jc/SD_Int_5_23/pnr/device_map/m1_soc_top.pcf(line number: 82)] | Port cmos_db[5] has been placed at location D17, whose type is share pin.
Executing : def_port {cmos_db[5]} -LOC D17 -IOSTANDARD LVCMOS33 -VCCIO 3.3 -HYS_DRIVE_MODE NOHYS -BUS_KEEPER PULLUP successfully.
Executing : def_port {cmos_db[6]} -LOC G14 -IOSTANDARD LVCMOS33 -VCCIO 3.3 -HYS_DRIVE_MODE NOHYS -BUS_KEEPER PULLUP
C: ConstraintEditor-2002: [C:/Users/1/Desktop/jc/SD_Int_5_23/pnr/device_map/m1_soc_top.pcf(line number: 83)] | Port cmos_db[6] has been placed at location G14, whose type is share pin.
Executing : def_port {cmos_db[6]} -LOC G14 -IOSTANDARD LVCMOS33 -VCCIO 3.3 -HYS_DRIVE_MODE NOHYS -BUS_KEEPER PULLUP successfully.
Executing : def_port {cmos_db[7]} -LOC G13 -IOSTANDARD LVCMOS33 -VCCIO 3.3 -HYS_DRIVE_MODE NOHYS -BUS_KEEPER PULLUP
C: ConstraintEditor-2002: [C:/Users/1/Desktop/jc/SD_Int_5_23/pnr/device_map/m1_soc_top.pcf(line number: 84)] | Port cmos_db[7] has been placed at location G13, whose type is share pin.
Executing : def_port {cmos_db[7]} -LOC G13 -IOSTANDARD LVCMOS33 -VCCIO 3.3 -HYS_DRIVE_MODE NOHYS -BUS_KEEPER PULLUP successfully.
Executing : def_port cmos_href -LOC H14 -IOSTANDARD LVCMOS33 -VCCIO 3.3 -HYS_DRIVE_MODE NOHYS -BUS_KEEPER PULLUP
C: ConstraintEditor-2002: [C:/Users/1/Desktop/jc/SD_Int_5_23/pnr/device_map/m1_soc_top.pcf(line number: 85)] | Port cmos_href has been placed at location H14, whose type is share pin.
Executing : def_port cmos_href -LOC H14 -IOSTANDARD LVCMOS33 -VCCIO 3.3 -HYS_DRIVE_MODE NOHYS -BUS_KEEPER PULLUP successfully.
Executing : def_port cmos_pclk -LOC J17 -IOSTANDARD LVCMOS33 -VCCIO 3.3 -HYS_DRIVE_MODE NOHYS -BUS_KEEPER PULLUP
Executing : def_port cmos_pclk -LOC J17 -IOSTANDARD LVCMOS33 -VCCIO 3.3 -HYS_DRIVE_MODE NOHYS -BUS_KEEPER PULLUP successfully.
Executing : def_port cmos_vsync -LOC J18 -IOSTANDARD LVCMOS33 -VCCIO 3.3 -HYS_DRIVE_MODE NOHYS -BUS_KEEPER PULLUP
Executing : def_port cmos_vsync -LOC J18 -IOSTANDARD LVCMOS33 -VCCIO 3.3 -HYS_DRIVE_MODE NOHYS -BUS_KEEPER PULLUP successfully.
Executing : def_port ex_clk_50m -LOC B5 -IOSTANDARD LVCMOS33 -VCCIO 3.3 -HYS_DRIVE_MODE NOHYS -BUS_KEEPER PULLUP
Executing : def_port ex_clk_50m -LOC B5 -IOSTANDARD LVCMOS33 -VCCIO 3.3 -HYS_DRIVE_MODE NOHYS -BUS_KEEPER PULLUP successfully.
Executing : def_port gpio_in0 -LOC P17 -IOSTANDARD LVCMOS33 -VCCIO 3.3 -BUS_KEEPER NONE
Executing : def_port gpio_in0 -LOC P17 -IOSTANDARD LVCMOS33 -VCCIO 3.3 -BUS_KEEPER NONE successfully.
Executing : def_port pad_loop_in -LOC P7 -IOSTANDARD SSTL15_I -VCCIO 1.5 -BUS_KEEPER UNUSED -VREF_MODE IN -VREF_MODE_VALUE 0.5 -DDR_TERM_MODE ON
Executing : def_port pad_loop_in -LOC P7 -IOSTANDARD SSTL15_I -VCCIO 1.5 -BUS_KEEPER UNUSED -VREF_MODE IN -VREF_MODE_VALUE 0.5 -DDR_TERM_MODE ON successfully.
Executing : def_port pad_loop_in_h -LOC V4 -IOSTANDARD SSTL15_I -VCCIO 1.5 -BUS_KEEPER UNUSED -VREF_MODE IN -VREF_MODE_VALUE 0.5 -DDR_TERM_MODE ON
Executing : def_port pad_loop_in_h -LOC V4 -IOSTANDARD SSTL15_I -VCCIO 1.5 -BUS_KEEPER UNUSED -VREF_MODE IN -VREF_MODE_VALUE 0.5 -DDR_TERM_MODE ON successfully.
Executing : def_port phy_rx_dv -LOC L16 -IOSTANDARD LVCMOS33 -VCCIO 3.3 -HYS_DRIVE_MODE NOHYS -BUS_KEEPER PULLUP
Executing : def_port phy_rx_dv -LOC L16 -IOSTANDARD LVCMOS33 -VCCIO 3.3 -HYS_DRIVE_MODE NOHYS -BUS_KEEPER PULLUP successfully.
Executing : def_port phy_rxd0 -LOC M16 -IOSTANDARD LVCMOS33 -VCCIO 3.3 -HYS_DRIVE_MODE NOHYS -BUS_KEEPER PULLUP
Executing : def_port phy_rxd0 -LOC M16 -IOSTANDARD LVCMOS33 -VCCIO 3.3 -HYS_DRIVE_MODE NOHYS -BUS_KEEPER PULLUP successfully.
Executing : def_port phy_rxd1 -LOC M18 -IOSTANDARD LVCMOS33 -VCCIO 3.3 -HYS_DRIVE_MODE NOHYS -BUS_KEEPER PULLUP
Executing : def_port phy_rxd1 -LOC M18 -IOSTANDARD LVCMOS33 -VCCIO 3.3 -HYS_DRIVE_MODE NOHYS -BUS_KEEPER PULLUP successfully.
Executing : def_port phy_rxd2 -LOC K18 -IOSTANDARD LVCMOS33 -VCCIO 3.3 -HYS_DRIVE_MODE NOHYS -BUS_KEEPER PULLUP
Executing : def_port phy_rxd2 -LOC K18 -IOSTANDARD LVCMOS33 -VCCIO 3.3 -HYS_DRIVE_MODE NOHYS -BUS_KEEPER PULLUP successfully.
Executing : def_port phy_rxd3 -LOC K17 -IOSTANDARD LVCMOS33 -VCCIO 3.3 -HYS_DRIVE_MODE NOHYS -BUS_KEEPER PULLUP
Executing : def_port phy_rxd3 -LOC K17 -IOSTANDARD LVCMOS33 -VCCIO 3.3 -HYS_DRIVE_MODE NOHYS -BUS_KEEPER PULLUP successfully.
Executing : def_port rst_key -LOC V12 -IOSTANDARD LVCMOS33 -VCCIO 3.3 -HYS_DRIVE_MODE NOHYS -BUS_KEEPER PULLUP
Executing : def_port rst_key -LOC V12 -IOSTANDARD LVCMOS33 -VCCIO 3.3 -HYS_DRIVE_MODE NOHYS -BUS_KEEPER PULLUP successfully.
Executing : def_port rx_clki -LOC H18 -IOSTANDARD LVCMOS33 -VCCIO 3.3 -HYS_DRIVE_MODE NOHYS -BUS_KEEPER PULLUP
Executing : def_port rx_clki -LOC H18 -IOSTANDARD LVCMOS33 -VCCIO 3.3 -HYS_DRIVE_MODE NOHYS -BUS_KEEPER PULLUP successfully.
Executing : def_port spi0_miso -LOC A4 -IOSTANDARD LVCMOS33 -VCCIO 3.3 -BUS_KEEPER PULLUP
C: ConstraintEditor-2002: [C:/Users/1/Desktop/jc/SD_Int_5_23/pnr/device_map/m1_soc_top.pcf(line number: 99)] | Port spi0_miso has been placed at location A4, whose type is share pin.
Executing : def_port spi0_miso -LOC A4 -IOSTANDARD LVCMOS33 -VCCIO 3.3 -BUS_KEEPER PULLUP successfully.
Executing : def_inst_site u_DDR3/u_pll_50_400/u_pll_e1/goppll PLL_82_71
Executing : def_inst_site u_DDR3/u_pll_50_400/u_pll_e1/goppll PLL_82_71 successfully.
Executing : apply_constraint -f C:/Users/1/Desktop/jc/SD_Int_5_23/pnr/device_map/m1_soc_top.pcf successfully.

Placement started.
Mapping instance u_DDR3/u_ipsl_hmic_h_phy_top/u_phy_io/u_gtp_ddrphy/gateop_DDRC to HMEMC_16_1.
Mapping instance u_DDR3/u_ipsl_hmic_h_phy_top/u_phy_io/dqs2_dut/opit_0 to DQSL_6_96.
Mapping instance u_DDR3/u_ipsl_hmic_h_phy_top/u_phy_io/dqs0_dut/opit_0 to DQSL_6_24.
Mapping instance u_DDR3/u_ipsl_hmic_h_phy_top/u_phy_io/dll_hmemc_dut/gopdll to DLL_7_59.
Mapping instance u_DDR3/u_ipsl_hmic_h_phy_top/u_phy_io/dqs1_dut/opit_0 to DQSL_6_52.
Mapping instance u_DDR3/u_ipsl_hmic_h_phy_top/u_phy_io/dqs3_dut/opit_0 to DQSL_6_148.
Mapping instance u_DDR3/u_ipsl_hmic_h_phy_top/u_phy_io/dqs4_dut/opit_0 to DQSL_6_176.
Mapping instance u_DDR3/u_ipsl_hmic_h_phy_top/u_phy_io/ioclkdiv_dut/gopclkdiv to IOCKDIV_6_64.
Mapping instance u_GTP_IOCLKDELAY/opit_0 to IOCKDLY_150_185.
Mapping instance cmos_PLL/u_pll_e1/goppll to PLL_82_319.
Mapping instance u_DDR3/u_ipsl_hmic_h_phy_top/u_phy_io/ioclkbuf01_dut/gopclkgate to IOCKGATE_6_56.
Mapping instance u_DDR3/u_ipsl_hmic_h_phy_top/u_phy_io/ioclkbuf02_dut/gopclkgate to IOCKGATE_6_181.
Mapping instance clkbufg_2/gopclkbufg to USCM_74_104.
Mapping instance u_GTP_CLKBUFG/gopclkbufg to USCM_74_105.
Mapping instance clkbufg_1/gopclkbufg to USCM_74_106.
Mapping instance clkbufg_0/gopclkbufg to USCM_74_107.
Mapping instance cmos_pclkbufg/gopclkbufg to USCM_74_108.
Mapping instance u_cmos_xclk/gopclkbufg to USCM_74_109.
Pre global placement takes 26.86 sec.
Run super clustering :
	Initial slack -6235.
	9 iterations finished.
	Final slack -1067.
Super clustering done.
Design Utilization : 53%.
Global placement takes 24.56 sec.
Wirelength after global placement is 126261.
Placed fixed group with base inst LED_obuf[0]/opit_1 on IOL_151_114.
Placed fixed group with base inst LED_obuf[1]/opit_1 on IOL_151_113.
Placed fixed group with base inst LED_obuf[2]/opit_1 on IOL_151_102.
Placed fixed group with base inst LED_obuf[3]/opit_1 on IOL_151_101.
Placed fixed group with base inst RX_ibuf/opit_1 on IOL_151_333.
Placed fixed group with base inst SD_DCLK_obuf/opit_1 on IOL_151_109.
Placed fixed group with base inst SD_MISO_ibuf/opit_1 on IOL_151_110.
Placed fixed group with base inst SD_MOSI_obuf/opit_1 on IOL_151_38.
Placed fixed group with base inst SD_nCS_obuf/opit_1 on IOL_151_37.
Placed fixed group with base inst TX_obuf/opit_1 on IOL_151_361.
Placed fixed instance clkbufg_0/gopclkbufg on USCM_74_107.
Placed fixed instance clkbufg_1/gopclkbufg on USCM_74_106.
Placed fixed instance clkbufg_2/gopclkbufg on USCM_74_104.
Placed fixed instance cmos_PLL/u_pll_e1/goppll on PLL_82_319.
Placed fixed group with base inst cmos_db_ibuf[0]/opit_1 on IOL_151_254.
Placed fixed group with base inst cmos_db_ibuf[1]/opit_1 on IOL_151_258.
Placed fixed group with base inst cmos_db_ibuf[2]/opit_1 on IOL_151_242.
Placed fixed group with base inst cmos_db_ibuf[3]/opit_1 on IOL_151_241.
Placed fixed group with base inst cmos_db_ibuf[4]/opit_1 on IOL_151_253.
Placed fixed group with base inst cmos_db_ibuf[5]/opit_1 on IOL_151_257.
Placed fixed group with base inst cmos_db_ibuf[6]/opit_1 on IOL_151_234.
Placed fixed group with base inst cmos_db_ibuf[7]/opit_1 on IOL_151_233.
Placed fixed group with base inst cmos_href_ibuf/opit_1 on IOL_151_226.
Placed fixed group with base inst cmos_pclk_ibuf/opit_1 on IOL_151_173.
Placed fixed instance cmos_pclkbufg/gopclkbufg on USCM_74_108.
Placed fixed group with base inst cmos_vsync_ibuf/opit_1 on IOL_151_174.
Placed fixed group with base inst cmos_xclk_obuf/opit_1 on IOL_151_225.
Placed fixed group with base inst ex_clk_50m_ibuf/opit_1 on IOL_7_298.
Placed fixed group with base inst gpio_in0_ibuf/opit_1 on IOL_151_46.
Placed fixed group with base inst i2c0_sck_tri/opit_1 on IOL_151_209.
Placed fixed group with base inst i2c0_sda_tri/opit_1 on IOL_151_210.
Placed fixed group with base inst rst_key_ibuf/opit_1 on IOL_151_105.
Placed fixed group with base inst rx_clki_ibuf/opit_1 on IOL_151_198.
Placed fixed group with base inst spi0_clk_obuf/opit_1 on IOL_7_353.
Placed fixed group with base inst spi0_cs_obuf/opit_1 on IOL_7_350.
Placed fixed group with base inst spi0_miso_ibuf/opit_1 on IOL_7_289.
Placed fixed group with base inst spi0_mosi_obuf/opit_1 on IOL_7_290.
Placed fixed instance u_DDR3/u_ipsl_hmic_h_phy_top/u_phy_io/dll_hmemc_dut/gopdll on DLL_7_59.
Placed fixed instance u_DDR3/u_ipsl_hmic_h_phy_top/u_phy_io/dqs0_dut/opit_0 on DQSL_6_24.
Placed fixed instance u_DDR3/u_ipsl_hmic_h_phy_top/u_phy_io/dqs1_dut/opit_0 on DQSL_6_52.
Placed fixed instance u_DDR3/u_ipsl_hmic_h_phy_top/u_phy_io/dqs2_dut/opit_0 on DQSL_6_96.
Placed fixed instance u_DDR3/u_ipsl_hmic_h_phy_top/u_phy_io/dqs3_dut/opit_0 on DQSL_6_148.
Placed fixed instance u_DDR3/u_ipsl_hmic_h_phy_top/u_phy_io/dqs4_dut/opit_0 on DQSL_6_176.
Placed fixed group with base inst u_DDR3/u_ipsl_hmic_h_phy_top/u_phy_io/genblk2.iob_08_09_dut/opit_2_O on IOL_7_22.
Placed fixed group with base inst u_DDR3/u_ipsl_hmic_h_phy_top/u_phy_io/genblk3.iob_30_31_dut/opit_2_O on IOL_7_102.
Placed fixed group with base inst u_DDR3/u_ipsl_hmic_h_phy_top/u_phy_io/iob_00_dut/opit_0_iol on IOL_7_5.
Placed fixed group with base inst u_DDR3/u_ipsl_hmic_h_phy_top/u_phy_io/iob_01_dut/opit_1 on IOL_7_6.
Placed fixed group with base inst u_DDR3/u_ipsl_hmic_h_phy_top/u_phy_io/iob_02_dut/opit_1_IOL on IOL_7_9.
Placed fixed group with base inst u_DDR3/u_ipsl_hmic_h_phy_top/u_phy_io/iob_16_17_dut/opit_3_IOL on IOL_7_46.
Placed fixed group with base inst u_DDR3/u_ipsl_hmic_h_phy_top/u_phy_io/iob_18_dut/opit_1_IOL on IOL_7_49.
Placed fixed group with base inst u_DDR3/u_ipsl_hmic_h_phy_top/u_phy_io/iob_19_dut/opit_1_IOL on IOL_7_50.
Placed fixed group with base inst u_DDR3/u_ipsl_hmic_h_phy_top/u_phy_io/iob_20_dut/opit_1_IOL on IOL_7_73.
Placed fixed group with base inst u_DDR3/u_ipsl_hmic_h_phy_top/u_phy_io/iob_21_dut/opit_1_IOL on IOL_7_74.
Placed fixed group with base inst u_DDR3/u_ipsl_hmic_h_phy_top/u_phy_io/iob_22_dut/opit_1_IOL on IOL_7_77.
Placed fixed group with base inst u_DDR3/u_ipsl_hmic_h_phy_top/u_phy_io/iob_23_dut/opit_1_IOL on IOL_7_78.
Placed fixed group with base inst u_DDR3/u_ipsl_hmic_h_phy_top/u_phy_io/iob_24_dut/opit_1_IOL on IOL_7_81.
Placed fixed group with base inst u_DDR3/u_ipsl_hmic_h_phy_top/u_phy_io/iob_25_dut/opit_1_IOL on IOL_7_82.
Placed fixed group with base inst u_DDR3/u_ipsl_hmic_h_phy_top/u_phy_io/iob_37_dut/opit_1_IOL on IOL_7_114.
Placed fixed group with base inst u_DDR3/u_ipsl_hmic_h_phy_top/u_phy_io/iob_38_dut/opit_0_iol on IOL_7_117.
Placed fixed group with base inst u_DDR3/u_ipsl_hmic_h_phy_top/u_phy_io/iob_39_dut/opit_1 on IOL_7_118.
Placed fixed group with base inst u_DDR3/u_ipsl_hmic_h_phy_top/u_phy_io/iob_40_dut/opit_1_IOL on IOL_7_129.
Placed fixed group with base inst u_DDR3/u_ipsl_hmic_h_phy_top/u_phy_io/iob_41_dut/opit_1_IOL on IOL_7_130.
Placed fixed group with base inst u_DDR3/u_ipsl_hmic_h_phy_top/u_phy_io/iob_42_dut/opit_1_IOL on IOL_7_133.
Placed fixed group with base inst u_DDR3/u_ipsl_hmic_h_phy_top/u_phy_io/iob_43_dut/opit_1_IOL on IOL_7_134.
Placed fixed group with base inst u_DDR3/u_ipsl_hmic_h_phy_top/u_phy_io/iob_44_dut/opit_1_IOL on IOL_7_137.
Placed fixed group with base inst u_DDR3/u_ipsl_hmic_h_phy_top/u_phy_io/iob_45_dut/opit_1_IOL on IOL_7_138.
Placed fixed group with base inst u_DDR3/u_ipsl_hmic_h_phy_top/u_phy_io/iob_46_dut/opit_1_IOL on IOL_7_141.
Placed fixed group with base inst u_DDR3/u_ipsl_hmic_h_phy_top/u_phy_io/iob_47_dut/opit_1_IOL on IOL_7_142.
Placed fixed group with base inst u_DDR3/u_ipsl_hmic_h_phy_top/u_phy_io/iob_48_dut/opit_1_IOL on IOL_7_145.
Placed fixed group with base inst u_DDR3/u_ipsl_hmic_h_phy_top/u_phy_io/iob_49_dut/opit_1_IOL on IOL_7_146.
Placed fixed group with base inst u_DDR3/u_ipsl_hmic_h_phy_top/u_phy_io/iob_50_dut/opit_1 on IOL_7_157.
Placed fixed group with base inst u_DDR3/u_ipsl_hmic_h_phy_top/u_phy_io/iob_51_dut/opit_1_IOL on IOL_7_158.
Placed fixed group with base inst u_DDR3/u_ipsl_hmic_h_phy_top/u_phy_io/iob_52_dut/opit_1_IOL on IOL_7_161.
Placed fixed group with base inst u_DDR3/u_ipsl_hmic_h_phy_top/u_phy_io/iob_55_dut/opit_1_IOL on IOL_7_166.
Placed fixed group with base inst u_DDR3/u_ipsl_hmic_h_phy_top/u_phy_io/iob_56_dut/opit_1_IOL on IOL_7_169.
Placed fixed group with base inst u_DDR3/u_ipsl_hmic_h_phy_top/u_phy_io/iob_57_dut/opit_1_IOL on IOL_7_170.
Placed fixed group with base inst u_DDR3/u_ipsl_hmic_h_phy_top/u_phy_io/iob_58_dut/opit_1_IOL on IOL_7_173.
Placed fixed group with base inst u_DDR3/u_ipsl_hmic_h_phy_top/u_phy_io/iob_59_dut/opit_1_IOL on IOL_7_174.
Placed fixed instance u_DDR3/u_ipsl_hmic_h_phy_top/u_phy_io/ioclkbuf01_dut/gopclkgate on IOCKGATE_6_56.
Placed fixed instance u_DDR3/u_ipsl_hmic_h_phy_top/u_phy_io/ioclkbuf02_dut/gopclkgate on IOCKGATE_6_181.
Placed fixed instance u_DDR3/u_ipsl_hmic_h_phy_top/u_phy_io/ioclkdiv_dut/gopclkdiv on IOCKDIV_6_64.
Placed fixed group with base inst u_DDR3/u_ipsl_hmic_h_phy_top/u_phy_io/iol_iddr3_dut/gateop_inv_IO on IOL_7_10.
Placed fixed group with base inst u_DDR3/u_ipsl_hmic_h_phy_top/u_phy_io/iol_iddr4_dut/gateop_inv_IO on IOL_7_13.
Placed fixed group with base inst u_DDR3/u_ipsl_hmic_h_phy_top/u_phy_io/iol_iddr5_dut/gateop_inv_IO on IOL_7_14.
Placed fixed group with base inst u_DDR3/u_ipsl_hmic_h_phy_top/u_phy_io/iol_iddr6_dut/gateop_inv_IO on IOL_7_17.
Placed fixed group with base inst u_DDR3/u_ipsl_hmic_h_phy_top/u_phy_io/iol_iddr7_dut/gateop_inv_IO on IOL_7_18.
Placed fixed group with base inst u_DDR3/u_ipsl_hmic_h_phy_top/u_phy_io/iol_iddr10_dut/gateop_inv_IO on IOL_7_33.
Placed fixed group with base inst u_DDR3/u_ipsl_hmic_h_phy_top/u_phy_io/iol_iddr11_dut/gateop_inv_IO on IOL_7_34.
Placed fixed group with base inst u_DDR3/u_ipsl_hmic_h_phy_top/u_phy_io/iol_iddr12_dut/gateop_inv_IO on IOL_7_37.
Placed fixed group with base inst u_DDR3/u_ipsl_hmic_h_phy_top/u_phy_io/iol_iddr27_dut/gateop_inv_IO on IOL_7_86.
Placed fixed group with base inst u_DDR3/u_ipsl_hmic_h_phy_top/u_phy_io/iol_iddr28_dut/gateop_inv_IO on IOL_7_89.
Placed fixed group with base inst u_DDR3/u_ipsl_hmic_h_phy_top/u_phy_io/iol_iddr29_dut/gateop_inv_IO on IOL_7_90.
Placed fixed group with base inst u_DDR3/u_ipsl_hmic_h_phy_top/u_phy_io/iol_iddr32_dut/gateop_inv_IO on IOL_7_105.
Placed fixed group with base inst u_DDR3/u_ipsl_hmic_h_phy_top/u_phy_io/iol_iddr33_dut/gateop_inv_IO on IOL_7_106.
Placed fixed group with base inst u_DDR3/u_ipsl_hmic_h_phy_top/u_phy_io/iol_iddr34_dut/gateop_inv_IO on IOL_7_109.
Placed fixed group with base inst u_DDR3/u_ipsl_hmic_h_phy_top/u_phy_io/iol_iddr35_dut/gateop_inv_IO on IOL_7_110.
Placed fixed group with base inst u_DDR3/u_ipsl_hmic_h_phy_top/u_phy_io/iol_iddr36_dut/gateop_inv_IO on IOL_7_113.
Placed fixed instance u_DDR3/u_ipsl_hmic_h_phy_top/u_phy_io/u_gtp_ddrphy/gateop_DDRC on HMEMC_16_1.
Placed fixed instance u_DDR3/u_pll_50_400/u_pll_e1/goppll on PLL_82_71.
Placed fixed instance u_GTP_CLKBUFG/gopclkbufg on USCM_74_105.
Placed fixed instance u_GTP_IOCLKDELAY/opit_0 on IOCKDLY_150_185.
Placed fixed group with base inst u_GTP_OUTBUFT/opit_1_IOL on IOL_151_197.
Placed fixed instance u_cmos_xclk/gopclkbufg on USCM_74_109.
Placed fixed group with base inst u_tsmac_phy/U_pgs_tsmac_rgmii_gmii_convert_v1_0/U_pgs_tsmac_gmii_to_rgmii_v1_0/gtp_outbuft1/opit_1_IOL on IOL_151_214.
Placed fixed group with base inst u_tsmac_phy/U_pgs_tsmac_rgmii_gmii_convert_v1_0/U_pgs_tsmac_gmii_to_rgmii_v1_0/gtp_outbuft2/opit_1_IOL on IOL_151_229.
Placed fixed group with base inst u_tsmac_phy/U_pgs_tsmac_rgmii_gmii_convert_v1_0/U_pgs_tsmac_gmii_to_rgmii_v1_0/gtp_outbuft3/opit_1_IOL on IOL_151_237.
Placed fixed group with base inst u_tsmac_phy/U_pgs_tsmac_rgmii_gmii_convert_v1_0/U_pgs_tsmac_gmii_to_rgmii_v1_0/gtp_outbuft4/opit_1_IOL on IOL_151_238.
Placed fixed group with base inst u_tsmac_phy/U_pgs_tsmac_rgmii_gmii_convert_v1_0/U_pgs_tsmac_gmii_to_rgmii_v1_0/gtp_outbuft5/opit_1_IOL on IOL_151_213.
Placed fixed group with base inst u_tsmac_phy/U_pgs_tsmac_rgmii_gmii_convert_v1_0/U_pgs_tsmac_rgmii_to_gmii_v1_0/igddr1/gateigddr_IOL on IOL_151_157.
Placed fixed group with base inst u_tsmac_phy/U_pgs_tsmac_rgmii_gmii_convert_v1_0/U_pgs_tsmac_rgmii_to_gmii_v1_0/igddr2/gateigddr_IOL on IOL_151_142.
Placed fixed group with base inst u_tsmac_phy/U_pgs_tsmac_rgmii_gmii_convert_v1_0/U_pgs_tsmac_rgmii_to_gmii_v1_0/igddr3/gateigddr_IOL on IOL_151_170.
Placed fixed group with base inst u_tsmac_phy/U_pgs_tsmac_rgmii_gmii_convert_v1_0/U_pgs_tsmac_rgmii_to_gmii_v1_0/igddr4/gateigddr_IOL on IOL_151_169.
Placed fixed group with base inst u_tsmac_phy/U_pgs_tsmac_rgmii_gmii_convert_v1_0/U_pgs_tsmac_rgmii_to_gmii_v1_0/igddr5/gateigddr_IOL on IOL_151_158.
Placed fixed instance BKCL_auto_0 on BKCL_2_268.
Placed fixed instance BKCL_auto_1 on BKCL_2_144.
Placed fixed instance BKCL_auto_2 on BKCL_2_20.
Placed fixed instance BKCL_auto_3 on BKCL_154_268.
Placed fixed instance BKCL_auto_4 on BKCL_154_144.
Placed fixed instance BKCL_auto_5 on BKCL_154_20.
Placed instance u_DDR3/u_ipsl_hmic_h_phy_top/u_phy_io/dll_hmemc_dut/gopdll(gopDLL) on DLL_7_59, and placed u_DDR3/u_ipsl_hmic_h_phy_top/u_phy_io/dqs0_dut/opit_0(gopDQS_DDC) on DQSL_6_24.
Placed instance u_DDR3/u_ipsl_hmic_h_phy_top/u_phy_io/dll_hmemc_dut/gopdll(gopDLL) on DLL_7_59, and placed u_DDR3/u_ipsl_hmic_h_phy_top/u_phy_io/dqs1_dut/opit_0(gopDQS_DDC) on DQSL_6_52.
Placed instance u_DDR3/u_ipsl_hmic_h_phy_top/u_phy_io/dll_hmemc_dut/gopdll(gopDLL) on DLL_7_59, and placed u_DDR3/u_ipsl_hmic_h_phy_top/u_phy_io/dqs2_dut/opit_0(gopDQS_DDC) on DQSL_6_96.
Placed instance u_DDR3/u_ipsl_hmic_h_phy_top/u_phy_io/dll_hmemc_dut/gopdll(gopDLL) on DLL_7_59, and placed u_DDR3/u_ipsl_hmic_h_phy_top/u_phy_io/dqs3_dut/opit_0(gopDQS_DDC) on DQSL_6_148.
Placed instance u_DDR3/u_ipsl_hmic_h_phy_top/u_phy_io/dll_hmemc_dut/gopdll(gopDLL) on DLL_7_59, and placed u_DDR3/u_ipsl_hmic_h_phy_top/u_phy_io/dqs4_dut/opit_0(gopDQS_DDC) on DQSL_6_176.
Forbidden IOL_7_38.
Forbidden IOL_7_41.
Forbidden IOL_7_42.
Forbidden IOL_7_85.
Forbidden IOL_7_162.
Forbidden IOL_7_165.
Wirelength after Macro cell placement is 131334.
Macro cell placement takes 0.23 sec.
Run super clustering :
	Initial slack -6235.
	9 iterations finished.
	Final slack -1067.
Super clustering done.
Design Utilization : 53%.
Wirelength after post global placement is 131659.
Post global placement takes 28.67 sec.
Wirelength after legalization is 138307.
Legalization takes 6.42 sec.
Worst slack before Replication Place is -398.
Wirelength after replication placement is 138307.
Legalized cost -398.000000.
The detailed placement ends at 17th iteration.
Wirelength after detailed placement is 154547.
Timing-driven detailed placement takes 201.64 sec.
Placement done.
Total placement takes 290.42 sec.
Finished placement. (CPU time elapsed 0h:04m:53s)

Routing started.
Building routing graph takes 2.17 sec.
Worst slack is 872.
Processing design graph takes 1.97 sec.
Total memory for routing:
	54.845806 M.
Total nets for routing : 14500.
Rcf routing step 1 processed 0 nets, it takes 0.00 sec.
Rcf routing step 2 processed 0 nets, it takes 0.00 sec.
Rcf routing step 3 processed 0 nets, it takes 0.00 sec.
Unrouted nets 0 at the end of iteration 0.
Global Routing step 1 processed 137 nets, it takes 0.05 sec.
Unrouted nets 208 at the end of iteration 0.
Unrouted nets 151 at the end of iteration 1.
Unrouted nets 102 at the end of iteration 2.
Unrouted nets 58 at the end of iteration 3.
Unrouted nets 38 at the end of iteration 4.
Unrouted nets 25 at the end of iteration 5.
Unrouted nets 19 at the end of iteration 6.
Unrouted nets 13 at the end of iteration 7.
Unrouted nets 6 at the end of iteration 8.
Unrouted nets 7 at the end of iteration 9.
Unrouted nets 5 at the end of iteration 10.
Unrouted nets 4 at the end of iteration 11.
Unrouted nets 4 at the end of iteration 12.
Unrouted nets 2 at the end of iteration 13.
Unrouted nets 1 at the end of iteration 14.
Unrouted nets 1 at the end of iteration 15.
Unrouted nets 1 at the end of iteration 16.
Unrouted nets 1 at the end of iteration 17.
Unrouted nets 1 at the end of iteration 18.
Unrouted nets 0 at the end of iteration 19.
Global Routing step 2 processed 502 nets, it takes 0.83 sec.
Unrouted nets 284 at the end of iteration 0.
Unrouted nets 170 at the end of iteration 1.
Unrouted nets 127 at the end of iteration 2.
Unrouted nets 113 at the end of iteration 3.
Unrouted nets 102 at the end of iteration 4.
Unrouted nets 71 at the end of iteration 5.
Unrouted nets 58 at the end of iteration 6.
Unrouted nets 38 at the end of iteration 7.
Unrouted nets 46 at the end of iteration 8.
Unrouted nets 30 at the end of iteration 9.
Unrouted nets 23 at the end of iteration 10.
Unrouted nets 12 at the end of iteration 11.
Unrouted nets 5 at the end of iteration 12.
Unrouted nets 3 at the end of iteration 13.
Unrouted nets 2 at the end of iteration 14.
Unrouted nets 2 at the end of iteration 15.
Unrouted nets 0 at the end of iteration 16.
Global Routing step 3 processed 847 nets, it takes 8.55 sec.
Global routing takes 9.44 sec.
Total 17605 subnets.
    forward max bucket size 813 , backward 733.
        Unrouted nets 12941 at the end of iteration 0.
    route iteration 0, CPU time elapsed 5.906250 sec.
    forward max bucket size 818 , backward 382.
        Unrouted nets 11600 at the end of iteration 1.
    route iteration 1, CPU time elapsed 6.218750 sec.
    forward max bucket size 2849 , backward 923.
        Unrouted nets 10542 at the end of iteration 2.
    route iteration 2, CPU time elapsed 7.203125 sec.
    forward max bucket size 4473 , backward 851.
        Unrouted nets 9411 at the end of iteration 3.
    route iteration 3, CPU time elapsed 7.875000 sec.
    forward max bucket size 5766 , backward 778.
        Unrouted nets 8598 at the end of iteration 4.
    route iteration 4, CPU time elapsed 8.468750 sec.
    forward max bucket size 7849 , backward 877.
        Unrouted nets 8048 at the end of iteration 5.
    route iteration 5, CPU time elapsed 10.921875 sec.
    forward max bucket size 7561 , backward 833.
        Unrouted nets 7420 at the end of iteration 6.
    route iteration 6, CPU time elapsed 10.406250 sec.
    forward max bucket size 8980 , backward 900.
        Unrouted nets 6592 at the end of iteration 7.
    route iteration 7, CPU time elapsed 9.687500 sec.
    forward max bucket size 10548 , backward 998.
        Unrouted nets 5897 at the end of iteration 8.
    route iteration 8, CPU time elapsed 9.453125 sec.
    forward max bucket size 15723 , backward 784.
        Unrouted nets 5241 at the end of iteration 9.
    route iteration 9, CPU time elapsed 8.953125 sec.
    forward max bucket size 12878 , backward 872.
        Unrouted nets 4708 at the end of iteration 10.
    route iteration 10, CPU time elapsed 8.718750 sec.
    forward max bucket size 19134 , backward 837.
        Unrouted nets 4387 at the end of iteration 11.
    route iteration 11, CPU time elapsed 8.343750 sec.
    forward max bucket size 16406 , backward 1186.
        Unrouted nets 4021 at the end of iteration 12.
    route iteration 12, CPU time elapsed 8.515625 sec.
    forward max bucket size 14077 , backward 727.
        Unrouted nets 3656 at the end of iteration 13.
    route iteration 13, CPU time elapsed 8.218750 sec.
    forward max bucket size 11821 , backward 1083.
        Unrouted nets 3439 at the end of iteration 14.
    route iteration 14, CPU time elapsed 8.625000 sec.
    forward max bucket size 14438 , backward 1267.
        Unrouted nets 3219 at the end of iteration 15.
    route iteration 15, CPU time elapsed 7.609375 sec.
    forward max bucket size 12925 , backward 1255.
        Unrouted nets 3008 at the end of iteration 16.
    route iteration 16, CPU time elapsed 7.312500 sec.
    forward max bucket size 15447 , backward 1222.
        Unrouted nets 2909 at the end of iteration 17.
    route iteration 17, CPU time elapsed 7.968750 sec.
    forward max bucket size 19686 , backward 1203.
        Unrouted nets 2810 at the end of iteration 18.
    route iteration 18, CPU time elapsed 7.765625 sec.
    forward max bucket size 15733 , backward 572.
        Unrouted nets 2573 at the end of iteration 19.
    route iteration 19, CPU time elapsed 6.500000 sec.
    forward max bucket size 15809 , backward 1182.
        Unrouted nets 2351 at the end of iteration 20.
    route iteration 20, CPU time elapsed 6.187500 sec.
    forward max bucket size 14381 , backward 1281.
        Unrouted nets 2244 at the end of iteration 21.
    route iteration 21, CPU time elapsed 6.015625 sec.
    forward max bucket size 13093 , backward 981.
        Unrouted nets 2177 at the end of iteration 22.
    route iteration 22, CPU time elapsed 6.656250 sec.
    forward max bucket size 18109 , backward 612.
        Unrouted nets 2095 at the end of iteration 23.
    route iteration 23, CPU time elapsed 6.375000 sec.
    forward max bucket size 20370 , backward 590.
        Unrouted nets 2063 at the end of iteration 24.
    route iteration 24, CPU time elapsed 5.921875 sec.
    forward max bucket size 14633 , backward 568.
        Unrouted nets 2038 at the end of iteration 25.
    route iteration 25, CPU time elapsed 6.078125 sec.
    forward max bucket size 18207 , backward 1129.
        Unrouted nets 1948 at the end of iteration 26.
    route iteration 26, CPU time elapsed 5.859375 sec.
    forward max bucket size 13959 , backward 512.
        Unrouted nets 1832 at the end of iteration 27.
    route iteration 27, CPU time elapsed 6.265625 sec.
    forward max bucket size 13637 , backward 522.
        Unrouted nets 1756 at the end of iteration 28.
    route iteration 28, CPU time elapsed 5.500000 sec.
    forward max bucket size 23333 , backward 677.
        Unrouted nets 1734 at the end of iteration 29.
    route iteration 29, CPU time elapsed 5.812500 sec.
    forward max bucket size 14769 , backward 620.
        Unrouted nets 1689 at the end of iteration 30.
    route iteration 30, CPU time elapsed 5.343750 sec.
    forward max bucket size 11630 , backward 965.
        Unrouted nets 1637 at the end of iteration 31.
    route iteration 31, CPU time elapsed 4.875000 sec.
    forward max bucket size 15661 , backward 1361.
        Unrouted nets 1649 at the end of iteration 32.
    route iteration 32, CPU time elapsed 4.671875 sec.
    forward max bucket size 15397 , backward 1101.
        Unrouted nets 1577 at the end of iteration 33.
    route iteration 33, CPU time elapsed 4.984375 sec.
    forward max bucket size 16186 , backward 1552.
        Unrouted nets 1544 at the end of iteration 34.
    route iteration 34, CPU time elapsed 4.937500 sec.
    forward max bucket size 19479 , backward 874.
        Unrouted nets 1550 at the end of iteration 35.
    route iteration 35, CPU time elapsed 5.265625 sec.
    forward max bucket size 22883 , backward 1419.
        Unrouted nets 1534 at the end of iteration 36.
    route iteration 36, CPU time elapsed 5.781250 sec.
    forward max bucket size 20903 , backward 664.
        Unrouted nets 1508 at the end of iteration 37.
    route iteration 37, CPU time elapsed 4.796875 sec.
    forward max bucket size 18187 , backward 523.
        Unrouted nets 1523 at the end of iteration 38.
    route iteration 38, CPU time elapsed 4.921875 sec.
    forward max bucket size 14575 , backward 526.
        Unrouted nets 1512 at the end of iteration 39.
    route iteration 39, CPU time elapsed 4.453125 sec.
    forward max bucket size 6539 , backward 1001.
        Unrouted nets 1524 at the end of iteration 40.
    route iteration 40, CPU time elapsed 4.312500 sec.
    forward max bucket size 21450 , backward 932.
        Unrouted nets 1472 at the end of iteration 41.
    route iteration 41, CPU time elapsed 4.468750 sec.
    forward max bucket size 11214 , backward 925.
        Unrouted nets 1449 at the end of iteration 42.
    route iteration 42, CPU time elapsed 4.140625 sec.
    forward max bucket size 13979 , backward 498.
        Unrouted nets 1319 at the end of iteration 43.
    route iteration 43, CPU time elapsed 4.375000 sec.
    forward max bucket size 14967 , backward 611.
        Unrouted nets 1259 at the end of iteration 44.
    route iteration 44, CPU time elapsed 4.093750 sec.
    forward max bucket size 22545 , backward 714.
        Unrouted nets 1260 at the end of iteration 45.
    route iteration 45, CPU time elapsed 4.828125 sec.
    forward max bucket size 16964 , backward 949.
        Unrouted nets 1259 at the end of iteration 46.
    route iteration 46, CPU time elapsed 4.437500 sec.
    forward max bucket size 21591 , backward 758.
        Unrouted nets 1218 at the end of iteration 47.
    route iteration 47, CPU time elapsed 4.109375 sec.
    forward max bucket size 17874 , backward 687.
        Unrouted nets 1203 at the end of iteration 48.
    route iteration 48, CPU time elapsed 4.281250 sec.
    forward max bucket size 20292 , backward 988.
        Unrouted nets 1197 at the end of iteration 49.
    route iteration 49, CPU time elapsed 3.921875 sec.
    forward max bucket size 19730 , backward 596.
        Unrouted nets 1179 at the end of iteration 50.
    route iteration 50, CPU time elapsed 4.000000 sec.
    forward max bucket size 18094 , backward 820.
        Unrouted nets 1119 at the end of iteration 51.
    route iteration 51, CPU time elapsed 4.171875 sec.
    forward max bucket size 15721 , backward 581.
        Unrouted nets 1153 at the end of iteration 52.
    route iteration 52, CPU time elapsed 4.390625 sec.
    forward max bucket size 20766 , backward 597.
        Unrouted nets 1148 at the end of iteration 53.
    route iteration 53, CPU time elapsed 4.203125 sec.
    forward max bucket size 16160 , backward 570.
        Unrouted nets 1164 at the end of iteration 54.
    route iteration 54, CPU time elapsed 4.218750 sec.
    forward max bucket size 22246 , backward 695.
        Unrouted nets 1132 at the end of iteration 55.
    route iteration 55, CPU time elapsed 5.265625 sec.
    forward max bucket size 16798 , backward 534.
        Unrouted nets 1097 at the end of iteration 56.
    route iteration 56, CPU time elapsed 3.906250 sec.
    forward max bucket size 22108 , backward 380.
        Unrouted nets 1083 at the end of iteration 57.
    route iteration 57, CPU time elapsed 4.140625 sec.
    forward max bucket size 14774 , backward 377.
        Unrouted nets 1141 at the end of iteration 58.
    route iteration 58, CPU time elapsed 3.640625 sec.
    forward max bucket size 15970 , backward 467.
        Unrouted nets 1081 at the end of iteration 59.
    route iteration 59, CPU time elapsed 3.531250 sec.
    forward max bucket size 25500 , backward 578.
        Unrouted nets 1081 at the end of iteration 60.
    route iteration 60, CPU time elapsed 4.718750 sec.
    forward max bucket size 25355 , backward 483.
        Unrouted nets 1051 at the end of iteration 61.
    route iteration 61, CPU time elapsed 4.046875 sec.
    forward max bucket size 16534 , backward 408.
        Unrouted nets 1029 at the end of iteration 62.
    route iteration 62, CPU time elapsed 4.656250 sec.
    forward max bucket size 18634 , backward 539.
        Unrouted nets 979 at the end of iteration 63.
    route iteration 63, CPU time elapsed 3.875000 sec.
    forward max bucket size 20897 , backward 514.
        Unrouted nets 1012 at the end of iteration 64.
    route iteration 64, CPU time elapsed 4.109375 sec.
    forward max bucket size 35040 , backward 508.
        Unrouted nets 1016 at the end of iteration 65.
    route iteration 65, CPU time elapsed 4.296875 sec.
    forward max bucket size 24185 , backward 388.
        Unrouted nets 992 at the end of iteration 66.
    route iteration 66, CPU time elapsed 3.953125 sec.
    forward max bucket size 24509 , backward 358.
        Unrouted nets 979 at the end of iteration 67.
    route iteration 67, CPU time elapsed 4.203125 sec.
    forward max bucket size 25643 , backward 354.
        Unrouted nets 958 at the end of iteration 68.
    route iteration 68, CPU time elapsed 3.765625 sec.
    forward max bucket size 27100 , backward 496.
        Unrouted nets 888 at the end of iteration 69.
    route iteration 69, CPU time elapsed 4.375000 sec.
    forward max bucket size 24010 , backward 474.
        Unrouted nets 873 at the end of iteration 70.
    route iteration 70, CPU time elapsed 4.640625 sec.
    forward max bucket size 23509 , backward 324.
        Unrouted nets 830 at the end of iteration 71.
    route iteration 71, CPU time elapsed 3.734375 sec.
    forward max bucket size 19193 , backward 472.
        Unrouted nets 840 at the end of iteration 72.
    route iteration 72, CPU time elapsed 3.640625 sec.
    forward max bucket size 19622 , backward 1028.
        Unrouted nets 823 at the end of iteration 73.
    route iteration 73, CPU time elapsed 3.406250 sec.
    forward max bucket size 20327 , backward 1007.
        Unrouted nets 816 at the end of iteration 74.
    route iteration 74, CPU time elapsed 3.500000 sec.
    forward max bucket size 21713 , backward 424.
        Unrouted nets 816 at the end of iteration 75.
    route iteration 75, CPU time elapsed 3.546875 sec.
    forward max bucket size 22633 , backward 726.
        Unrouted nets 873 at the end of iteration 76.
    route iteration 76, CPU time elapsed 3.421875 sec.
    forward max bucket size 17309 , backward 355.
        Unrouted nets 883 at the end of iteration 77.
    route iteration 77, CPU time elapsed 3.515625 sec.
    forward max bucket size 18065 , backward 564.
        Unrouted nets 904 at the end of iteration 78.
    route iteration 78, CPU time elapsed 3.671875 sec.
    forward max bucket size 12499 , backward 446.
        Unrouted nets 863 at the end of iteration 79.
    route iteration 79, CPU time elapsed 3.593750 sec.
    forward max bucket size 22211 , backward 465.
        Unrouted nets 841 at the end of iteration 80.
    route iteration 80, CPU time elapsed 3.937500 sec.
    forward max bucket size 16057 , backward 586.
        Unrouted nets 813 at the end of iteration 81.
    route iteration 81, CPU time elapsed 3.546875 sec.
    forward max bucket size 11661 , backward 545.
        Unrouted nets 816 at the end of iteration 82.
    route iteration 82, CPU time elapsed 2.984375 sec.
    forward max bucket size 11795 , backward 453.
        Unrouted nets 832 at the end of iteration 83.
    route iteration 83, CPU time elapsed 3.125000 sec.
    forward max bucket size 17042 , backward 466.
        Unrouted nets 799 at the end of iteration 84.
    route iteration 84, CPU time elapsed 3.812500 sec.
    forward max bucket size 27110 , backward 461.
        Unrouted nets 797 at the end of iteration 85.
    route iteration 85, CPU time elapsed 3.343750 sec.
    forward max bucket size 28605 , backward 772.
        Unrouted nets 815 at the end of iteration 86.
    route iteration 86, CPU time elapsed 3.562500 sec.
    forward max bucket size 22498 , backward 550.
        Unrouted nets 774 at the end of iteration 87.
    route iteration 87, CPU time elapsed 3.343750 sec.
    forward max bucket size 14359 , backward 444.
        Unrouted nets 767 at the end of iteration 88.
    route iteration 88, CPU time elapsed 3.375000 sec.
    forward max bucket size 23647 , backward 734.
        Unrouted nets 756 at the end of iteration 89.
    route iteration 89, CPU time elapsed 3.015625 sec.
    forward max bucket size 23347 , backward 836.
        Unrouted nets 708 at the end of iteration 90.
    route iteration 90, CPU time elapsed 3.000000 sec.
    forward max bucket size 16036 , backward 453.
        Unrouted nets 715 at the end of iteration 91.
    route iteration 91, CPU time elapsed 2.562500 sec.
    forward max bucket size 25930 , backward 476.
        Unrouted nets 732 at the end of iteration 92.
    route iteration 92, CPU time elapsed 3.328125 sec.
    forward max bucket size 19930 , backward 506.
        Unrouted nets 728 at the end of iteration 93.
    route iteration 93, CPU time elapsed 3.140625 sec.
    forward max bucket size 18225 , backward 326.
        Unrouted nets 773 at the end of iteration 94.
    route iteration 94, CPU time elapsed 3.390625 sec.
    forward max bucket size 17469 , backward 481.
        Unrouted nets 729 at the end of iteration 95.
    route iteration 95, CPU time elapsed 2.812500 sec.
    forward max bucket size 13047 , backward 545.
        Unrouted nets 721 at the end of iteration 96.
    route iteration 96, CPU time elapsed 3.062500 sec.
    forward max bucket size 12576 , backward 419.
        Unrouted nets 736 at the end of iteration 97.
    route iteration 97, CPU time elapsed 2.937500 sec.
    forward max bucket size 12757 , backward 450.
        Unrouted nets 706 at the end of iteration 98.
    route iteration 98, CPU time elapsed 2.765625 sec.
    forward max bucket size 19777 , backward 887.
        Unrouted nets 697 at the end of iteration 99.
    route iteration 99, CPU time elapsed 3.000000 sec.
    forward max bucket size 19771 , backward 1064.
        Unrouted nets 709 at the end of iteration 100.
    route iteration 100, CPU time elapsed 2.578125 sec.
    forward max bucket size 23097 , backward 879.
        Unrouted nets 714 at the end of iteration 101.
    route iteration 101, CPU time elapsed 2.968750 sec.
    forward max bucket size 17615 , backward 414.
        Unrouted nets 744 at the end of iteration 102.
    route iteration 102, CPU time elapsed 3.578125 sec.
    forward max bucket size 19536 , backward 513.
        Unrouted nets 781 at the end of iteration 103.
    route iteration 103, CPU time elapsed 3.140625 sec.
    forward max bucket size 19361 , backward 938.
        Unrouted nets 748 at the end of iteration 104.
    route iteration 104, CPU time elapsed 2.921875 sec.
    forward max bucket size 14281 , backward 936.
        Unrouted nets 754 at the end of iteration 105.
    route iteration 105, CPU time elapsed 3.109375 sec.
    forward max bucket size 28382 , backward 233.
        Unrouted nets 743 at the end of iteration 106.
    route iteration 106, CPU time elapsed 4.046875 sec.
    forward max bucket size 25685 , backward 204.
        Unrouted nets 715 at the end of iteration 107.
    route iteration 107, CPU time elapsed 3.890625 sec.
    forward max bucket size 23773 , backward 856.
        Unrouted nets 749 at the end of iteration 108.
    route iteration 108, CPU time elapsed 3.546875 sec.
    forward max bucket size 26568 , backward 811.
        Unrouted nets 755 at the end of iteration 109.
    route iteration 109, CPU time elapsed 4.015625 sec.
    forward max bucket size 22539 , backward 286.
        Unrouted nets 765 at the end of iteration 110.
    route iteration 110, CPU time elapsed 3.609375 sec.
    forward max bucket size 14212 , backward 424.
        Unrouted nets 772 at the end of iteration 111.
    route iteration 111, CPU time elapsed 2.937500 sec.
    forward max bucket size 25794 , backward 1046.
        Unrouted nets 769 at the end of iteration 112.
    route iteration 112, CPU time elapsed 3.281250 sec.
    forward max bucket size 21675 , backward 264.
        Unrouted nets 783 at the end of iteration 113.
    route iteration 113, CPU time elapsed 3.359375 sec.
    forward max bucket size 19191 , backward 418.
        Unrouted nets 773 at the end of iteration 114.
    route iteration 114, CPU time elapsed 3.468750 sec.
    forward max bucket size 30470 , backward 375.
        Unrouted nets 844 at the end of iteration 115.
    route iteration 115, CPU time elapsed 4.250000 sec.
    forward max bucket size 31515 , backward 489.
        Unrouted nets 800 at the end of iteration 116.
    route iteration 116, CPU time elapsed 4.406250 sec.
    forward max bucket size 31210 , backward 448.
        Unrouted nets 780 at the end of iteration 117.
    route iteration 117, CPU time elapsed 3.593750 sec.
    forward max bucket size 20195 , backward 848.
        Unrouted nets 738 at the end of iteration 118.
    route iteration 118, CPU time elapsed 3.375000 sec.
    forward max bucket size 16198 , backward 492.
        Unrouted nets 727 at the end of iteration 119.
    route iteration 119, CPU time elapsed 2.750000 sec.
    forward max bucket size 18811 , backward 620.
        Unrouted nets 708 at the end of iteration 120.
    route iteration 120, CPU time elapsed 2.656250 sec.
    forward max bucket size 18760 , backward 508.
        Unrouted nets 727 at the end of iteration 121.
    route iteration 121, CPU time elapsed 2.953125 sec.
    forward max bucket size 19364 , backward 289.
        Unrouted nets 701 at the end of iteration 122.
    route iteration 122, CPU time elapsed 2.859375 sec.
    forward max bucket size 20282 , backward 477.
        Unrouted nets 725 at the end of iteration 123.
    route iteration 123, CPU time elapsed 3.046875 sec.
    forward max bucket size 16478 , backward 495.
        Unrouted nets 679 at the end of iteration 124.
    route iteration 124, CPU time elapsed 2.609375 sec.
    forward max bucket size 19559 , backward 904.
        Unrouted nets 659 at the end of iteration 125.
    route iteration 125, CPU time elapsed 2.812500 sec.
    forward max bucket size 12601 , backward 563.
        Unrouted nets 672 at the end of iteration 126.
    route iteration 126, CPU time elapsed 2.703125 sec.
    forward max bucket size 16919 , backward 650.
        Unrouted nets 681 at the end of iteration 127.
    route iteration 127, CPU time elapsed 2.500000 sec.
    forward max bucket size 19222 , backward 576.
        Unrouted nets 692 at the end of iteration 128.
    route iteration 128, CPU time elapsed 2.546875 sec.
    forward max bucket size 4156 , backward 364.
        Unrouted nets 683 at the end of iteration 129.
    route iteration 129, CPU time elapsed 2.312500 sec.
    forward max bucket size 23993 , backward 312.
        Unrouted nets 633 at the end of iteration 130.
    route iteration 130, CPU time elapsed 2.734375 sec.
    forward max bucket size 17888 , backward 299.
        Unrouted nets 595 at the end of iteration 131.
    route iteration 131, CPU time elapsed 2.171875 sec.
    forward max bucket size 16883 , backward 588.
        Unrouted nets 638 at the end of iteration 132.
    route iteration 132, CPU time elapsed 2.375000 sec.
    forward max bucket size 16078 , backward 648.
        Unrouted nets 612 at the end of iteration 133.
    route iteration 133, CPU time elapsed 2.578125 sec.
    forward max bucket size 15513 , backward 603.
        Unrouted nets 594 at the end of iteration 134.
    route iteration 134, CPU time elapsed 2.609375 sec.
    forward max bucket size 15299 , backward 478.
        Unrouted nets 590 at the end of iteration 135.
    route iteration 135, CPU time elapsed 2.546875 sec.
    forward max bucket size 10963 , backward 414.
        Unrouted nets 557 at the end of iteration 136.
    route iteration 136, CPU time elapsed 2.546875 sec.
    forward max bucket size 15228 , backward 433.
        Unrouted nets 540 at the end of iteration 137.
    route iteration 137, CPU time elapsed 2.234375 sec.
    forward max bucket size 12204 , backward 247.
        Unrouted nets 537 at the end of iteration 138.
    route iteration 138, CPU time elapsed 2.156250 sec.
    forward max bucket size 9800 , backward 594.
        Unrouted nets 549 at the end of iteration 139.
    route iteration 139, CPU time elapsed 2.031250 sec.
    forward max bucket size 9878 , backward 707.
        Unrouted nets 549 at the end of iteration 140.
    route iteration 140, CPU time elapsed 1.828125 sec.
    forward max bucket size 15486 , backward 599.
        Unrouted nets 550 at the end of iteration 141.
    route iteration 141, CPU time elapsed 2.703125 sec.
    forward max bucket size 11399 , backward 682.
        Unrouted nets 561 at the end of iteration 142.
    route iteration 142, CPU time elapsed 2.437500 sec.
    forward max bucket size 22572 , backward 636.
        Unrouted nets 606 at the end of iteration 143.
    route iteration 143, CPU time elapsed 2.843750 sec.
    forward max bucket size 11873 , backward 711.
        Unrouted nets 631 at the end of iteration 144.
    route iteration 144, CPU time elapsed 3.171875 sec.
    forward max bucket size 23368 , backward 654.
        Unrouted nets 605 at the end of iteration 145.
    route iteration 145, CPU time elapsed 2.843750 sec.
    forward max bucket size 21028 , backward 367.
        Unrouted nets 616 at the end of iteration 146.
    route iteration 146, CPU time elapsed 2.656250 sec.
    forward max bucket size 26043 , backward 555.
        Unrouted nets 629 at the end of iteration 147.
    route iteration 147, CPU time elapsed 3.125000 sec.
    forward max bucket size 12314 , backward 389.
        Unrouted nets 617 at the end of iteration 148.
    route iteration 148, CPU time elapsed 3.046875 sec.
    forward max bucket size 20088 , backward 564.
        Unrouted nets 670 at the end of iteration 149.
    route iteration 149, CPU time elapsed 3.109375 sec.
    forward max bucket size 18132 , backward 755.
        Unrouted nets 682 at the end of iteration 150.
    route iteration 150, CPU time elapsed 3.156250 sec.
    forward max bucket size 12141 , backward 615.
        Unrouted nets 679 at the end of iteration 151.
    route iteration 151, CPU time elapsed 2.765625 sec.
    forward max bucket size 22901 , backward 662.
        Unrouted nets 648 at the end of iteration 152.
    route iteration 152, CPU time elapsed 2.843750 sec.
    forward max bucket size 17886 , backward 869.
        Unrouted nets 585 at the end of iteration 153.
    route iteration 153, CPU time elapsed 2.828125 sec.
    forward max bucket size 12521 , backward 360.
        Unrouted nets 554 at the end of iteration 154.
    route iteration 154, CPU time elapsed 2.640625 sec.
    forward max bucket size 22709 , backward 234.
        Unrouted nets 584 at the end of iteration 155.
    route iteration 155, CPU time elapsed 2.890625 sec.
    forward max bucket size 18553 , backward 486.
        Unrouted nets 588 at the end of iteration 156.
    route iteration 156, CPU time elapsed 3.328125 sec.
    forward max bucket size 21073 , backward 579.
        Unrouted nets 585 at the end of iteration 157.
    route iteration 157, CPU time elapsed 3.031250 sec.
    forward max bucket size 33804 , backward 532.
        Unrouted nets 583 at the end of iteration 158.
    route iteration 158, CPU time elapsed 4.218750 sec.
    forward max bucket size 26412 , backward 636.
        Unrouted nets 590 at the end of iteration 159.
    route iteration 159, CPU time elapsed 3.640625 sec.
    forward max bucket size 22074 , backward 359.
        Unrouted nets 623 at the end of iteration 160.
    route iteration 160, CPU time elapsed 2.859375 sec.
    forward max bucket size 16692 , backward 552.
        Unrouted nets 638 at the end of iteration 161.
    route iteration 161, CPU time elapsed 2.593750 sec.
    forward max bucket size 24525 , backward 495.
        Unrouted nets 644 at the end of iteration 162.
    route iteration 162, CPU time elapsed 3.609375 sec.
    forward max bucket size 15929 , backward 1123.
        Unrouted nets 596 at the end of iteration 163.
    route iteration 163, CPU time elapsed 2.984375 sec.
    forward max bucket size 22366 , backward 674.
        Unrouted nets 592 at the end of iteration 164.
    route iteration 164, CPU time elapsed 3.328125 sec.
    forward max bucket size 25014 , backward 601.
        Unrouted nets 585 at the end of iteration 165.
    route iteration 165, CPU time elapsed 3.140625 sec.
    forward max bucket size 25427 , backward 652.
        Unrouted nets 586 at the end of iteration 166.
    route iteration 166, CPU time elapsed 3.328125 sec.
    forward max bucket size 17722 , backward 319.
        Unrouted nets 581 at the end of iteration 167.
    route iteration 167, CPU time elapsed 2.750000 sec.
    forward max bucket size 29380 , backward 964.
        Unrouted nets 624 at the end of iteration 168.
    route iteration 168, CPU time elapsed 3.343750 sec.
    forward max bucket size 32621 , backward 1197.
        Unrouted nets 610 at the end of iteration 169.
    route iteration 169, CPU time elapsed 3.921875 sec.
    forward max bucket size 32505 , backward 996.
        Unrouted nets 616 at the end of iteration 170.
    route iteration 170, CPU time elapsed 3.078125 sec.
    forward max bucket size 16342 , backward 446.
        Unrouted nets 611 at the end of iteration 171.
    route iteration 171, CPU time elapsed 2.968750 sec.
    forward max bucket size 23328 , backward 351.
        Unrouted nets 600 at the end of iteration 172.
    route iteration 172, CPU time elapsed 3.046875 sec.
    forward max bucket size 23940 , backward 585.
        Unrouted nets 637 at the end of iteration 173.
    route iteration 173, CPU time elapsed 2.750000 sec.
    forward max bucket size 28094 , backward 314.
        Unrouted nets 603 at the end of iteration 174.
    route iteration 174, CPU time elapsed 3.453125 sec.
    forward max bucket size 15223 , backward 448.
        Unrouted nets 593 at the end of iteration 175.
    route iteration 175, CPU time elapsed 2.625000 sec.
    forward max bucket size 12461 , backward 514.
        Unrouted nets 599 at the end of iteration 176.
    route iteration 176, CPU time elapsed 2.218750 sec.
    forward max bucket size 28472 , backward 542.
        Unrouted nets 581 at the end of iteration 177.
    route iteration 177, CPU time elapsed 3.203125 sec.
    forward max bucket size 24013 , backward 354.
        Unrouted nets 571 at the end of iteration 178.
    route iteration 178, CPU time elapsed 2.765625 sec.
    forward max bucket size 25274 , backward 345.
        Unrouted nets 540 at the end of iteration 179.
    route iteration 179, CPU time elapsed 2.312500 sec.
    forward max bucket size 22183 , backward 277.
        Unrouted nets 548 at the end of iteration 180.
    route iteration 180, CPU time elapsed 2.375000 sec.
    forward max bucket size 20343 , backward 313.
        Unrouted nets 548 at the end of iteration 181.
    route iteration 181, CPU time elapsed 2.656250 sec.
    forward max bucket size 21037 , backward 497.
        Unrouted nets 548 at the end of iteration 182.
    route iteration 182, CPU time elapsed 2.500000 sec.
    forward max bucket size 23022 , backward 336.
        Unrouted nets 496 at the end of iteration 183.
    route iteration 183, CPU time elapsed 2.625000 sec.
    forward max bucket size 18543 , backward 306.
        Unrouted nets 536 at the end of iteration 184.
    route iteration 184, CPU time elapsed 2.515625 sec.
    forward max bucket size 22786 , backward 425.
        Unrouted nets 555 at the end of iteration 185.
    route iteration 185, CPU time elapsed 2.468750 sec.
    forward max bucket size 26447 , backward 285.
        Unrouted nets 570 at the end of iteration 186.
    route iteration 186, CPU time elapsed 2.281250 sec.
    forward max bucket size 29291 , backward 497.
        Unrouted nets 610 at the end of iteration 187.
    route iteration 187, CPU time elapsed 2.531250 sec.
    forward max bucket size 30398 , backward 312.
        Unrouted nets 581 at the end of iteration 188.
    route iteration 188, CPU time elapsed 2.437500 sec.
    forward max bucket size 13763 , backward 1064.
        Unrouted nets 604 at the end of iteration 189.
    route iteration 189, CPU time elapsed 2.656250 sec.
    forward max bucket size 29472 , backward 583.
        Unrouted nets 582 at the end of iteration 190.
    route iteration 190, CPU time elapsed 3.078125 sec.
    forward max bucket size 21066 , backward 434.
        Unrouted nets 572 at the end of iteration 191.
    route iteration 191, CPU time elapsed 2.687500 sec.
    forward max bucket size 32685 , backward 278.
        Unrouted nets 551 at the end of iteration 192.
    route iteration 192, CPU time elapsed 2.953125 sec.
    forward max bucket size 24242 , backward 497.
        Unrouted nets 559 at the end of iteration 193.
    route iteration 193, CPU time elapsed 3.265625 sec.
    forward max bucket size 24535 , backward 396.
        Unrouted nets 550 at the end of iteration 194.
    route iteration 194, CPU time elapsed 3.625000 sec.
    forward max bucket size 18516 , backward 389.
        Unrouted nets 494 at the end of iteration 195.
    route iteration 195, CPU time elapsed 2.859375 sec.
    forward max bucket size 18207 , backward 508.
        Unrouted nets 482 at the end of iteration 196.
    route iteration 196, CPU time elapsed 2.609375 sec.
    forward max bucket size 19498 , backward 322.
        Unrouted nets 487 at the end of iteration 197.
    route iteration 197, CPU time elapsed 2.718750 sec.
    forward max bucket size 13828 , backward 228.
        Unrouted nets 532 at the end of iteration 198.
    route iteration 198, CPU time elapsed 2.468750 sec.
    forward max bucket size 24728 , backward 697.
        Unrouted nets 510 at the end of iteration 199.
    route iteration 199, CPU time elapsed 3.343750 sec.
    forward max bucket size 14532 , backward 653.
        Unrouted nets 536 at the end of iteration 200.
    route iteration 200, CPU time elapsed 3.203125 sec.
    forward max bucket size 14142 , backward 571.
        Unrouted nets 529 at the end of iteration 201.
    route iteration 201, CPU time elapsed 2.671875 sec.
    forward max bucket size 36427 , backward 409.
        Unrouted nets 540 at the end of iteration 202.
    route iteration 202, CPU time elapsed 3.218750 sec.
    forward max bucket size 36592 , backward 347.
        Unrouted nets 525 at the end of iteration 203.
    route iteration 203, CPU time elapsed 2.984375 sec.
    forward max bucket size 17161 , backward 208.
        Unrouted nets 538 at the end of iteration 204.
    route iteration 204, CPU time elapsed 2.890625 sec.
    forward max bucket size 19495 , backward 252.
        Unrouted nets 521 at the end of iteration 205.
    route iteration 205, CPU time elapsed 2.187500 sec.
    forward max bucket size 11204 , backward 353.
        Unrouted nets 527 at the end of iteration 206.
    route iteration 206, CPU time elapsed 2.656250 sec.
    forward max bucket size 15472 , backward 786.
        Unrouted nets 532 at the end of iteration 207.
    route iteration 207, CPU time elapsed 2.484375 sec.
    forward max bucket size 32857 , backward 310.
        Unrouted nets 530 at the end of iteration 208.
    route iteration 208, CPU time elapsed 3.218750 sec.
    forward max bucket size 32346 , backward 313.
        Unrouted nets 539 at the end of iteration 209.
    route iteration 209, CPU time elapsed 3.765625 sec.
    forward max bucket size 18188 , backward 324.
        Unrouted nets 578 at the end of iteration 210.
    route iteration 210, CPU time elapsed 2.765625 sec.
    forward max bucket size 19121 , backward 515.
        Unrouted nets 535 at the end of iteration 211.
    route iteration 211, CPU time elapsed 3.046875 sec.
    forward max bucket size 23388 , backward 483.
        Unrouted nets 519 at the end of iteration 212.
    route iteration 212, CPU time elapsed 3.359375 sec.
    forward max bucket size 20563 , backward 414.
        Unrouted nets 547 at the end of iteration 213.
    route iteration 213, CPU time elapsed 3.281250 sec.
    forward max bucket size 25102 , backward 421.
        Unrouted nets 534 at the end of iteration 214.
    route iteration 214, CPU time elapsed 3.046875 sec.
    forward max bucket size 25063 , backward 420.
        Unrouted nets 526 at the end of iteration 215.
    route iteration 215, CPU time elapsed 2.687500 sec.
    forward max bucket size 23836 , backward 522.
        Unrouted nets 526 at the end of iteration 216.
    route iteration 216, CPU time elapsed 3.359375 sec.
    forward max bucket size 23085 , backward 550.
        Unrouted nets 498 at the end of iteration 217.
    route iteration 217, CPU time elapsed 2.750000 sec.
    forward max bucket size 22443 , backward 641.
        Unrouted nets 506 at the end of iteration 218.
    route iteration 218, CPU time elapsed 3.015625 sec.
    forward max bucket size 22331 , backward 453.
        Unrouted nets 506 at the end of iteration 219.
    route iteration 219, CPU time elapsed 2.687500 sec.
    forward max bucket size 24354 , backward 412.
        Unrouted nets 465 at the end of iteration 220.
    route iteration 220, CPU time elapsed 2.734375 sec.
    forward max bucket size 11581 , backward 761.
        Unrouted nets 491 at the end of iteration 221.
    route iteration 221, CPU time elapsed 2.453125 sec.
    forward max bucket size 14174 , backward 626.
        Unrouted nets 469 at the end of iteration 222.
    route iteration 222, CPU time elapsed 2.093750 sec.
    forward max bucket size 16521 , backward 450.
        Unrouted nets 465 at the end of iteration 223.
    route iteration 223, CPU time elapsed 2.656250 sec.
    forward max bucket size 12983 , backward 453.
        Unrouted nets 476 at the end of iteration 224.
    route iteration 224, CPU time elapsed 3.000000 sec.
    forward max bucket size 25986 , backward 283.
        Unrouted nets 494 at the end of iteration 225.
    route iteration 225, CPU time elapsed 3.203125 sec.
    forward max bucket size 28805 , backward 293.
        Unrouted nets 531 at the end of iteration 226.
    route iteration 226, CPU time elapsed 3.765625 sec.
    forward max bucket size 27017 , backward 356.
        Unrouted nets 518 at the end of iteration 227.
    route iteration 227, CPU time elapsed 2.953125 sec.
    forward max bucket size 28779 , backward 422.
        Unrouted nets 515 at the end of iteration 228.
    route iteration 228, CPU time elapsed 2.687500 sec.
    forward max bucket size 28721 , backward 457.
        Unrouted nets 518 at the end of iteration 229.
    route iteration 229, CPU time elapsed 2.734375 sec.
    forward max bucket size 12720 , backward 701.
        Unrouted nets 552 at the end of iteration 230.
    route iteration 230, CPU time elapsed 3.265625 sec.
    forward max bucket size 10079 , backward 486.
        Unrouted nets 573 at the end of iteration 231.
    route iteration 231, CPU time elapsed 3.046875 sec.
    forward max bucket size 15107 , backward 513.
        Unrouted nets 568 at the end of iteration 232.
    route iteration 232, CPU time elapsed 2.750000 sec.
    forward max bucket size 18129 , backward 688.
        Unrouted nets 606 at the end of iteration 233.
    route iteration 233, CPU time elapsed 3.687500 sec.
    forward max bucket size 28764 , backward 653.
        Unrouted nets 568 at the end of iteration 234.
    route iteration 234, CPU time elapsed 3.984375 sec.
    forward max bucket size 31165 , backward 820.
        Unrouted nets 561 at the end of iteration 235.
    route iteration 235, CPU time elapsed 4.171875 sec.
