#Build: Fabric Compiler 2020.3, Build 62942, Sep 29 13:34 2020
#Install: C:\pango\PDS_2020.3\bin
#Application name: pds_shell.exe
#OS: Windows 10 10.0.19042
#Hostname: DESKTOP-C9S5NJE
Generated by Fabric Compiler (version 2020.3 build 62942) at Fri Jun  4 13:15:43 2021
Compiling verification operator library.
Compiling common defs.
Compiling prim grid devices.
Compiling gate devices.
Compiling gate operators.
Building architecture model.
Loading device packaging model 'MBG324'.
I: dp_step_length: 4 != def: 1
Starting placement and routing flow. (CPU time elapsed 0h:00m:00s)
Reading design from devmap DB.
Building architecture floorplan logic view.
Executing : apply_constraint -f C:/Users/1/Desktop/jc/SD_Int_5_23/pnr/device_map/m1_soc_top.pcf
Executing : def_port i2c0_sck -LOC J14 -IOSTANDARD LVCMOS33 -VCCIO 3.3 -HYS_DRIVE_MODE NOHYS -BUS_KEEPER PULLUP -DRIVE 4 -SLEW FAST
Executing : def_port i2c0_sck -LOC J14 -IOSTANDARD LVCMOS33 -VCCIO 3.3 -HYS_DRIVE_MODE NOHYS -BUS_KEEPER PULLUP -DRIVE 4 -SLEW FAST successfully.
Executing : def_port i2c0_sda -LOC J15 -IOSTANDARD LVCMOS33 -VCCIO 3.3 -HYS_DRIVE_MODE NOHYS -BUS_KEEPER PULLUP -DRIVE 4 -SLEW FAST
Executing : def_port i2c0_sda -LOC J15 -IOSTANDARD LVCMOS33 -VCCIO 3.3 -HYS_DRIVE_MODE NOHYS -BUS_KEEPER PULLUP -DRIVE 4 -SLEW FAST successfully.
Executing : def_port {pad_dq_ch0[0]} -LOC T8 -IOSTANDARD SSTL15_I -VCCIO 1.5 -BUS_KEEPER UNUSED -VREF_MODE IN -VREF_MODE_VALUE 0.5 -DDR_TERM_MODE ON -DRIVE 7.5 -SLEW FAST
Executing : def_port {pad_dq_ch0[0]} -LOC T8 -IOSTANDARD SSTL15_I -VCCIO 1.5 -BUS_KEEPER UNUSED -VREF_MODE IN -VREF_MODE_VALUE 0.5 -DDR_TERM_MODE ON -DRIVE 7.5 -SLEW FAST successfully.
Executing : def_port {pad_dq_ch0[1]} -LOC T6 -IOSTANDARD SSTL15_I -VCCIO 1.5 -BUS_KEEPER UNUSED -VREF_MODE IN -VREF_MODE_VALUE 0.5 -DDR_TERM_MODE ON -DRIVE 7.5 -SLEW FAST
Executing : def_port {pad_dq_ch0[1]} -LOC T6 -IOSTANDARD SSTL15_I -VCCIO 1.5 -BUS_KEEPER UNUSED -VREF_MODE IN -VREF_MODE_VALUE 0.5 -DDR_TERM_MODE ON -DRIVE 7.5 -SLEW FAST successfully.
Executing : def_port {pad_dq_ch0[2]} -LOC R6 -IOSTANDARD SSTL15_I -VCCIO 1.5 -BUS_KEEPER UNUSED -VREF_MODE IN -VREF_MODE_VALUE 0.5 -DDR_TERM_MODE ON -DRIVE 7.5 -SLEW FAST
Executing : def_port {pad_dq_ch0[2]} -LOC R6 -IOSTANDARD SSTL15_I -VCCIO 1.5 -BUS_KEEPER UNUSED -VREF_MODE IN -VREF_MODE_VALUE 0.5 -DDR_TERM_MODE ON -DRIVE 7.5 -SLEW FAST successfully.
Executing : def_port {pad_dq_ch0[3]} -LOC R9 -IOSTANDARD SSTL15_I -VCCIO 1.5 -BUS_KEEPER UNUSED -VREF_MODE IN -VREF_MODE_VALUE 0.5 -DDR_TERM_MODE ON -DRIVE 7.5 -SLEW FAST
Executing : def_port {pad_dq_ch0[3]} -LOC R9 -IOSTANDARD SSTL15_I -VCCIO 1.5 -BUS_KEEPER UNUSED -VREF_MODE IN -VREF_MODE_VALUE 0.5 -DDR_TERM_MODE ON -DRIVE 7.5 -SLEW FAST successfully.
Executing : def_port {pad_dq_ch0[4]} -LOC T9 -IOSTANDARD SSTL15_I -VCCIO 1.5 -BUS_KEEPER UNUSED -VREF_MODE IN -VREF_MODE_VALUE 0.5 -DDR_TERM_MODE ON -DRIVE 7.5 -SLEW FAST
Executing : def_port {pad_dq_ch0[4]} -LOC T9 -IOSTANDARD SSTL15_I -VCCIO 1.5 -BUS_KEEPER UNUSED -VREF_MODE IN -VREF_MODE_VALUE 0.5 -DDR_TERM_MODE ON -DRIVE 7.5 -SLEW FAST successfully.
Executing : def_port {pad_dq_ch0[5]} -LOC N4 -IOSTANDARD SSTL15_I -VCCIO 1.5 -BUS_KEEPER UNUSED -VREF_MODE IN -VREF_MODE_VALUE 0.5 -DDR_TERM_MODE ON -DRIVE 7.5 -SLEW FAST
Executing : def_port {pad_dq_ch0[5]} -LOC N4 -IOSTANDARD SSTL15_I -VCCIO 1.5 -BUS_KEEPER UNUSED -VREF_MODE IN -VREF_MODE_VALUE 0.5 -DDR_TERM_MODE ON -DRIVE 7.5 -SLEW FAST successfully.
Executing : def_port {pad_dq_ch0[6]} -LOC N5 -IOSTANDARD SSTL15_I -VCCIO 1.5 -BUS_KEEPER UNUSED -VREF_MODE IN -VREF_MODE_VALUE 0.5 -DDR_TERM_MODE ON -DRIVE 7.5 -SLEW FAST
Executing : def_port {pad_dq_ch0[6]} -LOC N5 -IOSTANDARD SSTL15_I -VCCIO 1.5 -BUS_KEEPER UNUSED -VREF_MODE IN -VREF_MODE_VALUE 0.5 -DDR_TERM_MODE ON -DRIVE 7.5 -SLEW FAST successfully.
Executing : def_port {pad_dq_ch0[7]} -LOC P6 -IOSTANDARD SSTL15_I -VCCIO 1.5 -BUS_KEEPER UNUSED -VREF_MODE IN -VREF_MODE_VALUE 0.5 -DDR_TERM_MODE ON -DRIVE 7.5 -SLEW FAST
Executing : def_port {pad_dq_ch0[7]} -LOC P6 -IOSTANDARD SSTL15_I -VCCIO 1.5 -BUS_KEEPER UNUSED -VREF_MODE IN -VREF_MODE_VALUE 0.5 -DDR_TERM_MODE ON -DRIVE 7.5 -SLEW FAST successfully.
Executing : def_port {pad_dq_ch0[8]} -LOC T4 -IOSTANDARD SSTL15_I -VCCIO 1.5 -BUS_KEEPER UNUSED -VREF_MODE IN -VREF_MODE_VALUE 0.5 -DDR_TERM_MODE ON -DRIVE 7.5 -SLEW FAST
Executing : def_port {pad_dq_ch0[8]} -LOC T4 -IOSTANDARD SSTL15_I -VCCIO 1.5 -BUS_KEEPER UNUSED -VREF_MODE IN -VREF_MODE_VALUE 0.5 -DDR_TERM_MODE ON -DRIVE 7.5 -SLEW FAST successfully.
Executing : def_port {pad_dq_ch0[9]} -LOC V9 -IOSTANDARD SSTL15_I -VCCIO 1.5 -BUS_KEEPER UNUSED -VREF_MODE IN -VREF_MODE_VALUE 0.5 -DDR_TERM_MODE ON -DRIVE 7.5 -SLEW FAST
Executing : def_port {pad_dq_ch0[9]} -LOC V9 -IOSTANDARD SSTL15_I -VCCIO 1.5 -BUS_KEEPER UNUSED -VREF_MODE IN -VREF_MODE_VALUE 0.5 -DDR_TERM_MODE ON -DRIVE 7.5 -SLEW FAST successfully.
Executing : def_port {pad_dq_ch0[10]} -LOC U9 -IOSTANDARD SSTL15_I -VCCIO 1.5 -BUS_KEEPER UNUSED -VREF_MODE IN -VREF_MODE_VALUE 0.5 -DDR_TERM_MODE ON -DRIVE 7.5 -SLEW FAST
Executing : def_port {pad_dq_ch0[10]} -LOC U9 -IOSTANDARD SSTL15_I -VCCIO 1.5 -BUS_KEEPER UNUSED -VREF_MODE IN -VREF_MODE_VALUE 0.5 -DDR_TERM_MODE ON -DRIVE 7.5 -SLEW FAST successfully.
Executing : def_port {pad_dq_ch0[11]} -LOC V7 -IOSTANDARD SSTL15_I -VCCIO 1.5 -BUS_KEEPER UNUSED -VREF_MODE IN -VREF_MODE_VALUE 0.5 -DDR_TERM_MODE ON -DRIVE 7.5 -SLEW FAST
Executing : def_port {pad_dq_ch0[11]} -LOC V7 -IOSTANDARD SSTL15_I -VCCIO 1.5 -BUS_KEEPER UNUSED -VREF_MODE IN -VREF_MODE_VALUE 0.5 -DDR_TERM_MODE ON -DRIVE 7.5 -SLEW FAST successfully.
Executing : def_port {pad_dq_ch0[12]} -LOC U7 -IOSTANDARD SSTL15_I -VCCIO 1.5 -BUS_KEEPER UNUSED -VREF_MODE IN -VREF_MODE_VALUE 0.5 -DDR_TERM_MODE ON -DRIVE 7.5 -SLEW FAST
Executing : def_port {pad_dq_ch0[12]} -LOC U7 -IOSTANDARD SSTL15_I -VCCIO 1.5 -BUS_KEEPER UNUSED -VREF_MODE IN -VREF_MODE_VALUE 0.5 -DDR_TERM_MODE ON -DRIVE 7.5 -SLEW FAST successfully.
Executing : def_port {pad_dq_ch0[13]} -LOC V6 -IOSTANDARD SSTL15_I -VCCIO 1.5 -BUS_KEEPER UNUSED -VREF_MODE IN -VREF_MODE_VALUE 0.5 -DDR_TERM_MODE ON -DRIVE 7.5 -SLEW FAST
Executing : def_port {pad_dq_ch0[13]} -LOC V6 -IOSTANDARD SSTL15_I -VCCIO 1.5 -BUS_KEEPER UNUSED -VREF_MODE IN -VREF_MODE_VALUE 0.5 -DDR_TERM_MODE ON -DRIVE 7.5 -SLEW FAST successfully.
Executing : def_port {pad_dq_ch0[14]} -LOC U6 -IOSTANDARD SSTL15_I -VCCIO 1.5 -BUS_KEEPER UNUSED -VREF_MODE IN -VREF_MODE_VALUE 0.5 -DDR_TERM_MODE ON -DRIVE 7.5 -SLEW FAST
Executing : def_port {pad_dq_ch0[14]} -LOC U6 -IOSTANDARD SSTL15_I -VCCIO 1.5 -BUS_KEEPER UNUSED -VREF_MODE IN -VREF_MODE_VALUE 0.5 -DDR_TERM_MODE ON -DRIVE 7.5 -SLEW FAST successfully.
Executing : def_port {pad_dq_ch0[15]} -LOC V5 -IOSTANDARD SSTL15_I -VCCIO 1.5 -BUS_KEEPER UNUSED -VREF_MODE IN -VREF_MODE_VALUE 0.5 -DDR_TERM_MODE ON -DRIVE 7.5 -SLEW FAST
Executing : def_port {pad_dq_ch0[15]} -LOC V5 -IOSTANDARD SSTL15_I -VCCIO 1.5 -BUS_KEEPER UNUSED -VREF_MODE IN -VREF_MODE_VALUE 0.5 -DDR_TERM_MODE ON -DRIVE 7.5 -SLEW FAST successfully.
Executing : def_port {pad_dqs_ch0[0]} -LOC N6 -IOSTANDARD SSTL15D_I -VCCIO 1.5 -BUS_KEEPER UNUSED -DDR_TERM_MODE ON -DRIVE 7.5 -SLEW FAST
Executing : def_port {pad_dqs_ch0[0]} -LOC N6 -IOSTANDARD SSTL15D_I -VCCIO 1.5 -BUS_KEEPER UNUSED -DDR_TERM_MODE ON -DRIVE 7.5 -SLEW FAST successfully.
Executing : def_port {pad_dqs_ch0[1]} -LOC U8 -IOSTANDARD SSTL15D_I -VCCIO 1.5 -BUS_KEEPER UNUSED -DDR_TERM_MODE ON -DRIVE 7.5 -SLEW FAST
Executing : def_port {pad_dqs_ch0[1]} -LOC U8 -IOSTANDARD SSTL15D_I -VCCIO 1.5 -BUS_KEEPER UNUSED -DDR_TERM_MODE ON -DRIVE 7.5 -SLEW FAST successfully.
Executing : def_port {pad_dqsn_ch0[0]} -LOC N7 -IOSTANDARD SSTL15D_I -VCCIO 1.5 -BUS_KEEPER UNUSED -DDR_TERM_MODE ON -DRIVE 7.5 -SLEW FAST
Executing : def_port {pad_dqsn_ch0[0]} -LOC N7 -IOSTANDARD SSTL15D_I -VCCIO 1.5 -BUS_KEEPER UNUSED -DDR_TERM_MODE ON -DRIVE 7.5 -SLEW FAST successfully.
Executing : def_port {pad_dqsn_ch0[1]} -LOC V8 -IOSTANDARD SSTL15D_I -VCCIO 1.5 -BUS_KEEPER UNUSED -DDR_TERM_MODE ON -DRIVE 7.5 -SLEW FAST
Executing : def_port {pad_dqsn_ch0[1]} -LOC V8 -IOSTANDARD SSTL15D_I -VCCIO 1.5 -BUS_KEEPER UNUSED -DDR_TERM_MODE ON -DRIVE 7.5 -SLEW FAST successfully.
Executing : def_port {LED[0]} -LOC U10 -IOSTANDARD LVCMOS33 -VCCIO 3.3 -BUS_KEEPER NONE -DRIVE 8 -SLEW FAST
Executing : def_port {LED[0]} -LOC U10 -IOSTANDARD LVCMOS33 -VCCIO 3.3 -BUS_KEEPER NONE -DRIVE 8 -SLEW FAST successfully.
Executing : def_port {LED[1]} -LOC V10 -IOSTANDARD LVCMOS33 -VCCIO 3.3 -BUS_KEEPER NONE -DRIVE 8 -SLEW FAST
Executing : def_port {LED[1]} -LOC V10 -IOSTANDARD LVCMOS33 -VCCIO 3.3 -BUS_KEEPER NONE -DRIVE 8 -SLEW FAST successfully.
Executing : def_port {LED[2]} -LOC U11 -IOSTANDARD LVCMOS33 -VCCIO 3.3 -BUS_KEEPER NONE -DRIVE 8 -SLEW FAST
Executing : def_port {LED[2]} -LOC U11 -IOSTANDARD LVCMOS33 -VCCIO 3.3 -BUS_KEEPER NONE -DRIVE 8 -SLEW FAST successfully.
Executing : def_port {LED[3]} -LOC V11 -IOSTANDARD LVCMOS33 -VCCIO 3.3 -BUS_KEEPER NONE -DRIVE 8 -SLEW FAST -OPEN_DRAIN OFF
Executing : def_port {LED[3]} -LOC V11 -IOSTANDARD LVCMOS33 -VCCIO 3.3 -BUS_KEEPER NONE -DRIVE 8 -SLEW FAST -OPEN_DRAIN OFF successfully.
Executing : def_port SD_DCLK -LOC V13 -IOSTANDARD LVCMOS33 -VCCIO 3.3 -BUS_KEEPER PULLUP -DRIVE 4 -SLEW FAST
Executing : def_port SD_DCLK -LOC V13 -IOSTANDARD LVCMOS33 -VCCIO 3.3 -BUS_KEEPER PULLUP -DRIVE 4 -SLEW FAST successfully.
Executing : def_port SD_MOSI -LOC U14 -IOSTANDARD LVCMOS33 -VCCIO 3.3 -BUS_KEEPER PULLUP -DRIVE 4 -SLEW FAST
Executing : def_port SD_MOSI -LOC U14 -IOSTANDARD LVCMOS33 -VCCIO 3.3 -BUS_KEEPER PULLUP -DRIVE 4 -SLEW FAST successfully.
Executing : def_port SD_nCS -LOC V14 -IOSTANDARD LVCMOS33 -VCCIO 3.3 -BUS_KEEPER PULLUP -DRIVE 4 -SLEW FAST
Executing : def_port SD_nCS -LOC V14 -IOSTANDARD LVCMOS33 -VCCIO 3.3 -BUS_KEEPER PULLUP -DRIVE 4 -SLEW FAST successfully.
Executing : def_port TX -LOC C10 -IOSTANDARD LVCMOS33 -VCCIO 3.3 -BUS_KEEPER PULLUP -SLEW FAST
C: ConstraintEditor-2006: [C:/Users/1/Desktop/jc/SD_Int_5_23/pnr/device_map/m1_soc_top.pcf] Port TX lack of drive, output port and inout port had better set drive value, the default value is 4.
Executing : def_port TX -LOC C10 -IOSTANDARD LVCMOS33 -VCCIO 3.3 -BUS_KEEPER PULLUP -SLEW FAST successfully.
Executing : def_port cmos_xclk -LOC H13 -IOSTANDARD LVCMOS33 -VCCIO 3.3 -BUS_KEEPER PULLUP -DRIVE 4 -SLEW FAST -OPEN_DRAIN OFF
Executing : def_port cmos_xclk -LOC H13 -IOSTANDARD LVCMOS33 -VCCIO 3.3 -BUS_KEEPER PULLUP -DRIVE 4 -SLEW FAST -OPEN_DRAIN OFF successfully.
Executing : def_port finish_flag -LOC T11 -IOSTANDARD LVCMOS33 -VCCIO 3.3 -BUS_KEEPER PULLUP -DRIVE 4 -SLEW FAST
Executing : def_port finish_flag -LOC T11 -IOSTANDARD LVCMOS33 -VCCIO 3.3 -BUS_KEEPER PULLUP -DRIVE 4 -SLEW FAST successfully.
Executing : def_port l0_sgmii_clk_shft -LOC H17 -IOSTANDARD LVCMOS33 -VCCIO 3.3 -DRIVE 4 -SLEW FAST
Executing : def_port l0_sgmii_clk_shft -LOC H17 -IOSTANDARD LVCMOS33 -VCCIO 3.3 -DRIVE 4 -SLEW FAST successfully.
Executing : def_port {pad_addr_ch0[0]} -LOC M4 -IOSTANDARD SSTL15_I -VCCIO 1.5 -BUS_KEEPER UNUSED -DRIVE 7.5 -SLEW FAST
Executing : def_port {pad_addr_ch0[0]} -LOC M4 -IOSTANDARD SSTL15_I -VCCIO 1.5 -BUS_KEEPER UNUSED -DRIVE 7.5 -SLEW FAST successfully.
Executing : def_port {pad_addr_ch0[1]} -LOC M3 -IOSTANDARD SSTL15_I -VCCIO 1.5 -BUS_KEEPER UNUSED -DRIVE 7.5 -SLEW FAST
Executing : def_port {pad_addr_ch0[1]} -LOC M3 -IOSTANDARD SSTL15_I -VCCIO 1.5 -BUS_KEEPER UNUSED -DRIVE 7.5 -SLEW FAST successfully.
Executing : def_port {pad_addr_ch0[2]} -LOC P2 -IOSTANDARD SSTL15_I -VCCIO 1.5 -BUS_KEEPER UNUSED -DRIVE 7.5 -SLEW FAST
Executing : def_port {pad_addr_ch0[2]} -LOC P2 -IOSTANDARD SSTL15_I -VCCIO 1.5 -BUS_KEEPER UNUSED -DRIVE 7.5 -SLEW FAST successfully.
Executing : def_port {pad_addr_ch0[3]} -LOC P1 -IOSTANDARD SSTL15_I -VCCIO 1.5 -BUS_KEEPER UNUSED -DRIVE 7.5 -SLEW FAST
Executing : def_port {pad_addr_ch0[3]} -LOC P1 -IOSTANDARD SSTL15_I -VCCIO 1.5 -BUS_KEEPER UNUSED -DRIVE 7.5 -SLEW FAST successfully.
Executing : def_port {pad_addr_ch0[4]} -LOC L5 -IOSTANDARD SSTL15_I -VCCIO 1.5 -BUS_KEEPER UNUSED -DRIVE 7.5 -SLEW FAST
Executing : def_port {pad_addr_ch0[4]} -LOC L5 -IOSTANDARD SSTL15_I -VCCIO 1.5 -BUS_KEEPER UNUSED -DRIVE 7.5 -SLEW FAST successfully.
Executing : def_port {pad_addr_ch0[5]} -LOC M5 -IOSTANDARD SSTL15_I -VCCIO 1.5 -BUS_KEEPER UNUSED -DRIVE 7.5 -SLEW FAST
Executing : def_port {pad_addr_ch0[5]} -LOC M5 -IOSTANDARD SSTL15_I -VCCIO 1.5 -BUS_KEEPER UNUSED -DRIVE 7.5 -SLEW FAST successfully.
Executing : def_port {pad_addr_ch0[6]} -LOC N2 -IOSTANDARD SSTL15_I -VCCIO 1.5 -BUS_KEEPER UNUSED -DRIVE 7.5 -SLEW FAST
Executing : def_port {pad_addr_ch0[6]} -LOC N2 -IOSTANDARD SSTL15_I -VCCIO 1.5 -BUS_KEEPER UNUSED -DRIVE 7.5 -SLEW FAST successfully.
Executing : def_port {pad_addr_ch0[7]} -LOC N1 -IOSTANDARD SSTL15_I -VCCIO 1.5 -BUS_KEEPER UNUSED -DRIVE 7.5 -SLEW FAST
Executing : def_port {pad_addr_ch0[7]} -LOC N1 -IOSTANDARD SSTL15_I -VCCIO 1.5 -BUS_KEEPER UNUSED -DRIVE 7.5 -SLEW FAST successfully.
Executing : def_port {pad_addr_ch0[8]} -LOC K4 -IOSTANDARD SSTL15_I -VCCIO 1.5 -BUS_KEEPER UNUSED -DRIVE 7.5 -SLEW FAST
Executing : def_port {pad_addr_ch0[8]} -LOC K4 -IOSTANDARD SSTL15_I -VCCIO 1.5 -BUS_KEEPER UNUSED -DRIVE 7.5 -SLEW FAST successfully.
Executing : def_port {pad_addr_ch0[9]} -LOC M1 -IOSTANDARD SSTL15_I -VCCIO 1.5 -BUS_KEEPER UNUSED -DRIVE 7.5 -SLEW FAST
Executing : def_port {pad_addr_ch0[9]} -LOC M1 -IOSTANDARD SSTL15_I -VCCIO 1.5 -BUS_KEEPER UNUSED -DRIVE 7.5 -SLEW FAST successfully.
Executing : def_port {pad_addr_ch0[10]} -LOC M6 -IOSTANDARD SSTL15_I -VCCIO 1.5 -BUS_KEEPER UNUSED -DRIVE 7.5 -SLEW FAST
Executing : def_port {pad_addr_ch0[10]} -LOC M6 -IOSTANDARD SSTL15_I -VCCIO 1.5 -BUS_KEEPER UNUSED -DRIVE 7.5 -SLEW FAST successfully.
Executing : def_port {pad_addr_ch0[11]} -LOC L1 -IOSTANDARD SSTL15_I -VCCIO 1.5 -BUS_KEEPER UNUSED -DRIVE 7.5 -SLEW FAST
Executing : def_port {pad_addr_ch0[11]} -LOC L1 -IOSTANDARD SSTL15_I -VCCIO 1.5 -BUS_KEEPER UNUSED -DRIVE 7.5 -SLEW FAST successfully.
Executing : def_port {pad_addr_ch0[12]} -LOC K2 -IOSTANDARD SSTL15_I -VCCIO 1.5 -BUS_KEEPER UNUSED -DRIVE 7.5 -SLEW FAST
Executing : def_port {pad_addr_ch0[12]} -LOC K2 -IOSTANDARD SSTL15_I -VCCIO 1.5 -BUS_KEEPER UNUSED -DRIVE 7.5 -SLEW FAST successfully.
Executing : def_port {pad_addr_ch0[13]} -LOC K1 -IOSTANDARD SSTL15_I -VCCIO 1.5 -BUS_KEEPER UNUSED -DRIVE 7.5 -SLEW FAST
Executing : def_port {pad_addr_ch0[13]} -LOC K1 -IOSTANDARD SSTL15_I -VCCIO 1.5 -BUS_KEEPER UNUSED -DRIVE 7.5 -SLEW FAST successfully.
Executing : def_port {pad_addr_ch0[14]} -LOC J2 -IOSTANDARD SSTL15_I -VCCIO 1.5 -BUS_KEEPER UNUSED -DRIVE 7.5 -SLEW FAST
Executing : def_port {pad_addr_ch0[14]} -LOC J2 -IOSTANDARD SSTL15_I -VCCIO 1.5 -BUS_KEEPER UNUSED -DRIVE 7.5 -SLEW FAST successfully.
Executing : def_port {pad_addr_ch0[15]} -LOC J1 -IOSTANDARD SSTL15_I -VCCIO 1.5 -BUS_KEEPER UNUSED -DRIVE 7.5 -SLEW FAST
Executing : def_port {pad_addr_ch0[15]} -LOC J1 -IOSTANDARD SSTL15_I -VCCIO 1.5 -BUS_KEEPER UNUSED -DRIVE 7.5 -SLEW FAST successfully.
Executing : def_port {pad_ba_ch0[0]} -LOC U2 -IOSTANDARD SSTL15_I -VCCIO 1.5 -BUS_KEEPER UNUSED -DRIVE 7.5 -SLEW FAST
Executing : def_port {pad_ba_ch0[0]} -LOC U2 -IOSTANDARD SSTL15_I -VCCIO 1.5 -BUS_KEEPER UNUSED -DRIVE 7.5 -SLEW FAST successfully.
Executing : def_port {pad_ba_ch0[1]} -LOC U1 -IOSTANDARD SSTL15_I -VCCIO 1.5 -BUS_KEEPER UNUSED -DRIVE 7.5 -SLEW FAST
Executing : def_port {pad_ba_ch0[1]} -LOC U1 -IOSTANDARD SSTL15_I -VCCIO 1.5 -BUS_KEEPER UNUSED -DRIVE 7.5 -SLEW FAST successfully.
Executing : def_port {pad_ba_ch0[2]} -LOC T2 -IOSTANDARD SSTL15_I -VCCIO 1.5 -BUS_KEEPER UNUSED -DRIVE 7.5 -SLEW FAST
Executing : def_port {pad_ba_ch0[2]} -LOC T2 -IOSTANDARD SSTL15_I -VCCIO 1.5 -BUS_KEEPER UNUSED -DRIVE 7.5 -SLEW FAST successfully.
Executing : def_port pad_casn_ch0 -LOC T1 -IOSTANDARD SSTL15_I -VCCIO 1.5 -BUS_KEEPER UNUSED -DRIVE 7.5 -SLEW FAST
Executing : def_port pad_casn_ch0 -LOC T1 -IOSTANDARD SSTL15_I -VCCIO 1.5 -BUS_KEEPER UNUSED -DRIVE 7.5 -SLEW FAST successfully.
Executing : def_port pad_cke_ch0 -LOC L4 -IOSTANDARD SSTL15_I -VCCIO 1.5 -BUS_KEEPER UNUSED -DRIVE 7.5 -SLEW FAST
Executing : def_port pad_cke_ch0 -LOC L4 -IOSTANDARD SSTL15_I -VCCIO 1.5 -BUS_KEEPER UNUSED -DRIVE 7.5 -SLEW FAST successfully.
Executing : def_port pad_csn_ch0 -LOC R1 -IOSTANDARD SSTL15_I -VCCIO 1.5 -BUS_KEEPER UNUSED -DRIVE 7.5 -SLEW FAST
Executing : def_port pad_csn_ch0 -LOC R1 -IOSTANDARD SSTL15_I -VCCIO 1.5 -BUS_KEEPER UNUSED -DRIVE 7.5 -SLEW FAST successfully.
Executing : def_port pad_ddr_clk_w -LOC U3 -IOSTANDARD SSTL15D_I -VCCIO 1.5 -BUS_KEEPER UNUSED -DRIVE 7.5 -SLEW FAST
Executing : def_port pad_ddr_clk_w -LOC U3 -IOSTANDARD SSTL15D_I -VCCIO 1.5 -BUS_KEEPER UNUSED -DRIVE 7.5 -SLEW FAST successfully.
Executing : def_port pad_ddr_clkn_w -LOC V3 -IOSTANDARD SSTL15D_I -VCCIO 1.5 -BUS_KEEPER UNUSED -DRIVE 7.5 -SLEW FAST
Executing : def_port pad_ddr_clkn_w -LOC V3 -IOSTANDARD SSTL15D_I -VCCIO 1.5 -BUS_KEEPER UNUSED -DRIVE 7.5 -SLEW FAST successfully.
Executing : def_port {pad_dm_rdqs_ch0[0]} -LOC R8 -IOSTANDARD SSTL15_I -VCCIO 1.5 -BUS_KEEPER UNUSED -DRIVE 7.5 -SLEW FAST
Executing : def_port {pad_dm_rdqs_ch0[0]} -LOC R8 -IOSTANDARD SSTL15_I -VCCIO 1.5 -BUS_KEEPER UNUSED -DRIVE 7.5 -SLEW FAST successfully.
Executing : def_port {pad_dm_rdqs_ch0[1]} -LOC U5 -IOSTANDARD SSTL15_I -VCCIO 1.5 -BUS_KEEPER UNUSED -DRIVE 7.5 -SLEW FAST
Executing : def_port {pad_dm_rdqs_ch0[1]} -LOC U5 -IOSTANDARD SSTL15_I -VCCIO 1.5 -BUS_KEEPER UNUSED -DRIVE 7.5 -SLEW FAST successfully.
Executing : def_port pad_loop_out -LOC P8 -IOSTANDARD SSTL15_I -VCCIO 1.5 -BUS_KEEPER UNUSED -DRIVE 7.5 -SLEW FAST
Executing : def_port pad_loop_out -LOC P8 -IOSTANDARD SSTL15_I -VCCIO 1.5 -BUS_KEEPER UNUSED -DRIVE 7.5 -SLEW FAST successfully.
Executing : def_port pad_loop_out_h -LOC U4 -IOSTANDARD SSTL15_I -VCCIO 1.5 -BUS_KEEPER UNUSED -DRIVE 7.5 -SLEW FAST
Executing : def_port pad_loop_out_h -LOC U4 -IOSTANDARD SSTL15_I -VCCIO 1.5 -BUS_KEEPER UNUSED -DRIVE 7.5 -SLEW FAST successfully.
Executing : def_port pad_odt_ch0 -LOC V2 -IOSTANDARD SSTL15_I -VCCIO 1.5 -BUS_KEEPER UNUSED -DRIVE 7.5 -SLEW FAST
Executing : def_port pad_odt_ch0 -LOC V2 -IOSTANDARD SSTL15_I -VCCIO 1.5 -BUS_KEEPER UNUSED -DRIVE 7.5 -SLEW FAST successfully.
Executing : def_port pad_rasn_ch0 -LOC R2 -IOSTANDARD SSTL15_I -VCCIO 1.5 -BUS_KEEPER UNUSED -DRIVE 7.5 -SLEW FAST
Executing : def_port pad_rasn_ch0 -LOC R2 -IOSTANDARD SSTL15_I -VCCIO 1.5 -BUS_KEEPER UNUSED -DRIVE 7.5 -SLEW FAST successfully.
Executing : def_port pad_rstn_ch0 -LOC M2 -IOSTANDARD SSTL15_I -VCCIO 1.5 -BUS_KEEPER UNUSED -DRIVE 7.5 -SLEW FAST
Executing : def_port pad_rstn_ch0 -LOC M2 -IOSTANDARD SSTL15_I -VCCIO 1.5 -BUS_KEEPER UNUSED -DRIVE 7.5 -SLEW FAST successfully.
Executing : def_port pad_wen_ch0 -LOC V1 -IOSTANDARD SSTL15_I -VCCIO 1.5 -BUS_KEEPER UNUSED -DRIVE 7.5 -SLEW FAST
Executing : def_port pad_wen_ch0 -LOC V1 -IOSTANDARD SSTL15_I -VCCIO 1.5 -BUS_KEEPER UNUSED -DRIVE 7.5 -SLEW FAST successfully.
Executing : def_port phy_tx_en -LOC G18 -IOSTANDARD LVCMOS33 -VCCIO 3.3 -BUS_KEEPER PULLUP -DRIVE 8 -SLEW FAST -OPEN_DRAIN OFF
Executing : def_port phy_tx_en -LOC G18 -IOSTANDARD LVCMOS33 -VCCIO 3.3 -BUS_KEEPER PULLUP -DRIVE 8 -SLEW FAST -OPEN_DRAIN OFF successfully.
Executing : def_port phy_txd0 -LOC G17 -IOSTANDARD LVCMOS33 -VCCIO 3.3 -BUS_KEEPER PULLUP -DRIVE 8 -SLEW FAST -OPEN_DRAIN OFF
Executing : def_port phy_txd0 -LOC G17 -IOSTANDARD LVCMOS33 -VCCIO 3.3 -BUS_KEEPER PULLUP -DRIVE 8 -SLEW FAST -OPEN_DRAIN OFF successfully.
Executing : def_port phy_txd1 -LOC F18 -IOSTANDARD LVCMOS33 -VCCIO 3.3 -BUS_KEEPER PULLUP -DRIVE 8 -SLEW FAST -OPEN_DRAIN OFF
Executing : def_port phy_txd1 -LOC F18 -IOSTANDARD LVCMOS33 -VCCIO 3.3 -BUS_KEEPER PULLUP -DRIVE 8 -SLEW FAST -OPEN_DRAIN OFF successfully.
Executing : def_port phy_txd2 -LOC F17 -IOSTANDARD LVCMOS33 -VCCIO 3.3 -BUS_KEEPER PULLUP -DRIVE 8 -SLEW FAST -OPEN_DRAIN OFF
Executing : def_port phy_txd2 -LOC F17 -IOSTANDARD LVCMOS33 -VCCIO 3.3 -BUS_KEEPER PULLUP -DRIVE 8 -SLEW FAST -OPEN_DRAIN OFF successfully.
Executing : def_port phy_txd3 -LOC G16 -IOSTANDARD LVCMOS33 -VCCIO 3.3 -BUS_KEEPER PULLUP -DRIVE 8 -SLEW FAST -OPEN_DRAIN OFF
Executing : def_port phy_txd3 -LOC G16 -IOSTANDARD LVCMOS33 -VCCIO 3.3 -BUS_KEEPER PULLUP -DRIVE 8 -SLEW FAST -OPEN_DRAIN OFF successfully.
Executing : def_port req_flag -LOC R11 -IOSTANDARD LVCMOS33 -VCCIO 3.3 -BUS_KEEPER PULLUP -DRIVE 4 -SLEW FAST
Executing : def_port req_flag -LOC R11 -IOSTANDARD LVCMOS33 -VCCIO 3.3 -BUS_KEEPER PULLUP -DRIVE 4 -SLEW FAST successfully.
Executing : def_port spi0_clk -LOC C9 -IOSTANDARD LVCMOS33 -VCCIO 3.3 -BUS_KEEPER NONE -DRIVE 4
C: ConstraintEditor-2007: [C:/Users/1/Desktop/jc/SD_Int_5_23/pnr/device_map/m1_soc_top.pcf] Port spi0_clk lack of slew, output port and inout port had better set slew value, the default value is SLOW.
Executing : def_port spi0_clk -LOC C9 -IOSTANDARD LVCMOS33 -VCCIO 3.3 -BUS_KEEPER NONE -DRIVE 4 successfully.
Executing : def_port spi0_cs -LOC B8 -IOSTANDARD LVCMOS33 -VCCIO 3.3 -BUS_KEEPER PULLUP -DRIVE 4
C: ConstraintEditor-2007: [C:/Users/1/Desktop/jc/SD_Int_5_23/pnr/device_map/m1_soc_top.pcf] Port spi0_cs lack of slew, output port and inout port had better set slew value, the default value is SLOW.
Executing : def_port spi0_cs -LOC B8 -IOSTANDARD LVCMOS33 -VCCIO 3.3 -BUS_KEEPER PULLUP -DRIVE 4 successfully.
Executing : def_port spi0_mosi -LOC B4 -IOSTANDARD LVCMOS33 -VCCIO 3.3 -BUS_KEEPER PULLUP -DRIVE 4
C: ConstraintEditor-2007: [C:/Users/1/Desktop/jc/SD_Int_5_23/pnr/device_map/m1_soc_top.pcf] Port spi0_mosi lack of slew, output port and inout port had better set slew value, the default value is SLOW.
Executing : def_port spi0_mosi -LOC B4 -IOSTANDARD LVCMOS33 -VCCIO 3.3 -BUS_KEEPER PULLUP -DRIVE 4 successfully.
Executing : def_port RX -LOC A12 -IOSTANDARD LVCMOS33 -VCCIO 3.3 -BUS_KEEPER PULLUP
C: ConstraintEditor-2002: [C:/Users/1/Desktop/jc/SD_Int_5_23/pnr/device_map/m1_soc_top.pcf(line number: 77)] | Port RX has been placed at location A12, whose type is share pin.
Executing : def_port RX -LOC A12 -IOSTANDARD LVCMOS33 -VCCIO 3.3 -BUS_KEEPER PULLUP successfully.
Executing : def_port SD_MISO -LOC U13 -IOSTANDARD LVTTL33 -VCCIO 3.3 -BUS_KEEPER PULLUP
Executing : def_port SD_MISO -LOC U13 -IOSTANDARD LVTTL33 -VCCIO 3.3 -BUS_KEEPER PULLUP successfully.
Executing : def_port {cmos_db[0]} -LOC E18 -IOSTANDARD LVCMOS33 -VCCIO 3.3 -HYS_DRIVE_MODE NOHYS -BUS_KEEPER PULLUP
C: ConstraintEditor-2002: [C:/Users/1/Desktop/jc/SD_Int_5_23/pnr/device_map/m1_soc_top.pcf(line number: 79)] | Port cmos_db[0] has been placed at location E18, whose type is share pin.
Executing : def_port {cmos_db[0]} -LOC E18 -IOSTANDARD LVCMOS33 -VCCIO 3.3 -HYS_DRIVE_MODE NOHYS -BUS_KEEPER PULLUP successfully.
Executing : def_port {cmos_db[1]} -LOC D18 -IOSTANDARD LVCMOS33 -VCCIO 3.3 -HYS_DRIVE_MODE NOHYS -BUS_KEEPER PULLUP
C: ConstraintEditor-2002: [C:/Users/1/Desktop/jc/SD_Int_5_23/pnr/device_map/m1_soc_top.pcf(line number: 80)] | Port cmos_db[1] has been placed at location D18, whose type is share pin.
Executing : def_port {cmos_db[1]} -LOC D18 -IOSTANDARD LVCMOS33 -VCCIO 3.3 -HYS_DRIVE_MODE NOHYS -BUS_KEEPER PULLUP successfully.
Executing : def_port {cmos_db[2]} -LOC F14 -IOSTANDARD LVCMOS33 -VCCIO 3.3 -HYS_DRIVE_MODE NOHYS -BUS_KEEPER PULLUP
C: ConstraintEditor-2002: [C:/Users/1/Desktop/jc/SD_Int_5_23/pnr/device_map/m1_soc_top.pcf(line number: 81)] | Port cmos_db[2] has been placed at location F14, whose type is share pin.
Executing : def_port {cmos_db[2]} -LOC F14 -IOSTANDARD LVCMOS33 -VCCIO 3.3 -HYS_DRIVE_MODE NOHYS -BUS_KEEPER PULLUP successfully.
Executing : def_port {cmos_db[3]} -LOC F13 -IOSTANDARD LVCMOS33 -VCCIO 3.3 -HYS_DRIVE_MODE NOHYS -BUS_KEEPER PULLUP
Executing : def_port {cmos_db[3]} -LOC F13 -IOSTANDARD LVCMOS33 -VCCIO 3.3 -HYS_DRIVE_MODE NOHYS -BUS_KEEPER PULLUP successfully.
Executing : def_port {cmos_db[4]} -LOC E17 -IOSTANDARD LVCMOS33 -VCCIO 3.3 -HYS_DRIVE_MODE NOHYS -BUS_KEEPER PULLUP
C: ConstraintEditor-2002: [C:/Users/1/Desktop/jc/SD_Int_5_23/pnr/device_map/m1_soc_top.pcf(line number: 83)] | Port cmos_db[4] has been placed at location E17, whose type is share pin.
Executing : def_port {cmos_db[4]} -LOC E17 -IOSTANDARD LVCMOS33 -VCCIO 3.3 -HYS_DRIVE_MODE NOHYS -BUS_KEEPER PULLUP successfully.
Executing : def_port {cmos_db[5]} -LOC D17 -IOSTANDARD LVCMOS33 -VCCIO 3.3 -HYS_DRIVE_MODE NOHYS -BUS_KEEPER PULLUP
C: ConstraintEditor-2002: [C:/Users/1/Desktop/jc/SD_Int_5_23/pnr/device_map/m1_soc_top.pcf(line number: 84)] | Port cmos_db[5] has been placed at location D17, whose type is share pin.
Executing : def_port {cmos_db[5]} -LOC D17 -IOSTANDARD LVCMOS33 -VCCIO 3.3 -HYS_DRIVE_MODE NOHYS -BUS_KEEPER PULLUP successfully.
Executing : def_port {cmos_db[6]} -LOC G14 -IOSTANDARD LVCMOS33 -VCCIO 3.3 -HYS_DRIVE_MODE NOHYS -BUS_KEEPER PULLUP
C: ConstraintEditor-2002: [C:/Users/1/Desktop/jc/SD_Int_5_23/pnr/device_map/m1_soc_top.pcf(line number: 85)] | Port cmos_db[6] has been placed at location G14, whose type is share pin.
Executing : def_port {cmos_db[6]} -LOC G14 -IOSTANDARD LVCMOS33 -VCCIO 3.3 -HYS_DRIVE_MODE NOHYS -BUS_KEEPER PULLUP successfully.
Executing : def_port {cmos_db[7]} -LOC G13 -IOSTANDARD LVCMOS33 -VCCIO 3.3 -HYS_DRIVE_MODE NOHYS -BUS_KEEPER PULLUP
C: ConstraintEditor-2002: [C:/Users/1/Desktop/jc/SD_Int_5_23/pnr/device_map/m1_soc_top.pcf(line number: 86)] | Port cmos_db[7] has been placed at location G13, whose type is share pin.
Executing : def_port {cmos_db[7]} -LOC G13 -IOSTANDARD LVCMOS33 -VCCIO 3.3 -HYS_DRIVE_MODE NOHYS -BUS_KEEPER PULLUP successfully.
Executing : def_port cmos_href -LOC H14 -IOSTANDARD LVCMOS33 -VCCIO 3.3 -HYS_DRIVE_MODE NOHYS -BUS_KEEPER PULLUP
C: ConstraintEditor-2002: [C:/Users/1/Desktop/jc/SD_Int_5_23/pnr/device_map/m1_soc_top.pcf(line number: 87)] | Port cmos_href has been placed at location H14, whose type is share pin.
Executing : def_port cmos_href -LOC H14 -IOSTANDARD LVCMOS33 -VCCIO 3.3 -HYS_DRIVE_MODE NOHYS -BUS_KEEPER PULLUP successfully.
Executing : def_port cmos_pclk -LOC J17 -IOSTANDARD LVCMOS33 -VCCIO 3.3 -HYS_DRIVE_MODE NOHYS -BUS_KEEPER PULLUP
Executing : def_port cmos_pclk -LOC J17 -IOSTANDARD LVCMOS33 -VCCIO 3.3 -HYS_DRIVE_MODE NOHYS -BUS_KEEPER PULLUP successfully.
Executing : def_port cmos_vsync -LOC J18 -IOSTANDARD LVCMOS33 -VCCIO 3.3 -HYS_DRIVE_MODE NOHYS -BUS_KEEPER PULLUP
Executing : def_port cmos_vsync -LOC J18 -IOSTANDARD LVCMOS33 -VCCIO 3.3 -HYS_DRIVE_MODE NOHYS -BUS_KEEPER PULLUP successfully.
Executing : def_port ex_clk_50m -LOC B5 -IOSTANDARD LVCMOS33 -VCCIO 3.3 -HYS_DRIVE_MODE NOHYS -BUS_KEEPER PULLUP
Executing : def_port ex_clk_50m -LOC B5 -IOSTANDARD LVCMOS33 -VCCIO 3.3 -HYS_DRIVE_MODE NOHYS -BUS_KEEPER PULLUP successfully.
Executing : def_port gpio_in0 -LOC P17 -IOSTANDARD LVCMOS33 -VCCIO 3.3 -BUS_KEEPER NONE
Executing : def_port gpio_in0 -LOC P17 -IOSTANDARD LVCMOS33 -VCCIO 3.3 -BUS_KEEPER NONE successfully.
Executing : def_port pad_loop_in -LOC P7 -IOSTANDARD SSTL15_I -VCCIO 1.5 -BUS_KEEPER UNUSED -VREF_MODE IN -VREF_MODE_VALUE 0.5 -DDR_TERM_MODE ON
Executing : def_port pad_loop_in -LOC P7 -IOSTANDARD SSTL15_I -VCCIO 1.5 -BUS_KEEPER UNUSED -VREF_MODE IN -VREF_MODE_VALUE 0.5 -DDR_TERM_MODE ON successfully.
Executing : def_port pad_loop_in_h -LOC V4 -IOSTANDARD SSTL15_I -VCCIO 1.5 -BUS_KEEPER UNUSED -VREF_MODE IN -VREF_MODE_VALUE 0.5 -DDR_TERM_MODE ON
Executing : def_port pad_loop_in_h -LOC V4 -IOSTANDARD SSTL15_I -VCCIO 1.5 -BUS_KEEPER UNUSED -VREF_MODE IN -VREF_MODE_VALUE 0.5 -DDR_TERM_MODE ON successfully.
Executing : def_port phy_rx_dv -LOC L16 -IOSTANDARD LVCMOS33 -VCCIO 3.3 -HYS_DRIVE_MODE NOHYS -BUS_KEEPER PULLUP
Executing : def_port phy_rx_dv -LOC L16 -IOSTANDARD LVCMOS33 -VCCIO 3.3 -HYS_DRIVE_MODE NOHYS -BUS_KEEPER PULLUP successfully.
Executing : def_port phy_rxd0 -LOC M16 -IOSTANDARD LVCMOS33 -VCCIO 3.3 -HYS_DRIVE_MODE NOHYS -BUS_KEEPER PULLUP
Executing : def_port phy_rxd0 -LOC M16 -IOSTANDARD LVCMOS33 -VCCIO 3.3 -HYS_DRIVE_MODE NOHYS -BUS_KEEPER PULLUP successfully.
Executing : def_port phy_rxd1 -LOC M18 -IOSTANDARD LVCMOS33 -VCCIO 3.3 -HYS_DRIVE_MODE NOHYS -BUS_KEEPER PULLUP
Executing : def_port phy_rxd1 -LOC M18 -IOSTANDARD LVCMOS33 -VCCIO 3.3 -HYS_DRIVE_MODE NOHYS -BUS_KEEPER PULLUP successfully.
Executing : def_port phy_rxd2 -LOC K18 -IOSTANDARD LVCMOS33 -VCCIO 3.3 -HYS_DRIVE_MODE NOHYS -BUS_KEEPER PULLUP
Executing : def_port phy_rxd2 -LOC K18 -IOSTANDARD LVCMOS33 -VCCIO 3.3 -HYS_DRIVE_MODE NOHYS -BUS_KEEPER PULLUP successfully.
Executing : def_port phy_rxd3 -LOC K17 -IOSTANDARD LVCMOS33 -VCCIO 3.3 -HYS_DRIVE_MODE NOHYS -BUS_KEEPER PULLUP
Executing : def_port phy_rxd3 -LOC K17 -IOSTANDARD LVCMOS33 -VCCIO 3.3 -HYS_DRIVE_MODE NOHYS -BUS_KEEPER PULLUP successfully.
Executing : def_port rst_key -LOC V12 -IOSTANDARD LVCMOS33 -VCCIO 3.3 -HYS_DRIVE_MODE NOHYS -BUS_KEEPER PULLUP
Executing : def_port rst_key -LOC V12 -IOSTANDARD LVCMOS33 -VCCIO 3.3 -HYS_DRIVE_MODE NOHYS -BUS_KEEPER PULLUP successfully.
Executing : def_port rx_clki -LOC H18 -IOSTANDARD LVCMOS33 -VCCIO 3.3 -HYS_DRIVE_MODE NOHYS -BUS_KEEPER PULLUP
Executing : def_port rx_clki -LOC H18 -IOSTANDARD LVCMOS33 -VCCIO 3.3 -HYS_DRIVE_MODE NOHYS -BUS_KEEPER PULLUP successfully.
Executing : def_port spi0_miso -LOC A4 -IOSTANDARD LVCMOS33 -VCCIO 3.3 -BUS_KEEPER PULLUP
C: ConstraintEditor-2002: [C:/Users/1/Desktop/jc/SD_Int_5_23/pnr/device_map/m1_soc_top.pcf(line number: 101)] | Port spi0_miso has been placed at location A4, whose type is share pin.
Executing : def_port spi0_miso -LOC A4 -IOSTANDARD LVCMOS33 -VCCIO 3.3 -BUS_KEEPER PULLUP successfully.
Executing : def_inst_site u_DDR3/u_pll_50_400/u_pll_e1/goppll PLL_82_71
Executing : def_inst_site u_DDR3/u_pll_50_400/u_pll_e1/goppll PLL_82_71 successfully.
Executing : apply_constraint -f C:/Users/1/Desktop/jc/SD_Int_5_23/pnr/device_map/m1_soc_top.pcf successfully.

Placement started.
Mapping instance u_DDR3/u_ipsl_hmic_h_phy_top/u_phy_io/u_gtp_ddrphy/gateop_DDRC to HMEMC_16_1.
Mapping instance u_DDR3/u_ipsl_hmic_h_phy_top/u_phy_io/dqs2_dut/opit_0 to DQSL_6_96.
Mapping instance u_DDR3/u_ipsl_hmic_h_phy_top/u_phy_io/dqs0_dut/opit_0 to DQSL_6_24.
Mapping instance u_DDR3/u_ipsl_hmic_h_phy_top/u_phy_io/dll_hmemc_dut/gopdll to DLL_7_59.
Mapping instance u_DDR3/u_ipsl_hmic_h_phy_top/u_phy_io/dqs1_dut/opit_0 to DQSL_6_52.
Mapping instance u_DDR3/u_ipsl_hmic_h_phy_top/u_phy_io/dqs3_dut/opit_0 to DQSL_6_148.
Mapping instance u_DDR3/u_ipsl_hmic_h_phy_top/u_phy_io/dqs4_dut/opit_0 to DQSL_6_176.
Mapping instance u_DDR3/u_ipsl_hmic_h_phy_top/u_phy_io/ioclkdiv_dut/gopclkdiv to IOCKDIV_6_64.
Mapping instance u_GTP_IOCLKDELAY/opit_0 to IOCKDLY_150_185.
Mapping instance cmos_PLL/u_pll_e1/goppll to PLL_82_319.
Mapping instance u_DDR3/u_ipsl_hmic_h_phy_top/u_phy_io/ioclkbuf01_dut/gopclkgate to IOCKGATE_6_56.
Mapping instance u_DDR3/u_ipsl_hmic_h_phy_top/u_phy_io/ioclkbuf02_dut/gopclkgate to IOCKGATE_6_181.
Mapping instance clkbufg_2/gopclkbufg to USCM_74_104.
Mapping instance u_GTP_CLKBUFG/gopclkbufg to USCM_74_105.
Mapping instance clkbufg_1/gopclkbufg to USCM_74_106.
Mapping instance clkbufg_0/gopclkbufg to USCM_74_107.
Mapping instance cmos_pclkbufg/gopclkbufg to USCM_74_108.
Mapping instance u_cmos_xclk/gopclkbufg to USCM_74_109.
Pre global placement takes 33.48 sec.
Run super clustering :
	Initial slack -6623.
	10 iterations finished.
	Final slack -972.
Super clustering done.
Design Utilization : 53%.
Global placement takes 30.28 sec.
Wirelength after global placement is 123461.
Placed fixed group with base inst LED_obuf[0]/opit_1 on IOL_151_114.
Placed fixed group with base inst LED_obuf[1]/opit_1 on IOL_151_113.
Placed fixed group with base inst LED_obuf[2]/opit_1 on IOL_151_102.
Placed fixed group with base inst LED_obuf[3]/opit_1 on IOL_151_101.
Placed fixed group with base inst RX_ibuf/opit_1 on IOL_151_333.
Placed fixed group with base inst SD_DCLK_obuf/opit_1 on IOL_151_109.
Placed fixed group with base inst SD_MISO_ibuf/opit_1 on IOL_151_110.
Placed fixed group with base inst SD_MOSI_obuf/opit_1 on IOL_151_38.
Placed fixed group with base inst SD_nCS_obuf/opit_1 on IOL_151_37.
Placed fixed group with base inst TX_obuf/opit_1 on IOL_151_361.
Placed fixed instance clkbufg_0/gopclkbufg on USCM_74_107.
Placed fixed instance clkbufg_1/gopclkbufg on USCM_74_106.
Placed fixed instance clkbufg_2/gopclkbufg on USCM_74_104.
Placed fixed instance cmos_PLL/u_pll_e1/goppll on PLL_82_319.
Placed fixed group with base inst cmos_db_ibuf[0]/opit_1 on IOL_151_254.
Placed fixed group with base inst cmos_db_ibuf[1]/opit_1 on IOL_151_258.
Placed fixed group with base inst cmos_db_ibuf[2]/opit_1 on IOL_151_242.
Placed fixed group with base inst cmos_db_ibuf[3]/opit_1 on IOL_151_241.
Placed fixed group with base inst cmos_db_ibuf[4]/opit_1 on IOL_151_253.
Placed fixed group with base inst cmos_db_ibuf[5]/opit_1 on IOL_151_257.
Placed fixed group with base inst cmos_db_ibuf[6]/opit_1 on IOL_151_234.
Placed fixed group with base inst cmos_db_ibuf[7]/opit_1 on IOL_151_233.
Placed fixed group with base inst cmos_href_ibuf/opit_1 on IOL_151_226.
Placed fixed group with base inst cmos_pclk_ibuf/opit_1 on IOL_151_173.
Placed fixed instance cmos_pclkbufg/gopclkbufg on USCM_74_108.
Placed fixed group with base inst cmos_vsync_ibuf/opit_1 on IOL_151_174.
Placed fixed group with base inst cmos_xclk_obuf/opit_1 on IOL_151_225.
Placed fixed group with base inst ex_clk_50m_ibuf/opit_1 on IOL_7_298.
Placed fixed group with base inst finish_flag_obuf/opit_1 on IOL_151_89.
Placed fixed group with base inst gpio_in0_ibuf/opit_1 on IOL_151_46.
Placed fixed group with base inst i2c0_sck_tri/opit_1 on IOL_151_209.
Placed fixed group with base inst i2c0_sda_tri/opit_1 on IOL_151_210.
Placed fixed group with base inst req_flag_obuf/opit_1 on IOL_151_90.
Placed fixed group with base inst rst_key_ibuf/opit_1 on IOL_151_105.
Placed fixed group with base inst rx_clki_ibuf/opit_1 on IOL_151_198.
Placed fixed group with base inst spi0_clk_obuf/opit_1 on IOL_7_353.
Placed fixed group with base inst spi0_cs_obuf/opit_1 on IOL_7_350.
Placed fixed group with base inst spi0_miso_ibuf/opit_1 on IOL_7_289.
Placed fixed group with base inst spi0_mosi_obuf/opit_1 on IOL_7_290.
Placed fixed instance u_DDR3/u_ipsl_hmic_h_phy_top/u_phy_io/dll_hmemc_dut/gopdll on DLL_7_59.
Placed fixed instance u_DDR3/u_ipsl_hmic_h_phy_top/u_phy_io/dqs0_dut/opit_0 on DQSL_6_24.
Placed fixed instance u_DDR3/u_ipsl_hmic_h_phy_top/u_phy_io/dqs1_dut/opit_0 on DQSL_6_52.
Placed fixed instance u_DDR3/u_ipsl_hmic_h_phy_top/u_phy_io/dqs2_dut/opit_0 on DQSL_6_96.
Placed fixed instance u_DDR3/u_ipsl_hmic_h_phy_top/u_phy_io/dqs3_dut/opit_0 on DQSL_6_148.
Placed fixed instance u_DDR3/u_ipsl_hmic_h_phy_top/u_phy_io/dqs4_dut/opit_0 on DQSL_6_176.
Placed fixed group with base inst u_DDR3/u_ipsl_hmic_h_phy_top/u_phy_io/genblk2.iob_08_09_dut/opit_2_O on IOL_7_22.
Placed fixed group with base inst u_DDR3/u_ipsl_hmic_h_phy_top/u_phy_io/genblk3.iob_30_31_dut/opit_2_O on IOL_7_102.
Placed fixed group with base inst u_DDR3/u_ipsl_hmic_h_phy_top/u_phy_io/iob_00_dut/opit_0_iol on IOL_7_5.
Placed fixed group with base inst u_DDR3/u_ipsl_hmic_h_phy_top/u_phy_io/iob_01_dut/opit_1 on IOL_7_6.
Placed fixed group with base inst u_DDR3/u_ipsl_hmic_h_phy_top/u_phy_io/iob_02_dut/opit_1_IOL on IOL_7_9.
Placed fixed group with base inst u_DDR3/u_ipsl_hmic_h_phy_top/u_phy_io/iob_16_17_dut/opit_3_IOL on IOL_7_46.
Placed fixed group with base inst u_DDR3/u_ipsl_hmic_h_phy_top/u_phy_io/iob_18_dut/opit_1_IOL on IOL_7_49.
Placed fixed group with base inst u_DDR3/u_ipsl_hmic_h_phy_top/u_phy_io/iob_19_dut/opit_1_IOL on IOL_7_50.
Placed fixed group with base inst u_DDR3/u_ipsl_hmic_h_phy_top/u_phy_io/iob_20_dut/opit_1_IOL on IOL_7_73.
Placed fixed group with base inst u_DDR3/u_ipsl_hmic_h_phy_top/u_phy_io/iob_21_dut/opit_1_IOL on IOL_7_74.
Placed fixed group with base inst u_DDR3/u_ipsl_hmic_h_phy_top/u_phy_io/iob_22_dut/opit_1_IOL on IOL_7_77.
Placed fixed group with base inst u_DDR3/u_ipsl_hmic_h_phy_top/u_phy_io/iob_23_dut/opit_1_IOL on IOL_7_78.
Placed fixed group with base inst u_DDR3/u_ipsl_hmic_h_phy_top/u_phy_io/iob_24_dut/opit_1_IOL on IOL_7_81.
Placed fixed group with base inst u_DDR3/u_ipsl_hmic_h_phy_top/u_phy_io/iob_25_dut/opit_1_IOL on IOL_7_82.
Placed fixed group with base inst u_DDR3/u_ipsl_hmic_h_phy_top/u_phy_io/iob_37_dut/opit_1_IOL on IOL_7_114.
Placed fixed group with base inst u_DDR3/u_ipsl_hmic_h_phy_top/u_phy_io/iob_38_dut/opit_0_iol on IOL_7_117.
Placed fixed group with base inst u_DDR3/u_ipsl_hmic_h_phy_top/u_phy_io/iob_39_dut/opit_1 on IOL_7_118.
Placed fixed group with base inst u_DDR3/u_ipsl_hmic_h_phy_top/u_phy_io/iob_40_dut/opit_1_IOL on IOL_7_129.
Placed fixed group with base inst u_DDR3/u_ipsl_hmic_h_phy_top/u_phy_io/iob_41_dut/opit_1_IOL on IOL_7_130.
Placed fixed group with base inst u_DDR3/u_ipsl_hmic_h_phy_top/u_phy_io/iob_42_dut/opit_1_IOL on IOL_7_133.
Placed fixed group with base inst u_DDR3/u_ipsl_hmic_h_phy_top/u_phy_io/iob_43_dut/opit_1_IOL on IOL_7_134.
Placed fixed group with base inst u_DDR3/u_ipsl_hmic_h_phy_top/u_phy_io/iob_44_dut/opit_1_IOL on IOL_7_137.
Placed fixed group with base inst u_DDR3/u_ipsl_hmic_h_phy_top/u_phy_io/iob_45_dut/opit_1_IOL on IOL_7_138.
Placed fixed group with base inst u_DDR3/u_ipsl_hmic_h_phy_top/u_phy_io/iob_46_dut/opit_1_IOL on IOL_7_141.
Placed fixed group with base inst u_DDR3/u_ipsl_hmic_h_phy_top/u_phy_io/iob_47_dut/opit_1_IOL on IOL_7_142.
Placed fixed group with base inst u_DDR3/u_ipsl_hmic_h_phy_top/u_phy_io/iob_48_dut/opit_1_IOL on IOL_7_145.
Placed fixed group with base inst u_DDR3/u_ipsl_hmic_h_phy_top/u_phy_io/iob_49_dut/opit_1_IOL on IOL_7_146.
Placed fixed group with base inst u_DDR3/u_ipsl_hmic_h_phy_top/u_phy_io/iob_50_dut/opit_1 on IOL_7_157.
Placed fixed group with base inst u_DDR3/u_ipsl_hmic_h_phy_top/u_phy_io/iob_51_dut/opit_1_IOL on IOL_7_158.
Placed fixed group with base inst u_DDR3/u_ipsl_hmic_h_phy_top/u_phy_io/iob_52_dut/opit_1_IOL on IOL_7_161.
Placed fixed group with base inst u_DDR3/u_ipsl_hmic_h_phy_top/u_phy_io/iob_55_dut/opit_1_IOL on IOL_7_166.
Placed fixed group with base inst u_DDR3/u_ipsl_hmic_h_phy_top/u_phy_io/iob_56_dut/opit_1_IOL on IOL_7_169.
Placed fixed group with base inst u_DDR3/u_ipsl_hmic_h_phy_top/u_phy_io/iob_57_dut/opit_1_IOL on IOL_7_170.
Placed fixed group with base inst u_DDR3/u_ipsl_hmic_h_phy_top/u_phy_io/iob_58_dut/opit_1_IOL on IOL_7_173.
Placed fixed group with base inst u_DDR3/u_ipsl_hmic_h_phy_top/u_phy_io/iob_59_dut/opit_1_IOL on IOL_7_174.
Placed fixed instance u_DDR3/u_ipsl_hmic_h_phy_top/u_phy_io/ioclkbuf01_dut/gopclkgate on IOCKGATE_6_56.
Placed fixed instance u_DDR3/u_ipsl_hmic_h_phy_top/u_phy_io/ioclkbuf02_dut/gopclkgate on IOCKGATE_6_181.
Placed fixed instance u_DDR3/u_ipsl_hmic_h_phy_top/u_phy_io/ioclkdiv_dut/gopclkdiv on IOCKDIV_6_64.
Placed fixed group with base inst u_DDR3/u_ipsl_hmic_h_phy_top/u_phy_io/iol_iddr3_dut/gateop_inv_IO on IOL_7_10.
Placed fixed group with base inst u_DDR3/u_ipsl_hmic_h_phy_top/u_phy_io/iol_iddr4_dut/gateop_inv_IO on IOL_7_13.
Placed fixed group with base inst u_DDR3/u_ipsl_hmic_h_phy_top/u_phy_io/iol_iddr5_dut/gateop_inv_IO on IOL_7_14.
Placed fixed group with base inst u_DDR3/u_ipsl_hmic_h_phy_top/u_phy_io/iol_iddr6_dut/gateop_inv_IO on IOL_7_17.
Placed fixed group with base inst u_DDR3/u_ipsl_hmic_h_phy_top/u_phy_io/iol_iddr7_dut/gateop_inv_IO on IOL_7_18.
Placed fixed group with base inst u_DDR3/u_ipsl_hmic_h_phy_top/u_phy_io/iol_iddr10_dut/gateop_inv_IO on IOL_7_33.
Placed fixed group with base inst u_DDR3/u_ipsl_hmic_h_phy_top/u_phy_io/iol_iddr11_dut/gateop_inv_IO on IOL_7_34.
Placed fixed group with base inst u_DDR3/u_ipsl_hmic_h_phy_top/u_phy_io/iol_iddr12_dut/gateop_inv_IO on IOL_7_37.
Placed fixed group with base inst u_DDR3/u_ipsl_hmic_h_phy_top/u_phy_io/iol_iddr27_dut/gateop_inv_IO on IOL_7_86.
Placed fixed group with base inst u_DDR3/u_ipsl_hmic_h_phy_top/u_phy_io/iol_iddr28_dut/gateop_inv_IO on IOL_7_89.
Placed fixed group with base inst u_DDR3/u_ipsl_hmic_h_phy_top/u_phy_io/iol_iddr29_dut/gateop_inv_IO on IOL_7_90.
Placed fixed group with base inst u_DDR3/u_ipsl_hmic_h_phy_top/u_phy_io/iol_iddr32_dut/gateop_inv_IO on IOL_7_105.
Placed fixed group with base inst u_DDR3/u_ipsl_hmic_h_phy_top/u_phy_io/iol_iddr33_dut/gateop_inv_IO on IOL_7_106.
Placed fixed group with base inst u_DDR3/u_ipsl_hmic_h_phy_top/u_phy_io/iol_iddr34_dut/gateop_inv_IO on IOL_7_109.
Placed fixed group with base inst u_DDR3/u_ipsl_hmic_h_phy_top/u_phy_io/iol_iddr35_dut/gateop_inv_IO on IOL_7_110.
Placed fixed group with base inst u_DDR3/u_ipsl_hmic_h_phy_top/u_phy_io/iol_iddr36_dut/gateop_inv_IO on IOL_7_113.
Placed fixed instance u_DDR3/u_ipsl_hmic_h_phy_top/u_phy_io/u_gtp_ddrphy/gateop_DDRC on HMEMC_16_1.
Placed fixed instance u_DDR3/u_pll_50_400/u_pll_e1/goppll on PLL_82_71.
Placed fixed instance u_GTP_CLKBUFG/gopclkbufg on USCM_74_105.
Placed fixed instance u_GTP_IOCLKDELAY/opit_0 on IOCKDLY_150_185.
Placed fixed group with base inst u_GTP_OUTBUFT/opit_1_IOL on IOL_151_197.
Placed fixed instance u_cmos_xclk/gopclkbufg on USCM_74_109.
Placed fixed group with base inst u_tsmac_phy/U_pgs_tsmac_rgmii_gmii_convert_v1_0/U_pgs_tsmac_gmii_to_rgmii_v1_0/gtp_outbuft1/opit_1_IOL on IOL_151_214.
Placed fixed group with base inst u_tsmac_phy/U_pgs_tsmac_rgmii_gmii_convert_v1_0/U_pgs_tsmac_gmii_to_rgmii_v1_0/gtp_outbuft2/opit_1_IOL on IOL_151_229.
Placed fixed group with base inst u_tsmac_phy/U_pgs_tsmac_rgmii_gmii_convert_v1_0/U_pgs_tsmac_gmii_to_rgmii_v1_0/gtp_outbuft3/opit_1_IOL on IOL_151_237.
Placed fixed group with base inst u_tsmac_phy/U_pgs_tsmac_rgmii_gmii_convert_v1_0/U_pgs_tsmac_gmii_to_rgmii_v1_0/gtp_outbuft4/opit_1_IOL on IOL_151_238.
Placed fixed group with base inst u_tsmac_phy/U_pgs_tsmac_rgmii_gmii_convert_v1_0/U_pgs_tsmac_gmii_to_rgmii_v1_0/gtp_outbuft5/opit_1_IOL on IOL_151_213.
Placed fixed group with base inst u_tsmac_phy/U_pgs_tsmac_rgmii_gmii_convert_v1_0/U_pgs_tsmac_rgmii_to_gmii_v1_0/igddr1/gateigddr_IOL on IOL_151_157.
Placed fixed group with base inst u_tsmac_phy/U_pgs_tsmac_rgmii_gmii_convert_v1_0/U_pgs_tsmac_rgmii_to_gmii_v1_0/igddr2/gateigddr_IOL on IOL_151_142.
Placed fixed group with base inst u_tsmac_phy/U_pgs_tsmac_rgmii_gmii_convert_v1_0/U_pgs_tsmac_rgmii_to_gmii_v1_0/igddr3/gateigddr_IOL on IOL_151_170.
Placed fixed group with base inst u_tsmac_phy/U_pgs_tsmac_rgmii_gmii_convert_v1_0/U_pgs_tsmac_rgmii_to_gmii_v1_0/igddr4/gateigddr_IOL on IOL_151_169.
Placed fixed group with base inst u_tsmac_phy/U_pgs_tsmac_rgmii_gmii_convert_v1_0/U_pgs_tsmac_rgmii_to_gmii_v1_0/igddr5/gateigddr_IOL on IOL_151_158.
Placed fixed instance BKCL_auto_0 on BKCL_2_268.
Placed fixed instance BKCL_auto_1 on BKCL_2_144.
Placed fixed instance BKCL_auto_2 on BKCL_2_20.
Placed fixed instance BKCL_auto_3 on BKCL_154_268.
Placed fixed instance BKCL_auto_4 on BKCL_154_144.
Placed fixed instance BKCL_auto_5 on BKCL_154_20.
Placed instance u_DDR3/u_ipsl_hmic_h_phy_top/u_phy_io/dll_hmemc_dut/gopdll(gopDLL) on DLL_7_59, and placed u_DDR3/u_ipsl_hmic_h_phy_top/u_phy_io/dqs0_dut/opit_0(gopDQS_DDC) on DQSL_6_24.
Placed instance u_DDR3/u_ipsl_hmic_h_phy_top/u_phy_io/dll_hmemc_dut/gopdll(gopDLL) on DLL_7_59, and placed u_DDR3/u_ipsl_hmic_h_phy_top/u_phy_io/dqs1_dut/opit_0(gopDQS_DDC) on DQSL_6_52.
Placed instance u_DDR3/u_ipsl_hmic_h_phy_top/u_phy_io/dll_hmemc_dut/gopdll(gopDLL) on DLL_7_59, and placed u_DDR3/u_ipsl_hmic_h_phy_top/u_phy_io/dqs2_dut/opit_0(gopDQS_DDC) on DQSL_6_96.
Placed instance u_DDR3/u_ipsl_hmic_h_phy_top/u_phy_io/dll_hmemc_dut/gopdll(gopDLL) on DLL_7_59, and placed u_DDR3/u_ipsl_hmic_h_phy_top/u_phy_io/dqs3_dut/opit_0(gopDQS_DDC) on DQSL_6_148.
Placed instance u_DDR3/u_ipsl_hmic_h_phy_top/u_phy_io/dll_hmemc_dut/gopdll(gopDLL) on DLL_7_59, and placed u_DDR3/u_ipsl_hmic_h_phy_top/u_phy_io/dqs4_dut/opit_0(gopDQS_DDC) on DQSL_6_176.
Forbidden IOL_7_38.
Forbidden IOL_7_41.
Forbidden IOL_7_42.
Forbidden IOL_7_85.
Forbidden IOL_7_162.
Forbidden IOL_7_165.
Wirelength after Macro cell placement is 127717.
Macro cell placement takes 0.27 sec.
Run super clustering :
	Initial slack -6623.
	10 iterations finished.
	Final slack -972.
Super clustering done.
Design Utilization : 53%.
Wirelength after post global placement is 113664.
Post global placement takes 32.09 sec.
Wirelength after legalization is 123266.
Legalization takes 7.94 sec.
Worst slack before Replication Place is 223.
Wirelength after replication placement is 123266.
Legalized cost 223.000000.
The detailed placement ends at 17th iteration.
Wirelength after detailed placement is 144314.
Timing-driven detailed placement takes 234.33 sec.
Placement done.
Total placement takes 340.70 sec.
Finished placement. (CPU time elapsed 0h:05m:45s)

Routing started.
Building routing graph takes 2.61 sec.
Worst slack is 1050.
Processing design graph takes 2.50 sec.
Total memory for routing:
	54.856758 M.
Total nets for routing : 14529.
Rcf routing step 1 processed 0 nets, it takes 0.00 sec.
Rcf routing step 2 processed 0 nets, it takes 0.00 sec.
Rcf routing step 3 processed 0 nets, it takes 0.00 sec.
Unrouted nets 0 at the end of iteration 0.
Global Routing step 1 processed 135 nets, it takes 0.05 sec.
Unrouted nets 238 at the end of iteration 0.
Unrouted nets 183 at the end of iteration 1.
Unrouted nets 128 at the end of iteration 2.
Unrouted nets 77 at the end of iteration 3.
Unrouted nets 48 at the end of iteration 4.
Unrouted nets 28 at the end of iteration 5.
Unrouted nets 18 at the end of iteration 6.
Unrouted nets 21 at the end of iteration 7.
Unrouted nets 11 at the end of iteration 8.
Unrouted nets 6 at the end of iteration 9.
Unrouted nets 3 at the end of iteration 10.
Unrouted nets 4 at the end of iteration 11.
Unrouted nets 1 at the end of iteration 12.
Unrouted nets 1 at the end of iteration 13.
Unrouted nets 1 at the end of iteration 14.
Unrouted nets 1 at the end of iteration 15.
Unrouted nets 1 at the end of iteration 16.
Unrouted nets 1 at the end of iteration 17.
Unrouted nets 1 at the end of iteration 18.
Unrouted nets 1 at the end of iteration 19.
Unrouted nets 1 at the end of iteration 20.
Unrouted nets 0 at the end of iteration 21.
Global Routing step 2 processed 568 nets, it takes 1.13 sec.
Unrouted nets 234 at the end of iteration 0.
Unrouted nets 181 at the end of iteration 1.
Unrouted nets 134 at the end of iteration 2.
Unrouted nets 110 at the end of iteration 3.
Unrouted nets 78 at the end of iteration 4.
Unrouted nets 90 at the end of iteration 5.
Unrouted nets 60 at the end of iteration 6.
Unrouted nets 43 at the end of iteration 7.
Unrouted nets 41 at the end of iteration 8.
Unrouted nets 26 at the end of iteration 9.
Unrouted nets 26 at the end of iteration 10.
Unrouted nets 31 at the end of iteration 11.
Unrouted nets 31 at the end of iteration 12.
Unrouted nets 29 at the end of iteration 13.
Unrouted nets 20 at the end of iteration 14.
Unrouted nets 7 at the end of iteration 15.
Unrouted nets 4 at the end of iteration 16.
Unrouted nets 2 at the end of iteration 17.
Unrouted nets 2 at the end of iteration 18.
Unrouted nets 0 at the end of iteration 19.
Global Routing step 3 processed 764 nets, it takes 14.05 sec.
Global routing takes 15.25 sec.
Total 17681 subnets.
    forward max bucket size 657 , backward 341.
        Unrouted nets 13062 at the end of iteration 0.
    route iteration 0, CPU time elapsed 7.546875 sec.
    forward max bucket size 716 , backward 591.
        Unrouted nets 11878 at the end of iteration 1.
    route iteration 1, CPU time elapsed 7.890625 sec.
    forward max bucket size 1471 , backward 861.
        Unrouted nets 10565 at the end of iteration 2.
    route iteration 2, CPU time elapsed 8.625000 sec.
    forward max bucket size 2443 , backward 1166.
        Unrouted nets 9529 at the end of iteration 3.
    route iteration 3, CPU time elapsed 8.062500 sec.
    forward max bucket size 3670 , backward 1172.
        Unrouted nets 8894 at the end of iteration 4.
    route iteration 4, CPU time elapsed 9.125000 sec.
    forward max bucket size 5956 , backward 970.
        Unrouted nets 8135 at the end of iteration 5.
    route iteration 5, CPU time elapsed 10.921875 sec.
    forward max bucket size 3794 , backward 981.
        Unrouted nets 7454 at the end of iteration 6.
    route iteration 6, CPU time elapsed 8.562500 sec.
    forward max bucket size 3974 , backward 1256.
        Unrouted nets 6585 at the end of iteration 7.
    route iteration 7, CPU time elapsed 8.531250 sec.
    forward max bucket size 5502 , backward 1153.
        Unrouted nets 5844 at the end of iteration 8.
    route iteration 8, CPU time elapsed 8.265625 sec.
    forward max bucket size 7279 , backward 1325.
        Unrouted nets 5231 at the end of iteration 9.
    route iteration 9, CPU time elapsed 9.687500 sec.
    forward max bucket size 7469 , backward 1102.
        Unrouted nets 4790 at the end of iteration 10.
    route iteration 10, CPU time elapsed 8.062500 sec.
    forward max bucket size 6954 , backward 1226.
        Unrouted nets 4298 at the end of iteration 11.
    route iteration 11, CPU time elapsed 7.875000 sec.
    forward max bucket size 7234 , backward 1127.
        Unrouted nets 3917 at the end of iteration 12.
    route iteration 12, CPU time elapsed 6.781250 sec.
    forward max bucket size 8138 , backward 1021.
        Unrouted nets 3526 at the end of iteration 13.
    route iteration 13, CPU time elapsed 6.218750 sec.
    forward max bucket size 7725 , backward 934.
        Unrouted nets 3216 at the end of iteration 14.
    route iteration 14, CPU time elapsed 8.031250 sec.
    forward max bucket size 8036 , backward 1372.
        Unrouted nets 3023 at the end of iteration 15.
    route iteration 15, CPU time elapsed 5.796875 sec.
    forward max bucket size 7068 , backward 1244.
        Unrouted nets 2760 at the end of iteration 16.
    route iteration 16, CPU time elapsed 5.234375 sec.
    forward max bucket size 9050 , backward 1018.
        Unrouted nets 2592 at the end of iteration 17.
    route iteration 17, CPU time elapsed 5.031250 sec.
    forward max bucket size 7313 , backward 949.
        Unrouted nets 2431 at the end of iteration 18.
    route iteration 18, CPU time elapsed 4.796875 sec.
    forward max bucket size 6320 , backward 1068.
        Unrouted nets 2284 at the end of iteration 19.
    route iteration 19, CPU time elapsed 4.375000 sec.
    forward max bucket size 5843 , backward 958.
        Unrouted nets 2157 at the end of iteration 20.
    route iteration 20, CPU time elapsed 4.109375 sec.
    forward max bucket size 8684 , backward 1235.
        Unrouted nets 2029 at the end of iteration 21.
    route iteration 21, CPU time elapsed 4.078125 sec.
    forward max bucket size 7810 , backward 1044.
        Unrouted nets 1849 at the end of iteration 22.
    route iteration 22, CPU time elapsed 3.734375 sec.
    forward max bucket size 7246 , backward 817.
        Unrouted nets 1792 at the end of iteration 23.
    route iteration 23, CPU time elapsed 3.375000 sec.
    forward max bucket size 4496 , backward 817.
        Unrouted nets 1656 at the end of iteration 24.
    route iteration 24, CPU time elapsed 3.156250 sec.
    forward max bucket size 3752 , backward 1371.
        Unrouted nets 1519 at the end of iteration 25.
    route iteration 25, CPU time elapsed 2.921875 sec.
    forward max bucket size 4565 , backward 610.
        Unrouted nets 1417 at the end of iteration 26.
    route iteration 26, CPU time elapsed 2.890625 sec.
    forward max bucket size 7348 , backward 871.
        Unrouted nets 1337 at the end of iteration 27.
    route iteration 27, CPU time elapsed 2.875000 sec.
    forward max bucket size 6171 , backward 797.
        Unrouted nets 1303 at the end of iteration 28.
    route iteration 28, CPU time elapsed 2.812500 sec.
    forward max bucket size 7014 , backward 980.
        Unrouted nets 1256 at the end of iteration 29.
    route iteration 29, CPU time elapsed 2.625000 sec.
    forward max bucket size 8167 , backward 906.
        Unrouted nets 1183 at the end of iteration 30.
    route iteration 30, CPU time elapsed 3.078125 sec.
    forward max bucket size 6575 , backward 953.
        Unrouted nets 1181 at the end of iteration 31.
    route iteration 31, CPU time elapsed 2.828125 sec.
    forward max bucket size 5035 , backward 817.
        Unrouted nets 1155 at the end of iteration 32.
    route iteration 32, CPU time elapsed 2.609375 sec.
    forward max bucket size 5309 , backward 593.
        Unrouted nets 1078 at the end of iteration 33.
    route iteration 33, CPU time elapsed 2.312500 sec.
    forward max bucket size 4383 , backward 784.
        Unrouted nets 1108 at the end of iteration 34.
    route iteration 34, CPU time elapsed 2.562500 sec.
    forward max bucket size 5985 , backward 645.
        Unrouted nets 993 at the end of iteration 35.
    route iteration 35, CPU time elapsed 2.171875 sec.
    forward max bucket size 5954 , backward 956.
        Unrouted nets 910 at the end of iteration 36.
    route iteration 36, CPU time elapsed 2.718750 sec.
    forward max bucket size 7863 , backward 910.
        Unrouted nets 884 at the end of iteration 37.
    route iteration 37, CPU time elapsed 2.046875 sec.
    forward max bucket size 5224 , backward 624.
        Unrouted nets 837 at the end of iteration 38.
    route iteration 38, CPU time elapsed 1.921875 sec.
    forward max bucket size 4675 , backward 580.
        Unrouted nets 772 at the end of iteration 39.
    route iteration 39, CPU time elapsed 1.718750 sec.
    forward max bucket size 5887 , backward 1055.
        Unrouted nets 728 at the end of iteration 40.
    route iteration 40, CPU time elapsed 1.375000 sec.
    forward max bucket size 3593 , backward 808.
        Unrouted nets 652 at the end of iteration 41.
    route iteration 41, CPU time elapsed 2.421875 sec.
    forward max bucket size 4484 , backward 784.
        Unrouted nets 630 at the end of iteration 42.
    route iteration 42, CPU time elapsed 1.390625 sec.
    forward max bucket size 4938 , backward 792.
        Unrouted nets 581 at the end of iteration 43.
    route iteration 43, CPU time elapsed 1.265625 sec.
    forward max bucket size 3645 , backward 655.
        Unrouted nets 564 at the end of iteration 44.
    route iteration 44, CPU time elapsed 1.234375 sec.
    forward max bucket size 4285 , backward 471.
        Unrouted nets 517 at the end of iteration 45.
    route iteration 45, CPU time elapsed 1.171875 sec.
    forward max bucket size 4621 , backward 512.
        Unrouted nets 480 at the end of iteration 46.
    route iteration 46, CPU time elapsed 1.046875 sec.
    forward max bucket size 5722 , backward 917.
        Unrouted nets 430 at the end of iteration 47.
    route iteration 47, CPU time elapsed 0.953125 sec.
    forward max bucket size 4258 , backward 721.
        Unrouted nets 467 at the end of iteration 48.
    route iteration 48, CPU time elapsed 1.000000 sec.
    forward max bucket size 5258 , backward 516.
        Unrouted nets 471 at the end of iteration 49.
    route iteration 49, CPU time elapsed 0.921875 sec.
    forward max bucket size 4078 , backward 385.
        Unrouted nets 453 at the end of iteration 50.
    route iteration 50, CPU time elapsed 1.062500 sec.
    forward max bucket size 6392 , backward 574.
        Unrouted nets 423 at the end of iteration 51.
    route iteration 51, CPU time elapsed 1.000000 sec.
    forward max bucket size 5427 , backward 461.
        Unrouted nets 444 at the end of iteration 52.
    route iteration 52, CPU time elapsed 1.140625 sec.
    forward max bucket size 5754 , backward 915.
        Unrouted nets 458 at the end of iteration 53.
    route iteration 53, CPU time elapsed 0.968750 sec.
    forward max bucket size 5113 , backward 1020.
        Unrouted nets 414 at the end of iteration 54.
    route iteration 54, CPU time elapsed 0.875000 sec.
    forward max bucket size 5737 , backward 346.
        Unrouted nets 357 at the end of iteration 55.
    route iteration 55, CPU time elapsed 0.859375 sec.
    forward max bucket size 5632 , backward 793.
        Unrouted nets 333 at the end of iteration 56.
    route iteration 56, CPU time elapsed 0.859375 sec.
    forward max bucket size 5318 , backward 734.
        Unrouted nets 326 at the end of iteration 57.
    route iteration 57, CPU time elapsed 0.781250 sec.
    forward max bucket size 2493 , backward 557.
        Unrouted nets 304 at the end of iteration 58.
    route iteration 58, CPU time elapsed 0.687500 sec.
    forward max bucket size 5837 , backward 733.
        Unrouted nets 332 at the end of iteration 59.
    route iteration 59, CPU time elapsed 0.812500 sec.
    forward max bucket size 3038 , backward 604.
        Unrouted nets 334 at the end of iteration 60.
    route iteration 60, CPU time elapsed 0.828125 sec.
    forward max bucket size 2820 , backward 824.
        Unrouted nets 285 at the end of iteration 61.
    route iteration 61, CPU time elapsed 0.843750 sec.
    forward max bucket size 5359 , backward 816.
        Unrouted nets 270 at the end of iteration 62.
    route iteration 62, CPU time elapsed 0.687500 sec.
    forward max bucket size 2488 , backward 823.
        Unrouted nets 263 at the end of iteration 63.
    route iteration 63, CPU time elapsed 0.671875 sec.
    forward max bucket size 2822 , backward 899.
        Unrouted nets 271 at the end of iteration 64.
    route iteration 64, CPU time elapsed 0.578125 sec.
    forward max bucket size 3980 , backward 955.
        Unrouted nets 249 at the end of iteration 65.
    route iteration 65, CPU time elapsed 0.718750 sec.
    forward max bucket size 3351 , backward 941.
        Unrouted nets 212 at the end of iteration 66.
    route iteration 66, CPU time elapsed 0.640625 sec.
    forward max bucket size 4261 , backward 463.
        Unrouted nets 194 at the end of iteration 67.
    route iteration 67, CPU time elapsed 0.609375 sec.
    forward max bucket size 4346 , backward 835.
        Unrouted nets 190 at the end of iteration 68.
    route iteration 68, CPU time elapsed 0.546875 sec.
    forward max bucket size 1924 , backward 473.
        Unrouted nets 174 at the end of iteration 69.
    route iteration 69, CPU time elapsed 0.421875 sec.
    forward max bucket size 2761 , backward 594.
        Unrouted nets 157 at the end of iteration 70.
    route iteration 70, CPU time elapsed 0.515625 sec.
    forward max bucket size 3106 , backward 449.
        Unrouted nets 146 at the end of iteration 71.
    route iteration 71, CPU time elapsed 0.390625 sec.
    forward max bucket size 3231 , backward 550.
        Unrouted nets 139 at the end of iteration 72.
    route iteration 72, CPU time elapsed 0.375000 sec.
    forward max bucket size 2705 , backward 503.
        Unrouted nets 135 at the end of iteration 73.
    route iteration 73, CPU time elapsed 0.375000 sec.
    forward max bucket size 3035 , backward 764.
        Unrouted nets 115 at the end of iteration 74.
    route iteration 74, CPU time elapsed 0.359375 sec.
    forward max bucket size 3151 , backward 754.
        Unrouted nets 110 at the end of iteration 75.
    route iteration 75, CPU time elapsed 0.328125 sec.
    forward max bucket size 2598 , backward 753.
        Unrouted nets 125 at the end of iteration 76.
    route iteration 76, CPU time elapsed 0.328125 sec.
    forward max bucket size 2367 , backward 777.
        Unrouted nets 118 at the end of iteration 77.
    route iteration 77, CPU time elapsed 1.453125 sec.
    forward max bucket size 4806 , backward 775.
        Unrouted nets 127 at the end of iteration 78.
    route iteration 78, CPU time elapsed 0.343750 sec.
    forward max bucket size 5294 , backward 334.
        Unrouted nets 107 at the end of iteration 79.
    route iteration 79, CPU time elapsed 0.453125 sec.
    forward max bucket size 1773 , backward 343.
        Unrouted nets 107 at the end of iteration 80.
    route iteration 80, CPU time elapsed 0.312500 sec.
    forward max bucket size 5760 , backward 392.
        Unrouted nets 130 at the end of iteration 81.
    route iteration 81, CPU time elapsed 0.296875 sec.
    forward max bucket size 2929 , backward 382.
        Unrouted nets 120 at the end of iteration 82.
    route iteration 82, CPU time elapsed 0.296875 sec.
    forward max bucket size 3464 , backward 211.
        Unrouted nets 124 at the end of iteration 83.
    route iteration 83, CPU time elapsed 0.296875 sec.
    forward max bucket size 5087 , backward 598.
        Unrouted nets 133 at the end of iteration 84.
    route iteration 84, CPU time elapsed 0.406250 sec.
    forward max bucket size 4790 , backward 280.
        Unrouted nets 159 at the end of iteration 85.
    route iteration 85, CPU time elapsed 0.406250 sec.
    forward max bucket size 5115 , backward 260.
        Unrouted nets 155 at the end of iteration 86.
    route iteration 86, CPU time elapsed 0.421875 sec.
    forward max bucket size 4564 , backward 413.
        Unrouted nets 157 at the end of iteration 87.
    route iteration 87, CPU time elapsed 0.484375 sec.
    forward max bucket size 2537 , backward 481.
        Unrouted nets 149 at the end of iteration 88.
    route iteration 88, CPU time elapsed 0.515625 sec.
    forward max bucket size 4232 , backward 301.
        Unrouted nets 138 at the end of iteration 89.
    route iteration 89, CPU time elapsed 0.421875 sec.
    forward max bucket size 4167 , backward 299.
        Unrouted nets 132 at the end of iteration 90.
    route iteration 90, CPU time elapsed 0.390625 sec.
    forward max bucket size 4810 , backward 141.
        Unrouted nets 107 at the end of iteration 91.
    route iteration 91, CPU time elapsed 0.406250 sec.
    forward max bucket size 3911 , backward 627.
        Unrouted nets 124 at the end of iteration 92.
    route iteration 92, CPU time elapsed 0.406250 sec.
    forward max bucket size 3368 , backward 216.
        Unrouted nets 114 at the end of iteration 93.
    route iteration 93, CPU time elapsed 0.421875 sec.
    forward max bucket size 7387 , backward 300.
        Unrouted nets 122 at the end of iteration 94.
    route iteration 94, CPU time elapsed 0.359375 sec.
    forward max bucket size 2711 , backward 388.
        Unrouted nets 124 at the end of iteration 95.
    route iteration 95, CPU time elapsed 0.328125 sec.
    forward max bucket size 4283 , backward 592.
        Unrouted nets 105 at the end of iteration 96.
    route iteration 96, CPU time elapsed 0.390625 sec.
    forward max bucket size 5974 , backward 590.
        Unrouted nets 100 at the end of iteration 97.
    route iteration 97, CPU time elapsed 0.312500 sec.
    forward max bucket size 6999 , backward 581.
        Unrouted nets 97 at the end of iteration 98.
    route iteration 98, CPU time elapsed 0.359375 sec.
    forward max bucket size 4439 , backward 599.
        Unrouted nets 105 at the end of iteration 99.
    route iteration 99, CPU time elapsed 0.312500 sec.
    forward max bucket size 3956 , backward 366.
        Unrouted nets 120 at the end of iteration 100.
    route iteration 100, CPU time elapsed 0.390625 sec.
    forward max bucket size 6343 , backward 597.
        Unrouted nets 116 at the end of iteration 101.
    route iteration 101, CPU time elapsed 0.437500 sec.
    forward max bucket size 6375 , backward 631.
        Unrouted nets 106 at the end of iteration 102.
    route iteration 102, CPU time elapsed 0.468750 sec.
    forward max bucket size 2323 , backward 302.
        Unrouted nets 92 at the end of iteration 103.
    route iteration 103, CPU time elapsed 0.296875 sec.
    forward max bucket size 2167 , backward 444.
        Unrouted nets 82 at the end of iteration 104.
    route iteration 104, CPU time elapsed 0.265625 sec.
    forward max bucket size 1144 , backward 614.
        Unrouted nets 68 at the end of iteration 105.
    route iteration 105, CPU time elapsed 0.265625 sec.
    forward max bucket size 4609 , backward 1386.
        Unrouted nets 70 at the end of iteration 106.
    route iteration 106, CPU time elapsed 0.312500 sec.
    forward max bucket size 1765 , backward 939.
        Unrouted nets 87 at the end of iteration 107.
    route iteration 107, CPU time elapsed 0.265625 sec.
    forward max bucket size 2692 , backward 772.
        Unrouted nets 71 at the end of iteration 108.
    route iteration 108, CPU time elapsed 0.296875 sec.
    forward max bucket size 1545 , backward 629.
        Unrouted nets 71 at the end of iteration 109.
    route iteration 109, CPU time elapsed 0.218750 sec.
    forward max bucket size 6571 , backward 132.
        Unrouted nets 73 at the end of iteration 110.
    route iteration 110, CPU time elapsed 0.328125 sec.
    forward max bucket size 6075 , backward 669.
        Unrouted nets 88 at the end of iteration 111.
    route iteration 111, CPU time elapsed 0.328125 sec.
    forward max bucket size 5396 , backward 782.
        Unrouted nets 108 at the end of iteration 112.
    route iteration 112, CPU time elapsed 0.328125 sec.
    forward max bucket size 5823 , backward 526.
        Unrouted nets 95 at the end of iteration 113.
    route iteration 113, CPU time elapsed 0.421875 sec.
    forward max bucket size 5785 , backward 694.
        Unrouted nets 96 at the end of iteration 114.
    route iteration 114, CPU time elapsed 0.578125 sec.
    forward max bucket size 5411 , backward 773.
        Unrouted nets 83 at the end of iteration 115.
    route iteration 115, CPU time elapsed 0.421875 sec.
    forward max bucket size 4001 , backward 237.
        Unrouted nets 89 at the end of iteration 116.
    route iteration 116, CPU time elapsed 0.375000 sec.
    forward max bucket size 2683 , backward 479.
        Unrouted nets 75 at the end of iteration 117.
    route iteration 117, CPU time elapsed 0.359375 sec.
    forward max bucket size 1894 , backward 496.
        Unrouted nets 71 at the end of iteration 118.
    route iteration 118, CPU time elapsed 0.265625 sec.
    forward max bucket size 3206 , backward 724.
        Unrouted nets 67 at the end of iteration 119.
    route iteration 119, CPU time elapsed 0.421875 sec.
    forward max bucket size 1113 , backward 674.
        Unrouted nets 70 at the end of iteration 120.
    route iteration 120, CPU time elapsed 0.328125 sec.
    forward max bucket size 3807 , backward 299.
        Unrouted nets 80 at the end of iteration 121.
    route iteration 121, CPU time elapsed 0.375000 sec.
    forward max bucket size 3642 , backward 309.
        Unrouted nets 64 at the end of iteration 122.
    route iteration 122, CPU time elapsed 0.265625 sec.
    forward max bucket size 3435 , backward 334.
        Unrouted nets 63 at the end of iteration 123.
    route iteration 123, CPU time elapsed 0.296875 sec.
    forward max bucket size 3518 , backward 135.
        Unrouted nets 53 at the end of iteration 124.
    route iteration 124, CPU time elapsed 0.296875 sec.
    forward max bucket size 1961 , backward 92.
        Unrouted nets 47 at the end of iteration 125.
    route iteration 125, CPU time elapsed 0.250000 sec.
    forward max bucket size 2341 , backward 165.
        Unrouted nets 53 at the end of iteration 126.
    route iteration 126, CPU time elapsed 0.250000 sec.
    forward max bucket size 3299 , backward 747.
        Unrouted nets 55 at the end of iteration 127.
    route iteration 127, CPU time elapsed 0.281250 sec.
    forward max bucket size 2994 , backward 782.
        Unrouted nets 52 at the end of iteration 128.
    route iteration 128, CPU time elapsed 0.234375 sec.
    forward max bucket size 1746 , backward 158.
        Unrouted nets 45 at the end of iteration 129.
    route iteration 129, CPU time elapsed 0.187500 sec.
    forward max bucket size 5215 , backward 100.
        Unrouted nets 41 at the end of iteration 130.
    route iteration 130, CPU time elapsed 0.234375 sec.
    forward max bucket size 452 , backward 87.
        Unrouted nets 39 at the end of iteration 131.
    route iteration 131, CPU time elapsed 0.218750 sec.
    forward max bucket size 1532 , backward 202.
        Unrouted nets 41 at the end of iteration 132.
    route iteration 132, CPU time elapsed 0.250000 sec.
    forward max bucket size 347 , backward 87.
        Unrouted nets 33 at the end of iteration 133.
    route iteration 133, CPU time elapsed 0.265625 sec.
    forward max bucket size 218 , backward 101.
        Unrouted nets 34 at the end of iteration 134.
    route iteration 134, CPU time elapsed 0.250000 sec.
    forward max bucket size 497 , backward 68.
        Unrouted nets 24 at the end of iteration 135.
    route iteration 135, CPU time elapsed 0.187500 sec.
    forward max bucket size 129 , backward 103.
        Unrouted nets 21 at the end of iteration 136.
    route iteration 136, CPU time elapsed 0.156250 sec.
    forward max bucket size 406 , backward 168.
        Unrouted nets 17 at the end of iteration 137.
    route iteration 137, CPU time elapsed 0.140625 sec.
    forward max bucket size 1649 , backward 342.
        Unrouted nets 22 at the end of iteration 138.
    route iteration 138, CPU time elapsed 0.125000 sec.
    forward max bucket size 4290 , backward 248.
        Unrouted nets 14 at the end of iteration 139.
    route iteration 139, CPU time elapsed 0.140625 sec.
    forward max bucket size 30 , backward 96.
        Unrouted nets 14 at the end of iteration 140.
    route iteration 140, CPU time elapsed 0.125000 sec.
    forward max bucket size 27 , backward 58.
        Unrouted nets 10 at the end of iteration 141.
    route iteration 141, CPU time elapsed 0.140625 sec.
    forward max bucket size 827 , backward 25.
        Unrouted nets 9 at the end of iteration 142.
    route iteration 142, CPU time elapsed 0.109375 sec.
    forward max bucket size 1166 , backward 24.
        Unrouted nets 10 at the end of iteration 143.
    route iteration 143, CPU time elapsed 0.109375 sec.
    forward max bucket size 2150 , backward 363.
        Unrouted nets 10 at the end of iteration 144.
    route iteration 144, CPU time elapsed 0.140625 sec.
    forward max bucket size 45 , backward 37.
        Unrouted nets 13 at the end of iteration 145.
    route iteration 145, CPU time elapsed 0.125000 sec.
    forward max bucket size 48 , backward 39.
        Unrouted nets 11 at the end of iteration 146.
    route iteration 146, CPU time elapsed 0.125000 sec.
    forward max bucket size 38 , backward 44.
        Unrouted nets 4 at the end of iteration 147.
    route iteration 147, CPU time elapsed 0.093750 sec.
    forward max bucket size 23 , backward 25.
        Unrouted nets 4 at the end of iteration 148.
    route iteration 148, CPU time elapsed 0.125000 sec.
    forward max bucket size 6183 , backward 53.
        Unrouted nets 5 at the end of iteration 149.
    route iteration 149, CPU time elapsed 0.156250 sec.
    forward max bucket size 1812 , backward 36.
        Unrouted nets 5 at the end of iteration 150.
    route iteration 150, CPU time elapsed 0.109375 sec.
    forward max bucket size 4045 , backward 188.
        Unrouted nets 6 at the end of iteration 151.
    route iteration 151, CPU time elapsed 0.140625 sec.
    forward max bucket size 4108 , backward 82.
        Unrouted nets 6 at the end of iteration 152.
    route iteration 152, CPU time elapsed 0.156250 sec.
    forward max bucket size 5021 , backward 82.
        Unrouted nets 7 at the end of iteration 153.
    route iteration 153, CPU time elapsed 0.156250 sec.
    forward max bucket size 1006 , backward 85.
        Unrouted nets 5 at the end of iteration 154.
    route iteration 154, CPU time elapsed 0.125000 sec.
    forward max bucket size 1875 , backward 63.
        Unrouted nets 5 at the end of iteration 155.
    route iteration 155, CPU time elapsed 0.125000 sec.
    forward max bucket size 21 , backward 22.
        Unrouted nets 3 at the end of iteration 156.
    route iteration 156, CPU time elapsed 0.109375 sec.
    forward max bucket size 1012 , backward 189.
        Unrouted nets 11 at the end of iteration 157.
    route iteration 157, CPU time elapsed 0.187500 sec.
    forward max bucket size 1698 , backward 235.
        Unrouted nets 11 at the end of iteration 158.
    route iteration 158, CPU time elapsed 0.125000 sec.
    forward max bucket size 1119 , backward 45.
        Unrouted nets 6 at the end of iteration 159.
    route iteration 159, CPU time elapsed 0.093750 sec.
    forward max bucket size 76 , backward 468.
        Unrouted nets 9 at the end of iteration 160.
    route iteration 160, CPU time elapsed 0.140625 sec.
    forward max bucket size 84 , backward 194.
        Unrouted nets 7 at the end of iteration 161.
    route iteration 161, CPU time elapsed 0.140625 sec.
    forward max bucket size 93 , backward 45.
        Unrouted nets 6 at the end of iteration 162.
    route iteration 162, CPU time elapsed 0.125000 sec.
    forward max bucket size 27 , backward 56.
        Unrouted nets 4 at the end of iteration 163.
    route iteration 163, CPU time elapsed 0.109375 sec.
    forward max bucket size 26 , backward 21.
        Unrouted nets 5 at the end of iteration 164.
    route iteration 164, CPU time elapsed 0.093750 sec.
    forward max bucket size 316 , backward 37.
        Unrouted nets 6 at the end of iteration 165.
    route iteration 165, CPU time elapsed 0.125000 sec.
    forward max bucket size 1981 , backward 38.
        Unrouted nets 8 at the end of iteration 166.
    route iteration 166, CPU time elapsed 0.156250 sec.
    forward max bucket size 865 , backward 249.
        Unrouted nets 9 at the end of iteration 167.
    route iteration 167, CPU time elapsed 0.109375 sec.
    forward max bucket size 82 , backward 90.
        Unrouted nets 11 at the end of iteration 168.
    route iteration 168, CPU time elapsed 0.109375 sec.
    forward max bucket size 82 , backward 148.
        Unrouted nets 13 at the end of iteration 169.
    route iteration 169, CPU time elapsed 0.140625 sec.
    forward max bucket size 84 , backward 149.
        Unrouted nets 9 at the end of iteration 170.
    route iteration 170, CPU time elapsed 0.109375 sec.
    forward max bucket size 48 , backward 39.
        Unrouted nets 4 at the end of iteration 171.
    route iteration 171, CPU time elapsed 0.093750 sec.
    forward max bucket size 74 , backward 102.
        Unrouted nets 6 at the end of iteration 172.
    route iteration 172, CPU time elapsed 0.140625 sec.
    forward max bucket size 62 , backward 46.
        Unrouted nets 7 at the end of iteration 173.
    route iteration 173, CPU time elapsed 0.109375 sec.
    forward max bucket size 197 , backward 96.
        Unrouted nets 7 at the end of iteration 174.
    route iteration 174, CPU time elapsed 0.140625 sec.
    forward max bucket size 46 , backward 42.
        Unrouted nets 8 at the end of iteration 175.
    route iteration 175, CPU time elapsed 0.109375 sec.
    forward max bucket size 36 , backward 18.
        Unrouted nets 9 at the end of iteration 176.
    route iteration 176, CPU time elapsed 0.140625 sec.
    forward max bucket size 29 , backward 46.
        Unrouted nets 10 at the end of iteration 177.
    route iteration 177, CPU time elapsed 0.125000 sec.
    forward max bucket size 35 , backward 55.
        Unrouted nets 7 at the end of iteration 178.
    route iteration 178, CPU time elapsed 0.078125 sec.
    forward max bucket size 35 , backward 20.
        Unrouted nets 6 at the end of iteration 179.
    route iteration 179, CPU time elapsed 0.140625 sec.
    forward max bucket size 128 , backward 55.
        Unrouted nets 5 at the end of iteration 180.
    route iteration 180, CPU time elapsed 0.109375 sec.
    forward max bucket size 91 , backward 100.
        Unrouted nets 4 at the end of iteration 181.
    route iteration 181, CPU time elapsed 0.125000 sec.
    forward max bucket size 45 , backward 21.
        Unrouted nets 3 at the end of iteration 182.
    route iteration 182, CPU time elapsed 0.140625 sec.
    forward max bucket size 22 , backward 13.
        Unrouted nets 0 at the end of iteration 183.
    route iteration 183, CPU time elapsed 0.093750 sec.
C: Route-2036: The clock path from ex_clk_50m_ibuf/opit_1:OUT to cmos_PLL/u_pll_e1/goppll:CLKIN1 is routed by SRB.
Detailed routing takes 271.73 sec.

Dispose routing result:
    Collect routing result.
    Delete unused device instances.
    Annotate routing result.
    Change LUT configuration.
    Dispose misc instances.
I: Route-6001: Insert route through in CLMA_58_88.
I: Route-6001: Insert route through in CLMA_102_160.
I: Route-6001: Insert route through in CLMA_106_228.
I: Route-6001: Insert route through in CLMA_94_128.
I: Route-6001: Insert route through in CLMA_118_228.
I: Route-6001: Insert route through in CLMS_46_69.
I: Route-6001: Insert route through in CLMS_46_69.
I: Route-6001: Insert route through in CLMS_94_205.
I: Route-6001: Insert route through in CLMA_70_161.
I: Route-6001: Insert route through in CLMS_66_125.
I: Route-6001: Insert route through in CLMS_102_217.
I: Route-6001: Insert route through in CLMA_146_220.
I: Route-6001: Insert route through in CLMA_90_216.
I: Route-6001: Insert route through in CLMA_58_256.
I: Route-6001: Insert route through in CLMA_70_224.
I: Route-6001: Insert route through in CLMA_90_161.
I: Route-6001: Insert route through in CLMA_98_101.
I: Route-6001: Insert route through in CLMA_90_252.
I: Route-6001: Insert route through in CLMA_90_161.
I: Route-6001: Insert route through in CLMA_98_217.
I: Route-6001: Insert route through in CLMA_54_140.
I: Route-6001: Insert route through in CLMS_66_221.
I: Route-6001: Insert route through in CLMA_70_157.
I: Route-6001: Insert route through in CLMA_82_164.
I: Route-6001: Insert route through in CLMA_90_265.
I: Route-6001: Insert route through in CLMA_98_268.
I: Route-6001: Insert route through in CLMS_66_109.
I: Route-6001: Insert route through in CLMA_78_128.
I: Route-6001: Insert route through in CLMA_70_128.
I: Route-6001: Insert route through in CLMA_90_261.
I: Route-6001: Insert route through in CLMA_50_149.
I: Route-6001: Insert route through in CLMS_66_121.
I: Route-6001: Insert route through in CLMA_70_113.
I: Route-6001: Insert route through in CLMA_90_260.
I: Route-6001: Insert route through in CLMA_90_133.
I: Route-6001: Insert route through in CLMS_94_285.
I: Route-6001: Insert route through in CLMA_86_296.
I: Route-6001: Insert route through in CLMA_86_188.
I: Route-6001: Insert route through in CLMA_70_124.
I: Route-6001: Insert route through in CLMA_82_205.
I: Route-6001: Insert route through in CLMA_42_125.
I: Route-6001: Insert route through in CLMA_130_45.
I: Route-6001: Insert route through in CLMA_26_204.
I: Route-6001: Insert route through in USCM_74_110.
I: Route-6001: Insert route through in RCKB_7_62.
I: Route-6001: Insert route through in RCKB_7_60.
I: Route-6001: Insert route through in RCKB_7_61.
I: Route-6001: Insert route through in RCKB_151_60.
I: Route-6001: Insert route through in RCKB_7_184.
I: Route-6001: Insert route through in RCKB_7_187.
I: Route-6001: Insert route through in RCKB_7_185.
I: Route-6001: Insert route through in RCKB_7_186.
I: Route-6001: Insert route through in RCKB_151_187.
I: Route-6001: Insert route through in RCKB_151_185.
I: Route-6001: Insert route through in RCKB_151_184.
I: Route-6001: Insert route through in RCKB_151_186.
    Annotate routing result again.
Finish routing takes 6.59 sec.
The timing paths of the clock axi_clk0 have hold violation, the worst slack : -231.
The timing paths of the clock pclk have hold violation, the worst slack : -481.
Hold fix iterated 0 times
The hold violation of the clock axi_clk0 has been fixed unsuccessfully, the finally worst slack: -231(slow), -85(fast).
The hold violation of the clock pclk has been fixed unsuccessfully, the finally worst slack: -367(slow), -71(fast).
Hold violation fix failed. (takes 31.56 sec).
Used srb routing arc is 171649.
Cleanup routing takes 0.06 sec.
Routing done.
Total routing takes 333.09 sec.


Device Utilization Summary :
+----------------------------------------------------------------------------+
| Logic Utilization        | Used     | Available     | Utilization(%)     
+----------------------------------------------------------------------------+
| Use of ADC               | 0        | 1             | 0                   
| Use of APM               | 3        | 30            | 10                  
| Use of BKCL              | 6        | 6             | 100                 
| Use of CLMA              | 2521     | 3274          | 77                  
|   FF                     | 4318     | 19644         | 22                  
|   LUT                    | 7035     | 13096         | 54                  
|   LUT-FF pairs           | 2435     | 13096         | 19                  
| Use of CLMS              | 861      | 1110          | 78                  
|   FF                     | 1000     | 6660          | 15                  
|   LUT                    | 2339     | 4440          | 53                  
|   LUT-FF pairs           | 584      | 4440          | 13                  
|   Distributed RAM        | 608      | 4440          | 14                  
| Use of CRYSTAL           | 0        | 6             | 0                   
| Use of DLL               | 2        | 6             | 33                  
| Use of DQSL              | 5        | 18            | 28                  
| Use of DRM               | 23       | 48            | 48                  
| Use of FLSIF             | 0        | 1             | 0                   
| Use of FUSECODE          | 0        | 1             | 0                   
| Use of HARD0N1           | 0        | 2745          | 0                   
| Use of HMEMC             | 1        | 2             | 50                  
| Use of IO                | 99       | 240           | 41                  
|   IOBD                   | 49       | 120           | 41                  
|   IOBR                   | 2        | 6             | 33                  
|   IOBS                   | 48       | 114           | 42                  
| Use of IOCKDIV           | 1        | 12            | 8                   
| Use of IOCKDLY           | 1        | 24            | 4                   
| Use of IOCKGATE          | 2        | 12            | 17                  
| Use of IOCKGMUX_TEST     | 0        | 12            | 0                   
| Use of IOL               | 99       | 240           | 41                  
| Use of IPAL              | 0        | 1             | 0                   
| Use of MFG_TEST          | 0        | 1             | 0                   
| Use of OSC               | 0        | 1             | 0                   
| Use of PLL               | 2        | 6             | 33                  
| Use of PREGMUX_TEST      | 0        | 6             | 0                   
| Use of RCKB              | 12       | 24            | 50                  
| Use of RCKBMUX_TEST      | 0        | 12            | 0                   
| Use of RESCAL            | 0        | 6             | 0                   
| Use of SCANCHAIN         | 0        | 4             | 0                   
| Use of START             | 1        | 1             | 100                 
| Use of UDID              | 0        | 1             | 0                   
| Use of USCM              | 7        | 20            | 35                  
| Use of USCMMUX_TEST      | 0        | 20            | 0                   
| Use of VCKBMUX_TEST      | 0        | 12            | 0                   
+----------------------------------------------------------------------------+

Finished routing. (CPU time elapsed 0h:11m:20s)
Design 'm1_soc_top' has been placed and routed successfully.
Saving design to DB.
Action pnr: Real time elapsed is 722.000 sec
Action pnr: CPU time elapsed is 686.547 sec
Current time: Fri Jun  4 13:27:44 2021
Action pnr: Peak memory pool usage is 1,147,949,056 bytes
Finished placement and routing. (CPU time elapsed 0h:11m:21s)
