#Build: Fabric Compiler 2020.3, Build 62942, Sep 29 13:34 2020
#Install: C:\pango\PDS_2020.3\bin
#Application name: pds_shell.exe
#OS: Windows 10 10.0.19042
#Hostname: DESKTOP-C9S5NJE
Generated by Fabric Compiler (version 2020.3 build 62942) at Sun Jun  6 16:38:04 2021
Compiling verification operator library.
Compiling common defs.
Compiling prim grid devices.
Compiling gate devices.
Compiling gate operators.
Building architecture model.
Loading device packaging model 'MBG324'.
I: dp_step_length: 4 != def: 1
Starting placement and routing flow. (CPU time elapsed 0h:00m:00s)
Reading design from devmap DB.
Building architecture floorplan logic view.
Executing : apply_constraint -f C:/Users/1/Desktop/jc/SD_Int_5_23/pnr/device_map/m1_soc_top.pcf
Executing : def_port i2c0_sck -LOC J14 -IOSTANDARD LVCMOS33 -VCCIO 3.3 -HYS_DRIVE_MODE NOHYS -BUS_KEEPER PULLUP -DRIVE 4 -SLEW FAST
Executing : def_port i2c0_sck -LOC J14 -IOSTANDARD LVCMOS33 -VCCIO 3.3 -HYS_DRIVE_MODE NOHYS -BUS_KEEPER PULLUP -DRIVE 4 -SLEW FAST successfully.
Executing : def_port i2c0_sda -LOC J15 -IOSTANDARD LVCMOS33 -VCCIO 3.3 -HYS_DRIVE_MODE NOHYS -BUS_KEEPER PULLUP -DRIVE 4 -SLEW FAST
Executing : def_port i2c0_sda -LOC J15 -IOSTANDARD LVCMOS33 -VCCIO 3.3 -HYS_DRIVE_MODE NOHYS -BUS_KEEPER PULLUP -DRIVE 4 -SLEW FAST successfully.
Executing : def_port {pad_dq_ch0[0]} -LOC T8 -IOSTANDARD SSTL15_I -VCCIO 1.5 -BUS_KEEPER UNUSED -VREF_MODE IN -VREF_MODE_VALUE 0.5 -DDR_TERM_MODE ON -DRIVE 7.5 -SLEW FAST
Executing : def_port {pad_dq_ch0[0]} -LOC T8 -IOSTANDARD SSTL15_I -VCCIO 1.5 -BUS_KEEPER UNUSED -VREF_MODE IN -VREF_MODE_VALUE 0.5 -DDR_TERM_MODE ON -DRIVE 7.5 -SLEW FAST successfully.
Executing : def_port {pad_dq_ch0[1]} -LOC T6 -IOSTANDARD SSTL15_I -VCCIO 1.5 -BUS_KEEPER UNUSED -VREF_MODE IN -VREF_MODE_VALUE 0.5 -DDR_TERM_MODE ON -DRIVE 7.5 -SLEW FAST
Executing : def_port {pad_dq_ch0[1]} -LOC T6 -IOSTANDARD SSTL15_I -VCCIO 1.5 -BUS_KEEPER UNUSED -VREF_MODE IN -VREF_MODE_VALUE 0.5 -DDR_TERM_MODE ON -DRIVE 7.5 -SLEW FAST successfully.
Executing : def_port {pad_dq_ch0[2]} -LOC R6 -IOSTANDARD SSTL15_I -VCCIO 1.5 -BUS_KEEPER UNUSED -VREF_MODE IN -VREF_MODE_VALUE 0.5 -DDR_TERM_MODE ON -DRIVE 7.5 -SLEW FAST
Executing : def_port {pad_dq_ch0[2]} -LOC R6 -IOSTANDARD SSTL15_I -VCCIO 1.5 -BUS_KEEPER UNUSED -VREF_MODE IN -VREF_MODE_VALUE 0.5 -DDR_TERM_MODE ON -DRIVE 7.5 -SLEW FAST successfully.
Executing : def_port {pad_dq_ch0[3]} -LOC R9 -IOSTANDARD SSTL15_I -VCCIO 1.5 -BUS_KEEPER UNUSED -VREF_MODE IN -VREF_MODE_VALUE 0.5 -DDR_TERM_MODE ON -DRIVE 7.5 -SLEW FAST
Executing : def_port {pad_dq_ch0[3]} -LOC R9 -IOSTANDARD SSTL15_I -VCCIO 1.5 -BUS_KEEPER UNUSED -VREF_MODE IN -VREF_MODE_VALUE 0.5 -DDR_TERM_MODE ON -DRIVE 7.5 -SLEW FAST successfully.
Executing : def_port {pad_dq_ch0[4]} -LOC T9 -IOSTANDARD SSTL15_I -VCCIO 1.5 -BUS_KEEPER UNUSED -VREF_MODE IN -VREF_MODE_VALUE 0.5 -DDR_TERM_MODE ON -DRIVE 7.5 -SLEW FAST
Executing : def_port {pad_dq_ch0[4]} -LOC T9 -IOSTANDARD SSTL15_I -VCCIO 1.5 -BUS_KEEPER UNUSED -VREF_MODE IN -VREF_MODE_VALUE 0.5 -DDR_TERM_MODE ON -DRIVE 7.5 -SLEW FAST successfully.
Executing : def_port {pad_dq_ch0[5]} -LOC N4 -IOSTANDARD SSTL15_I -VCCIO 1.5 -BUS_KEEPER UNUSED -VREF_MODE IN -VREF_MODE_VALUE 0.5 -DDR_TERM_MODE ON -DRIVE 7.5 -SLEW FAST
Executing : def_port {pad_dq_ch0[5]} -LOC N4 -IOSTANDARD SSTL15_I -VCCIO 1.5 -BUS_KEEPER UNUSED -VREF_MODE IN -VREF_MODE_VALUE 0.5 -DDR_TERM_MODE ON -DRIVE 7.5 -SLEW FAST successfully.
Executing : def_port {pad_dq_ch0[6]} -LOC N5 -IOSTANDARD SSTL15_I -VCCIO 1.5 -BUS_KEEPER UNUSED -VREF_MODE IN -VREF_MODE_VALUE 0.5 -DDR_TERM_MODE ON -DRIVE 7.5 -SLEW FAST
Executing : def_port {pad_dq_ch0[6]} -LOC N5 -IOSTANDARD SSTL15_I -VCCIO 1.5 -BUS_KEEPER UNUSED -VREF_MODE IN -VREF_MODE_VALUE 0.5 -DDR_TERM_MODE ON -DRIVE 7.5 -SLEW FAST successfully.
Executing : def_port {pad_dq_ch0[7]} -LOC P6 -IOSTANDARD SSTL15_I -VCCIO 1.5 -BUS_KEEPER UNUSED -VREF_MODE IN -VREF_MODE_VALUE 0.5 -DDR_TERM_MODE ON -DRIVE 7.5 -SLEW FAST
Executing : def_port {pad_dq_ch0[7]} -LOC P6 -IOSTANDARD SSTL15_I -VCCIO 1.5 -BUS_KEEPER UNUSED -VREF_MODE IN -VREF_MODE_VALUE 0.5 -DDR_TERM_MODE ON -DRIVE 7.5 -SLEW FAST successfully.
Executing : def_port {pad_dq_ch0[8]} -LOC T4 -IOSTANDARD SSTL15_I -VCCIO 1.5 -BUS_KEEPER UNUSED -VREF_MODE IN -VREF_MODE_VALUE 0.5 -DDR_TERM_MODE ON -DRIVE 7.5 -SLEW FAST
Executing : def_port {pad_dq_ch0[8]} -LOC T4 -IOSTANDARD SSTL15_I -VCCIO 1.5 -BUS_KEEPER UNUSED -VREF_MODE IN -VREF_MODE_VALUE 0.5 -DDR_TERM_MODE ON -DRIVE 7.5 -SLEW FAST successfully.
Executing : def_port {pad_dq_ch0[9]} -LOC V9 -IOSTANDARD SSTL15_I -VCCIO 1.5 -BUS_KEEPER UNUSED -VREF_MODE IN -VREF_MODE_VALUE 0.5 -DDR_TERM_MODE ON -DRIVE 7.5 -SLEW FAST
Executing : def_port {pad_dq_ch0[9]} -LOC V9 -IOSTANDARD SSTL15_I -VCCIO 1.5 -BUS_KEEPER UNUSED -VREF_MODE IN -VREF_MODE_VALUE 0.5 -DDR_TERM_MODE ON -DRIVE 7.5 -SLEW FAST successfully.
Executing : def_port {pad_dq_ch0[10]} -LOC U9 -IOSTANDARD SSTL15_I -VCCIO 1.5 -BUS_KEEPER UNUSED -VREF_MODE IN -VREF_MODE_VALUE 0.5 -DDR_TERM_MODE ON -DRIVE 7.5 -SLEW FAST
Executing : def_port {pad_dq_ch0[10]} -LOC U9 -IOSTANDARD SSTL15_I -VCCIO 1.5 -BUS_KEEPER UNUSED -VREF_MODE IN -VREF_MODE_VALUE 0.5 -DDR_TERM_MODE ON -DRIVE 7.5 -SLEW FAST successfully.
Executing : def_port {pad_dq_ch0[11]} -LOC V7 -IOSTANDARD SSTL15_I -VCCIO 1.5 -BUS_KEEPER UNUSED -VREF_MODE IN -VREF_MODE_VALUE 0.5 -DDR_TERM_MODE ON -DRIVE 7.5 -SLEW FAST
Executing : def_port {pad_dq_ch0[11]} -LOC V7 -IOSTANDARD SSTL15_I -VCCIO 1.5 -BUS_KEEPER UNUSED -VREF_MODE IN -VREF_MODE_VALUE 0.5 -DDR_TERM_MODE ON -DRIVE 7.5 -SLEW FAST successfully.
Executing : def_port {pad_dq_ch0[12]} -LOC U7 -IOSTANDARD SSTL15_I -VCCIO 1.5 -BUS_KEEPER UNUSED -VREF_MODE IN -VREF_MODE_VALUE 0.5 -DDR_TERM_MODE ON -DRIVE 7.5 -SLEW FAST
Executing : def_port {pad_dq_ch0[12]} -LOC U7 -IOSTANDARD SSTL15_I -VCCIO 1.5 -BUS_KEEPER UNUSED -VREF_MODE IN -VREF_MODE_VALUE 0.5 -DDR_TERM_MODE ON -DRIVE 7.5 -SLEW FAST successfully.
Executing : def_port {pad_dq_ch0[13]} -LOC V6 -IOSTANDARD SSTL15_I -VCCIO 1.5 -BUS_KEEPER UNUSED -VREF_MODE IN -VREF_MODE_VALUE 0.5 -DDR_TERM_MODE ON -DRIVE 7.5 -SLEW FAST
Executing : def_port {pad_dq_ch0[13]} -LOC V6 -IOSTANDARD SSTL15_I -VCCIO 1.5 -BUS_KEEPER UNUSED -VREF_MODE IN -VREF_MODE_VALUE 0.5 -DDR_TERM_MODE ON -DRIVE 7.5 -SLEW FAST successfully.
Executing : def_port {pad_dq_ch0[14]} -LOC U6 -IOSTANDARD SSTL15_I -VCCIO 1.5 -BUS_KEEPER UNUSED -VREF_MODE IN -VREF_MODE_VALUE 0.5 -DDR_TERM_MODE ON -DRIVE 7.5 -SLEW FAST
Executing : def_port {pad_dq_ch0[14]} -LOC U6 -IOSTANDARD SSTL15_I -VCCIO 1.5 -BUS_KEEPER UNUSED -VREF_MODE IN -VREF_MODE_VALUE 0.5 -DDR_TERM_MODE ON -DRIVE 7.5 -SLEW FAST successfully.
Executing : def_port {pad_dq_ch0[15]} -LOC V5 -IOSTANDARD SSTL15_I -VCCIO 1.5 -BUS_KEEPER UNUSED -VREF_MODE IN -VREF_MODE_VALUE 0.5 -DDR_TERM_MODE ON -DRIVE 7.5 -SLEW FAST
Executing : def_port {pad_dq_ch0[15]} -LOC V5 -IOSTANDARD SSTL15_I -VCCIO 1.5 -BUS_KEEPER UNUSED -VREF_MODE IN -VREF_MODE_VALUE 0.5 -DDR_TERM_MODE ON -DRIVE 7.5 -SLEW FAST successfully.
Executing : def_port {pad_dqs_ch0[0]} -LOC N6 -IOSTANDARD SSTL15D_I -VCCIO 1.5 -BUS_KEEPER UNUSED -DDR_TERM_MODE ON -DRIVE 7.5 -SLEW FAST
Executing : def_port {pad_dqs_ch0[0]} -LOC N6 -IOSTANDARD SSTL15D_I -VCCIO 1.5 -BUS_KEEPER UNUSED -DDR_TERM_MODE ON -DRIVE 7.5 -SLEW FAST successfully.
Executing : def_port {pad_dqs_ch0[1]} -LOC U8 -IOSTANDARD SSTL15D_I -VCCIO 1.5 -BUS_KEEPER UNUSED -DDR_TERM_MODE ON -DRIVE 7.5 -SLEW FAST
Executing : def_port {pad_dqs_ch0[1]} -LOC U8 -IOSTANDARD SSTL15D_I -VCCIO 1.5 -BUS_KEEPER UNUSED -DDR_TERM_MODE ON -DRIVE 7.5 -SLEW FAST successfully.
Executing : def_port {pad_dqsn_ch0[0]} -LOC N7 -IOSTANDARD SSTL15D_I -VCCIO 1.5 -BUS_KEEPER UNUSED -DDR_TERM_MODE ON -DRIVE 7.5 -SLEW FAST
Executing : def_port {pad_dqsn_ch0[0]} -LOC N7 -IOSTANDARD SSTL15D_I -VCCIO 1.5 -BUS_KEEPER UNUSED -DDR_TERM_MODE ON -DRIVE 7.5 -SLEW FAST successfully.
Executing : def_port {pad_dqsn_ch0[1]} -LOC V8 -IOSTANDARD SSTL15D_I -VCCIO 1.5 -BUS_KEEPER UNUSED -DDR_TERM_MODE ON -DRIVE 7.5 -SLEW FAST
Executing : def_port {pad_dqsn_ch0[1]} -LOC V8 -IOSTANDARD SSTL15D_I -VCCIO 1.5 -BUS_KEEPER UNUSED -DDR_TERM_MODE ON -DRIVE 7.5 -SLEW FAST successfully.
Executing : def_port {LED[0]} -LOC U10 -IOSTANDARD LVCMOS33 -VCCIO 3.3 -BUS_KEEPER NONE -DRIVE 8 -SLEW FAST
Executing : def_port {LED[0]} -LOC U10 -IOSTANDARD LVCMOS33 -VCCIO 3.3 -BUS_KEEPER NONE -DRIVE 8 -SLEW FAST successfully.
Executing : def_port {LED[1]} -LOC V10 -IOSTANDARD LVCMOS33 -VCCIO 3.3 -BUS_KEEPER NONE -DRIVE 8 -SLEW FAST
Executing : def_port {LED[1]} -LOC V10 -IOSTANDARD LVCMOS33 -VCCIO 3.3 -BUS_KEEPER NONE -DRIVE 8 -SLEW FAST successfully.
Executing : def_port {LED[2]} -LOC U11 -IOSTANDARD LVCMOS33 -VCCIO 3.3 -BUS_KEEPER NONE -DRIVE 8 -SLEW FAST
Executing : def_port {LED[2]} -LOC U11 -IOSTANDARD LVCMOS33 -VCCIO 3.3 -BUS_KEEPER NONE -DRIVE 8 -SLEW FAST successfully.
Executing : def_port {LED[3]} -LOC V11 -IOSTANDARD LVCMOS33 -VCCIO 3.3 -BUS_KEEPER NONE -DRIVE 8 -SLEW FAST -OPEN_DRAIN OFF
Executing : def_port {LED[3]} -LOC V11 -IOSTANDARD LVCMOS33 -VCCIO 3.3 -BUS_KEEPER NONE -DRIVE 8 -SLEW FAST -OPEN_DRAIN OFF successfully.
Executing : def_port SD_DCLK -LOC V13 -IOSTANDARD LVCMOS33 -VCCIO 3.3 -BUS_KEEPER PULLUP -DRIVE 4 -SLEW FAST
Executing : def_port SD_DCLK -LOC V13 -IOSTANDARD LVCMOS33 -VCCIO 3.3 -BUS_KEEPER PULLUP -DRIVE 4 -SLEW FAST successfully.
Executing : def_port SD_MOSI -LOC U14 -IOSTANDARD LVCMOS33 -VCCIO 3.3 -BUS_KEEPER PULLUP -DRIVE 4 -SLEW FAST
Executing : def_port SD_MOSI -LOC U14 -IOSTANDARD LVCMOS33 -VCCIO 3.3 -BUS_KEEPER PULLUP -DRIVE 4 -SLEW FAST successfully.
Executing : def_port SD_nCS -LOC V14 -IOSTANDARD LVCMOS33 -VCCIO 3.3 -BUS_KEEPER PULLUP -DRIVE 4 -SLEW FAST
Executing : def_port SD_nCS -LOC V14 -IOSTANDARD LVCMOS33 -VCCIO 3.3 -BUS_KEEPER PULLUP -DRIVE 4 -SLEW FAST successfully.
Executing : def_port TX -LOC C10 -IOSTANDARD LVCMOS33 -VCCIO 3.3 -BUS_KEEPER PULLUP -SLEW FAST
C: ConstraintEditor-2006: [C:/Users/1/Desktop/jc/SD_Int_5_23/pnr/device_map/m1_soc_top.pcf] Port TX lack of drive, output port and inout port had better set drive value, the default value is 4.
Executing : def_port TX -LOC C10 -IOSTANDARD LVCMOS33 -VCCIO 3.3 -BUS_KEEPER PULLUP -SLEW FAST successfully.
Executing : def_port cmos_xclk -LOC H13 -IOSTANDARD LVCMOS33 -VCCIO 3.3 -BUS_KEEPER PULLUP -DRIVE 4 -SLEW FAST -OPEN_DRAIN OFF
Executing : def_port cmos_xclk -LOC H13 -IOSTANDARD LVCMOS33 -VCCIO 3.3 -BUS_KEEPER PULLUP -DRIVE 4 -SLEW FAST -OPEN_DRAIN OFF successfully.
Executing : def_port l0_sgmii_clk_shft -LOC H17 -IOSTANDARD LVCMOS33 -VCCIO 3.3 -DRIVE 4 -SLEW FAST
Executing : def_port l0_sgmii_clk_shft -LOC H17 -IOSTANDARD LVCMOS33 -VCCIO 3.3 -DRIVE 4 -SLEW FAST successfully.
Executing : def_port {pad_addr_ch0[0]} -LOC M4 -IOSTANDARD SSTL15_I -VCCIO 1.5 -BUS_KEEPER UNUSED -DRIVE 7.5 -SLEW FAST
Executing : def_port {pad_addr_ch0[0]} -LOC M4 -IOSTANDARD SSTL15_I -VCCIO 1.5 -BUS_KEEPER UNUSED -DRIVE 7.5 -SLEW FAST successfully.
Executing : def_port {pad_addr_ch0[1]} -LOC M3 -IOSTANDARD SSTL15_I -VCCIO 1.5 -BUS_KEEPER UNUSED -DRIVE 7.5 -SLEW FAST
Executing : def_port {pad_addr_ch0[1]} -LOC M3 -IOSTANDARD SSTL15_I -VCCIO 1.5 -BUS_KEEPER UNUSED -DRIVE 7.5 -SLEW FAST successfully.
Executing : def_port {pad_addr_ch0[2]} -LOC P2 -IOSTANDARD SSTL15_I -VCCIO 1.5 -BUS_KEEPER UNUSED -DRIVE 7.5 -SLEW FAST
Executing : def_port {pad_addr_ch0[2]} -LOC P2 -IOSTANDARD SSTL15_I -VCCIO 1.5 -BUS_KEEPER UNUSED -DRIVE 7.5 -SLEW FAST successfully.
Executing : def_port {pad_addr_ch0[3]} -LOC P1 -IOSTANDARD SSTL15_I -VCCIO 1.5 -BUS_KEEPER UNUSED -DRIVE 7.5 -SLEW FAST
Executing : def_port {pad_addr_ch0[3]} -LOC P1 -IOSTANDARD SSTL15_I -VCCIO 1.5 -BUS_KEEPER UNUSED -DRIVE 7.5 -SLEW FAST successfully.
Executing : def_port {pad_addr_ch0[4]} -LOC L5 -IOSTANDARD SSTL15_I -VCCIO 1.5 -BUS_KEEPER UNUSED -DRIVE 7.5 -SLEW FAST
Executing : def_port {pad_addr_ch0[4]} -LOC L5 -IOSTANDARD SSTL15_I -VCCIO 1.5 -BUS_KEEPER UNUSED -DRIVE 7.5 -SLEW FAST successfully.
Executing : def_port {pad_addr_ch0[5]} -LOC M5 -IOSTANDARD SSTL15_I -VCCIO 1.5 -BUS_KEEPER UNUSED -DRIVE 7.5 -SLEW FAST
Executing : def_port {pad_addr_ch0[5]} -LOC M5 -IOSTANDARD SSTL15_I -VCCIO 1.5 -BUS_KEEPER UNUSED -DRIVE 7.5 -SLEW FAST successfully.
Executing : def_port {pad_addr_ch0[6]} -LOC N2 -IOSTANDARD SSTL15_I -VCCIO 1.5 -BUS_KEEPER UNUSED -DRIVE 7.5 -SLEW FAST
Executing : def_port {pad_addr_ch0[6]} -LOC N2 -IOSTANDARD SSTL15_I -VCCIO 1.5 -BUS_KEEPER UNUSED -DRIVE 7.5 -SLEW FAST successfully.
Executing : def_port {pad_addr_ch0[7]} -LOC N1 -IOSTANDARD SSTL15_I -VCCIO 1.5 -BUS_KEEPER UNUSED -DRIVE 7.5 -SLEW FAST
Executing : def_port {pad_addr_ch0[7]} -LOC N1 -IOSTANDARD SSTL15_I -VCCIO 1.5 -BUS_KEEPER UNUSED -DRIVE 7.5 -SLEW FAST successfully.
Executing : def_port {pad_addr_ch0[8]} -LOC K4 -IOSTANDARD SSTL15_I -VCCIO 1.5 -BUS_KEEPER UNUSED -DRIVE 7.5 -SLEW FAST
Executing : def_port {pad_addr_ch0[8]} -LOC K4 -IOSTANDARD SSTL15_I -VCCIO 1.5 -BUS_KEEPER UNUSED -DRIVE 7.5 -SLEW FAST successfully.
Executing : def_port {pad_addr_ch0[9]} -LOC M1 -IOSTANDARD SSTL15_I -VCCIO 1.5 -BUS_KEEPER UNUSED -DRIVE 7.5 -SLEW FAST
Executing : def_port {pad_addr_ch0[9]} -LOC M1 -IOSTANDARD SSTL15_I -VCCIO 1.5 -BUS_KEEPER UNUSED -DRIVE 7.5 -SLEW FAST successfully.
Executing : def_port {pad_addr_ch0[10]} -LOC M6 -IOSTANDARD SSTL15_I -VCCIO 1.5 -BUS_KEEPER UNUSED -DRIVE 7.5 -SLEW FAST
Executing : def_port {pad_addr_ch0[10]} -LOC M6 -IOSTANDARD SSTL15_I -VCCIO 1.5 -BUS_KEEPER UNUSED -DRIVE 7.5 -SLEW FAST successfully.
Executing : def_port {pad_addr_ch0[11]} -LOC L1 -IOSTANDARD SSTL15_I -VCCIO 1.5 -BUS_KEEPER UNUSED -DRIVE 7.5 -SLEW FAST
Executing : def_port {pad_addr_ch0[11]} -LOC L1 -IOSTANDARD SSTL15_I -VCCIO 1.5 -BUS_KEEPER UNUSED -DRIVE 7.5 -SLEW FAST successfully.
Executing : def_port {pad_addr_ch0[12]} -LOC K2 -IOSTANDARD SSTL15_I -VCCIO 1.5 -BUS_KEEPER UNUSED -DRIVE 7.5 -SLEW FAST
Executing : def_port {pad_addr_ch0[12]} -LOC K2 -IOSTANDARD SSTL15_I -VCCIO 1.5 -BUS_KEEPER UNUSED -DRIVE 7.5 -SLEW FAST successfully.
Executing : def_port {pad_addr_ch0[13]} -LOC K1 -IOSTANDARD SSTL15_I -VCCIO 1.5 -BUS_KEEPER UNUSED -DRIVE 7.5 -SLEW FAST
Executing : def_port {pad_addr_ch0[13]} -LOC K1 -IOSTANDARD SSTL15_I -VCCIO 1.5 -BUS_KEEPER UNUSED -DRIVE 7.5 -SLEW FAST successfully.
Executing : def_port {pad_addr_ch0[14]} -LOC J2 -IOSTANDARD SSTL15_I -VCCIO 1.5 -BUS_KEEPER UNUSED -DRIVE 7.5 -SLEW FAST
Executing : def_port {pad_addr_ch0[14]} -LOC J2 -IOSTANDARD SSTL15_I -VCCIO 1.5 -BUS_KEEPER UNUSED -DRIVE 7.5 -SLEW FAST successfully.
Executing : def_port {pad_addr_ch0[15]} -LOC J1 -IOSTANDARD SSTL15_I -VCCIO 1.5 -BUS_KEEPER UNUSED -DRIVE 7.5 -SLEW FAST
Executing : def_port {pad_addr_ch0[15]} -LOC J1 -IOSTANDARD SSTL15_I -VCCIO 1.5 -BUS_KEEPER UNUSED -DRIVE 7.5 -SLEW FAST successfully.
Executing : def_port {pad_ba_ch0[0]} -LOC U2 -IOSTANDARD SSTL15_I -VCCIO 1.5 -BUS_KEEPER UNUSED -DRIVE 7.5 -SLEW FAST
Executing : def_port {pad_ba_ch0[0]} -LOC U2 -IOSTANDARD SSTL15_I -VCCIO 1.5 -BUS_KEEPER UNUSED -DRIVE 7.5 -SLEW FAST successfully.
Executing : def_port {pad_ba_ch0[1]} -LOC U1 -IOSTANDARD SSTL15_I -VCCIO 1.5 -BUS_KEEPER UNUSED -DRIVE 7.5 -SLEW FAST
Executing : def_port {pad_ba_ch0[1]} -LOC U1 -IOSTANDARD SSTL15_I -VCCIO 1.5 -BUS_KEEPER UNUSED -DRIVE 7.5 -SLEW FAST successfully.
Executing : def_port {pad_ba_ch0[2]} -LOC T2 -IOSTANDARD SSTL15_I -VCCIO 1.5 -BUS_KEEPER UNUSED -DRIVE 7.5 -SLEW FAST
Executing : def_port {pad_ba_ch0[2]} -LOC T2 -IOSTANDARD SSTL15_I -VCCIO 1.5 -BUS_KEEPER UNUSED -DRIVE 7.5 -SLEW FAST successfully.
Executing : def_port pad_casn_ch0 -LOC T1 -IOSTANDARD SSTL15_I -VCCIO 1.5 -BUS_KEEPER UNUSED -DRIVE 7.5 -SLEW FAST
Executing : def_port pad_casn_ch0 -LOC T1 -IOSTANDARD SSTL15_I -VCCIO 1.5 -BUS_KEEPER UNUSED -DRIVE 7.5 -SLEW FAST successfully.
Executing : def_port pad_cke_ch0 -LOC L4 -IOSTANDARD SSTL15_I -VCCIO 1.5 -BUS_KEEPER UNUSED -DRIVE 7.5 -SLEW FAST
Executing : def_port pad_cke_ch0 -LOC L4 -IOSTANDARD SSTL15_I -VCCIO 1.5 -BUS_KEEPER UNUSED -DRIVE 7.5 -SLEW FAST successfully.
Executing : def_port pad_csn_ch0 -LOC R1 -IOSTANDARD SSTL15_I -VCCIO 1.5 -BUS_KEEPER UNUSED -DRIVE 7.5 -SLEW FAST
Executing : def_port pad_csn_ch0 -LOC R1 -IOSTANDARD SSTL15_I -VCCIO 1.5 -BUS_KEEPER UNUSED -DRIVE 7.5 -SLEW FAST successfully.
Executing : def_port pad_ddr_clk_w -LOC U3 -IOSTANDARD SSTL15D_I -VCCIO 1.5 -BUS_KEEPER UNUSED -DRIVE 7.5 -SLEW FAST
Executing : def_port pad_ddr_clk_w -LOC U3 -IOSTANDARD SSTL15D_I -VCCIO 1.5 -BUS_KEEPER UNUSED -DRIVE 7.5 -SLEW FAST successfully.
Executing : def_port pad_ddr_clkn_w -LOC V3 -IOSTANDARD SSTL15D_I -VCCIO 1.5 -BUS_KEEPER UNUSED -DRIVE 7.5 -SLEW FAST
Executing : def_port pad_ddr_clkn_w -LOC V3 -IOSTANDARD SSTL15D_I -VCCIO 1.5 -BUS_KEEPER UNUSED -DRIVE 7.5 -SLEW FAST successfully.
Executing : def_port {pad_dm_rdqs_ch0[0]} -LOC R8 -IOSTANDARD SSTL15_I -VCCIO 1.5 -BUS_KEEPER UNUSED -DRIVE 7.5 -SLEW FAST
Executing : def_port {pad_dm_rdqs_ch0[0]} -LOC R8 -IOSTANDARD SSTL15_I -VCCIO 1.5 -BUS_KEEPER UNUSED -DRIVE 7.5 -SLEW FAST successfully.
Executing : def_port {pad_dm_rdqs_ch0[1]} -LOC U5 -IOSTANDARD SSTL15_I -VCCIO 1.5 -BUS_KEEPER UNUSED -DRIVE 7.5 -SLEW FAST
Executing : def_port {pad_dm_rdqs_ch0[1]} -LOC U5 -IOSTANDARD SSTL15_I -VCCIO 1.5 -BUS_KEEPER UNUSED -DRIVE 7.5 -SLEW FAST successfully.
Executing : def_port pad_loop_out -LOC P8 -IOSTANDARD SSTL15_I -VCCIO 1.5 -BUS_KEEPER UNUSED -DRIVE 7.5 -SLEW FAST
Executing : def_port pad_loop_out -LOC P8 -IOSTANDARD SSTL15_I -VCCIO 1.5 -BUS_KEEPER UNUSED -DRIVE 7.5 -SLEW FAST successfully.
Executing : def_port pad_loop_out_h -LOC U4 -IOSTANDARD SSTL15_I -VCCIO 1.5 -BUS_KEEPER UNUSED -DRIVE 7.5 -SLEW FAST
Executing : def_port pad_loop_out_h -LOC U4 -IOSTANDARD SSTL15_I -VCCIO 1.5 -BUS_KEEPER UNUSED -DRIVE 7.5 -SLEW FAST successfully.
Executing : def_port pad_odt_ch0 -LOC V2 -IOSTANDARD SSTL15_I -VCCIO 1.5 -BUS_KEEPER UNUSED -DRIVE 7.5 -SLEW FAST
Executing : def_port pad_odt_ch0 -LOC V2 -IOSTANDARD SSTL15_I -VCCIO 1.5 -BUS_KEEPER UNUSED -DRIVE 7.5 -SLEW FAST successfully.
Executing : def_port pad_rasn_ch0 -LOC R2 -IOSTANDARD SSTL15_I -VCCIO 1.5 -BUS_KEEPER UNUSED -DRIVE 7.5 -SLEW FAST
Executing : def_port pad_rasn_ch0 -LOC R2 -IOSTANDARD SSTL15_I -VCCIO 1.5 -BUS_KEEPER UNUSED -DRIVE 7.5 -SLEW FAST successfully.
Executing : def_port pad_rstn_ch0 -LOC M2 -IOSTANDARD SSTL15_I -VCCIO 1.5 -BUS_KEEPER UNUSED -DRIVE 7.5 -SLEW FAST
Executing : def_port pad_rstn_ch0 -LOC M2 -IOSTANDARD SSTL15_I -VCCIO 1.5 -BUS_KEEPER UNUSED -DRIVE 7.5 -SLEW FAST successfully.
Executing : def_port pad_wen_ch0 -LOC V1 -IOSTANDARD SSTL15_I -VCCIO 1.5 -BUS_KEEPER UNUSED -DRIVE 7.5 -SLEW FAST
Executing : def_port pad_wen_ch0 -LOC V1 -IOSTANDARD SSTL15_I -VCCIO 1.5 -BUS_KEEPER UNUSED -DRIVE 7.5 -SLEW FAST successfully.
Executing : def_port phy_tx_en -LOC G18 -IOSTANDARD LVCMOS33 -VCCIO 3.3 -BUS_KEEPER PULLUP -DRIVE 8 -SLEW FAST -OPEN_DRAIN OFF
Executing : def_port phy_tx_en -LOC G18 -IOSTANDARD LVCMOS33 -VCCIO 3.3 -BUS_KEEPER PULLUP -DRIVE 8 -SLEW FAST -OPEN_DRAIN OFF successfully.
Executing : def_port phy_txd0 -LOC G17 -IOSTANDARD LVCMOS33 -VCCIO 3.3 -BUS_KEEPER PULLUP -DRIVE 8 -SLEW FAST -OPEN_DRAIN OFF
Executing : def_port phy_txd0 -LOC G17 -IOSTANDARD LVCMOS33 -VCCIO 3.3 -BUS_KEEPER PULLUP -DRIVE 8 -SLEW FAST -OPEN_DRAIN OFF successfully.
Executing : def_port phy_txd1 -LOC F18 -IOSTANDARD LVCMOS33 -VCCIO 3.3 -BUS_KEEPER PULLUP -DRIVE 8 -SLEW FAST -OPEN_DRAIN OFF
Executing : def_port phy_txd1 -LOC F18 -IOSTANDARD LVCMOS33 -VCCIO 3.3 -BUS_KEEPER PULLUP -DRIVE 8 -SLEW FAST -OPEN_DRAIN OFF successfully.
Executing : def_port phy_txd2 -LOC F17 -IOSTANDARD LVCMOS33 -VCCIO 3.3 -BUS_KEEPER PULLUP -DRIVE 8 -SLEW FAST -OPEN_DRAIN OFF
Executing : def_port phy_txd2 -LOC F17 -IOSTANDARD LVCMOS33 -VCCIO 3.3 -BUS_KEEPER PULLUP -DRIVE 8 -SLEW FAST -OPEN_DRAIN OFF successfully.
Executing : def_port phy_txd3 -LOC G16 -IOSTANDARD LVCMOS33 -VCCIO 3.3 -BUS_KEEPER PULLUP -DRIVE 8 -SLEW FAST -OPEN_DRAIN OFF
Executing : def_port phy_txd3 -LOC G16 -IOSTANDARD LVCMOS33 -VCCIO 3.3 -BUS_KEEPER PULLUP -DRIVE 8 -SLEW FAST -OPEN_DRAIN OFF successfully.
Executing : def_port spi0_clk -LOC C9 -IOSTANDARD LVCMOS33 -VCCIO 3.3 -BUS_KEEPER NONE -DRIVE 4
C: ConstraintEditor-2007: [C:/Users/1/Desktop/jc/SD_Int_5_23/pnr/device_map/m1_soc_top.pcf] Port spi0_clk lack of slew, output port and inout port had better set slew value, the default value is SLOW.
Executing : def_port spi0_clk -LOC C9 -IOSTANDARD LVCMOS33 -VCCIO 3.3 -BUS_KEEPER NONE -DRIVE 4 successfully.
Executing : def_port spi0_cs -LOC B8 -IOSTANDARD LVCMOS33 -VCCIO 3.3 -BUS_KEEPER PULLUP -DRIVE 4
C: ConstraintEditor-2007: [C:/Users/1/Desktop/jc/SD_Int_5_23/pnr/device_map/m1_soc_top.pcf] Port spi0_cs lack of slew, output port and inout port had better set slew value, the default value is SLOW.
Executing : def_port spi0_cs -LOC B8 -IOSTANDARD LVCMOS33 -VCCIO 3.3 -BUS_KEEPER PULLUP -DRIVE 4 successfully.
Executing : def_port spi0_mosi -LOC B4 -IOSTANDARD LVCMOS33 -VCCIO 3.3 -BUS_KEEPER PULLUP -DRIVE 4
C: ConstraintEditor-2007: [C:/Users/1/Desktop/jc/SD_Int_5_23/pnr/device_map/m1_soc_top.pcf] Port spi0_mosi lack of slew, output port and inout port had better set slew value, the default value is SLOW.
Executing : def_port spi0_mosi -LOC B4 -IOSTANDARD LVCMOS33 -VCCIO 3.3 -BUS_KEEPER PULLUP -DRIVE 4 successfully.
Executing : def_port RX -LOC A12 -IOSTANDARD LVCMOS33 -VCCIO 3.3 -BUS_KEEPER PULLUP
C: ConstraintEditor-2002: [C:/Users/1/Desktop/jc/SD_Int_5_23/pnr/device_map/m1_soc_top.pcf(line number: 75)] | Port RX has been placed at location A12, whose type is share pin.
Executing : def_port RX -LOC A12 -IOSTANDARD LVCMOS33 -VCCIO 3.3 -BUS_KEEPER PULLUP successfully.
Executing : def_port SD_MISO -LOC U13 -IOSTANDARD LVTTL33 -VCCIO 3.3 -BUS_KEEPER PULLUP
Executing : def_port SD_MISO -LOC U13 -IOSTANDARD LVTTL33 -VCCIO 3.3 -BUS_KEEPER PULLUP successfully.
Executing : def_port {cmos_db[0]} -LOC E18 -IOSTANDARD LVCMOS33 -VCCIO 3.3 -HYS_DRIVE_MODE NOHYS -BUS_KEEPER PULLUP
C: ConstraintEditor-2002: [C:/Users/1/Desktop/jc/SD_Int_5_23/pnr/device_map/m1_soc_top.pcf(line number: 77)] | Port cmos_db[0] has been placed at location E18, whose type is share pin.
Executing : def_port {cmos_db[0]} -LOC E18 -IOSTANDARD LVCMOS33 -VCCIO 3.3 -HYS_DRIVE_MODE NOHYS -BUS_KEEPER PULLUP successfully.
Executing : def_port {cmos_db[1]} -LOC D18 -IOSTANDARD LVCMOS33 -VCCIO 3.3 -HYS_DRIVE_MODE NOHYS -BUS_KEEPER PULLUP
C: ConstraintEditor-2002: [C:/Users/1/Desktop/jc/SD_Int_5_23/pnr/device_map/m1_soc_top.pcf(line number: 78)] | Port cmos_db[1] has been placed at location D18, whose type is share pin.
Executing : def_port {cmos_db[1]} -LOC D18 -IOSTANDARD LVCMOS33 -VCCIO 3.3 -HYS_DRIVE_MODE NOHYS -BUS_KEEPER PULLUP successfully.
Executing : def_port {cmos_db[2]} -LOC F14 -IOSTANDARD LVCMOS33 -VCCIO 3.3 -HYS_DRIVE_MODE NOHYS -BUS_KEEPER PULLUP
C: ConstraintEditor-2002: [C:/Users/1/Desktop/jc/SD_Int_5_23/pnr/device_map/m1_soc_top.pcf(line number: 79)] | Port cmos_db[2] has been placed at location F14, whose type is share pin.
Executing : def_port {cmos_db[2]} -LOC F14 -IOSTANDARD LVCMOS33 -VCCIO 3.3 -HYS_DRIVE_MODE NOHYS -BUS_KEEPER PULLUP successfully.
Executing : def_port {cmos_db[3]} -LOC F13 -IOSTANDARD LVCMOS33 -VCCIO 3.3 -HYS_DRIVE_MODE NOHYS -BUS_KEEPER PULLUP
Executing : def_port {cmos_db[3]} -LOC F13 -IOSTANDARD LVCMOS33 -VCCIO 3.3 -HYS_DRIVE_MODE NOHYS -BUS_KEEPER PULLUP successfully.
Executing : def_port {cmos_db[4]} -LOC E17 -IOSTANDARD LVCMOS33 -VCCIO 3.3 -HYS_DRIVE_MODE NOHYS -BUS_KEEPER PULLUP
C: ConstraintEditor-2002: [C:/Users/1/Desktop/jc/SD_Int_5_23/pnr/device_map/m1_soc_top.pcf(line number: 81)] | Port cmos_db[4] has been placed at location E17, whose type is share pin.
Executing : def_port {cmos_db[4]} -LOC E17 -IOSTANDARD LVCMOS33 -VCCIO 3.3 -HYS_DRIVE_MODE NOHYS -BUS_KEEPER PULLUP successfully.
Executing : def_port {cmos_db[5]} -LOC D17 -IOSTANDARD LVCMOS33 -VCCIO 3.3 -HYS_DRIVE_MODE NOHYS -BUS_KEEPER PULLUP
C: ConstraintEditor-2002: [C:/Users/1/Desktop/jc/SD_Int_5_23/pnr/device_map/m1_soc_top.pcf(line number: 82)] | Port cmos_db[5] has been placed at location D17, whose type is share pin.
Executing : def_port {cmos_db[5]} -LOC D17 -IOSTANDARD LVCMOS33 -VCCIO 3.3 -HYS_DRIVE_MODE NOHYS -BUS_KEEPER PULLUP successfully.
Executing : def_port {cmos_db[6]} -LOC G14 -IOSTANDARD LVCMOS33 -VCCIO 3.3 -HYS_DRIVE_MODE NOHYS -BUS_KEEPER PULLUP
C: ConstraintEditor-2002: [C:/Users/1/Desktop/jc/SD_Int_5_23/pnr/device_map/m1_soc_top.pcf(line number: 83)] | Port cmos_db[6] has been placed at location G14, whose type is share pin.
Executing : def_port {cmos_db[6]} -LOC G14 -IOSTANDARD LVCMOS33 -VCCIO 3.3 -HYS_DRIVE_MODE NOHYS -BUS_KEEPER PULLUP successfully.
Executing : def_port {cmos_db[7]} -LOC G13 -IOSTANDARD LVCMOS33 -VCCIO 3.3 -HYS_DRIVE_MODE NOHYS -BUS_KEEPER PULLUP
C: ConstraintEditor-2002: [C:/Users/1/Desktop/jc/SD_Int_5_23/pnr/device_map/m1_soc_top.pcf(line number: 84)] | Port cmos_db[7] has been placed at location G13, whose type is share pin.
Executing : def_port {cmos_db[7]} -LOC G13 -IOSTANDARD LVCMOS33 -VCCIO 3.3 -HYS_DRIVE_MODE NOHYS -BUS_KEEPER PULLUP successfully.
Executing : def_port cmos_href -LOC H14 -IOSTANDARD LVCMOS33 -VCCIO 3.3 -HYS_DRIVE_MODE NOHYS -BUS_KEEPER PULLUP
C: ConstraintEditor-2002: [C:/Users/1/Desktop/jc/SD_Int_5_23/pnr/device_map/m1_soc_top.pcf(line number: 85)] | Port cmos_href has been placed at location H14, whose type is share pin.
Executing : def_port cmos_href -LOC H14 -IOSTANDARD LVCMOS33 -VCCIO 3.3 -HYS_DRIVE_MODE NOHYS -BUS_KEEPER PULLUP successfully.
Executing : def_port cmos_pclk -LOC J17 -IOSTANDARD LVCMOS33 -VCCIO 3.3 -HYS_DRIVE_MODE NOHYS -BUS_KEEPER PULLUP
Executing : def_port cmos_pclk -LOC J17 -IOSTANDARD LVCMOS33 -VCCIO 3.3 -HYS_DRIVE_MODE NOHYS -BUS_KEEPER PULLUP successfully.
Executing : def_port cmos_vsync -LOC J18 -IOSTANDARD LVCMOS33 -VCCIO 3.3 -HYS_DRIVE_MODE NOHYS -BUS_KEEPER PULLUP
Executing : def_port cmos_vsync -LOC J18 -IOSTANDARD LVCMOS33 -VCCIO 3.3 -HYS_DRIVE_MODE NOHYS -BUS_KEEPER PULLUP successfully.
Executing : def_port ex_clk_50m -LOC B5 -IOSTANDARD LVCMOS33 -VCCIO 3.3 -HYS_DRIVE_MODE NOHYS -BUS_KEEPER PULLUP
Executing : def_port ex_clk_50m -LOC B5 -IOSTANDARD LVCMOS33 -VCCIO 3.3 -HYS_DRIVE_MODE NOHYS -BUS_KEEPER PULLUP successfully.
Executing : def_port gpio_in0 -LOC P17 -IOSTANDARD LVCMOS33 -VCCIO 3.3 -BUS_KEEPER NONE
Executing : def_port gpio_in0 -LOC P17 -IOSTANDARD LVCMOS33 -VCCIO 3.3 -BUS_KEEPER NONE successfully.
Executing : def_port pad_loop_in -LOC P7 -IOSTANDARD SSTL15_I -VCCIO 1.5 -BUS_KEEPER UNUSED -VREF_MODE IN -VREF_MODE_VALUE 0.5 -DDR_TERM_MODE ON
Executing : def_port pad_loop_in -LOC P7 -IOSTANDARD SSTL15_I -VCCIO 1.5 -BUS_KEEPER UNUSED -VREF_MODE IN -VREF_MODE_VALUE 0.5 -DDR_TERM_MODE ON successfully.
Executing : def_port pad_loop_in_h -LOC V4 -IOSTANDARD SSTL15_I -VCCIO 1.5 -BUS_KEEPER UNUSED -VREF_MODE IN -VREF_MODE_VALUE 0.5 -DDR_TERM_MODE ON
Executing : def_port pad_loop_in_h -LOC V4 -IOSTANDARD SSTL15_I -VCCIO 1.5 -BUS_KEEPER UNUSED -VREF_MODE IN -VREF_MODE_VALUE 0.5 -DDR_TERM_MODE ON successfully.
Executing : def_port phy_rx_dv -LOC L16 -IOSTANDARD LVCMOS33 -VCCIO 3.3 -HYS_DRIVE_MODE NOHYS -BUS_KEEPER PULLUP
Executing : def_port phy_rx_dv -LOC L16 -IOSTANDARD LVCMOS33 -VCCIO 3.3 -HYS_DRIVE_MODE NOHYS -BUS_KEEPER PULLUP successfully.
Executing : def_port phy_rxd0 -LOC M16 -IOSTANDARD LVCMOS33 -VCCIO 3.3 -HYS_DRIVE_MODE NOHYS -BUS_KEEPER PULLUP
Executing : def_port phy_rxd0 -LOC M16 -IOSTANDARD LVCMOS33 -VCCIO 3.3 -HYS_DRIVE_MODE NOHYS -BUS_KEEPER PULLUP successfully.
Executing : def_port phy_rxd1 -LOC M18 -IOSTANDARD LVCMOS33 -VCCIO 3.3 -HYS_DRIVE_MODE NOHYS -BUS_KEEPER PULLUP
Executing : def_port phy_rxd1 -LOC M18 -IOSTANDARD LVCMOS33 -VCCIO 3.3 -HYS_DRIVE_MODE NOHYS -BUS_KEEPER PULLUP successfully.
Executing : def_port phy_rxd2 -LOC K18 -IOSTANDARD LVCMOS33 -VCCIO 3.3 -HYS_DRIVE_MODE NOHYS -BUS_KEEPER PULLUP
Executing : def_port phy_rxd2 -LOC K18 -IOSTANDARD LVCMOS33 -VCCIO 3.3 -HYS_DRIVE_MODE NOHYS -BUS_KEEPER PULLUP successfully.
Executing : def_port phy_rxd3 -LOC K17 -IOSTANDARD LVCMOS33 -VCCIO 3.3 -HYS_DRIVE_MODE NOHYS -BUS_KEEPER PULLUP
Executing : def_port phy_rxd3 -LOC K17 -IOSTANDARD LVCMOS33 -VCCIO 3.3 -HYS_DRIVE_MODE NOHYS -BUS_KEEPER PULLUP successfully.
Executing : def_port rst_key -LOC V12 -IOSTANDARD LVCMOS33 -VCCIO 3.3 -HYS_DRIVE_MODE NOHYS -BUS_KEEPER PULLUP
Executing : def_port rst_key -LOC V12 -IOSTANDARD LVCMOS33 -VCCIO 3.3 -HYS_DRIVE_MODE NOHYS -BUS_KEEPER PULLUP successfully.
Executing : def_port rx_clki -LOC H18 -IOSTANDARD LVCMOS33 -VCCIO 3.3 -HYS_DRIVE_MODE NOHYS -BUS_KEEPER PULLUP
Executing : def_port rx_clki -LOC H18 -IOSTANDARD LVCMOS33 -VCCIO 3.3 -HYS_DRIVE_MODE NOHYS -BUS_KEEPER PULLUP successfully.
Executing : def_port spi0_miso -LOC A4 -IOSTANDARD LVCMOS33 -VCCIO 3.3 -BUS_KEEPER PULLUP
C: ConstraintEditor-2002: [C:/Users/1/Desktop/jc/SD_Int_5_23/pnr/device_map/m1_soc_top.pcf(line number: 99)] | Port spi0_miso has been placed at location A4, whose type is share pin.
Executing : def_port spi0_miso -LOC A4 -IOSTANDARD LVCMOS33 -VCCIO 3.3 -BUS_KEEPER PULLUP successfully.
Executing : def_inst_site u_DDR3/u_pll_50_400/u_pll_e1/goppll PLL_82_71
Executing : def_inst_site u_DDR3/u_pll_50_400/u_pll_e1/goppll PLL_82_71 successfully.
Executing : apply_constraint -f C:/Users/1/Desktop/jc/SD_Int_5_23/pnr/device_map/m1_soc_top.pcf successfully.

Placement started.
Mapping instance u_DDR3/u_ipsl_hmic_h_phy_top/u_phy_io/u_gtp_ddrphy/gateop_DDRC to HMEMC_16_1.
Mapping instance u_DDR3/u_ipsl_hmic_h_phy_top/u_phy_io/dqs2_dut/opit_0 to DQSL_6_96.
Mapping instance u_DDR3/u_ipsl_hmic_h_phy_top/u_phy_io/dqs0_dut/opit_0 to DQSL_6_24.
Mapping instance u_DDR3/u_ipsl_hmic_h_phy_top/u_phy_io/dll_hmemc_dut/gopdll to DLL_7_59.
Mapping instance u_DDR3/u_ipsl_hmic_h_phy_top/u_phy_io/dqs1_dut/opit_0 to DQSL_6_52.
Mapping instance u_DDR3/u_ipsl_hmic_h_phy_top/u_phy_io/dqs3_dut/opit_0 to DQSL_6_148.
Mapping instance u_DDR3/u_ipsl_hmic_h_phy_top/u_phy_io/dqs4_dut/opit_0 to DQSL_6_176.
Mapping instance u_DDR3/u_ipsl_hmic_h_phy_top/u_phy_io/ioclkdiv_dut/gopclkdiv to IOCKDIV_6_64.
Mapping instance u_GTP_IOCLKDELAY/opit_0 to IOCKDLY_150_185.
Mapping instance cmos_PLL/u_pll_e1/goppll to PLL_82_319.
Mapping instance u_DDR3/u_ipsl_hmic_h_phy_top/u_phy_io/ioclkbuf01_dut/gopclkgate to IOCKGATE_6_56.
Mapping instance u_DDR3/u_ipsl_hmic_h_phy_top/u_phy_io/ioclkbuf02_dut/gopclkgate to IOCKGATE_6_181.
Mapping instance clkbufg_2/gopclkbufg to USCM_74_104.
Mapping instance u_GTP_CLKBUFG/gopclkbufg to USCM_74_105.
Mapping instance clkbufg_1/gopclkbufg to USCM_74_106.
Mapping instance clkbufg_0/gopclkbufg to USCM_74_107.
Mapping instance cmos_pclkbufg/gopclkbufg to USCM_74_108.
Mapping instance u_cmos_xclk/gopclkbufg to USCM_74_109.
Pre global placement takes 30.66 sec.
Run super clustering :
	Initial slack -7747.
	12 iterations finished.
	Final slack -972.
Super clustering done.
Design Utilization : 53%.
Global placement takes 27.72 sec.
Wirelength after global placement is 129391.
Placed fixed group with base inst LED_obuf[0]/opit_1 on IOL_151_114.
Placed fixed group with base inst LED_obuf[1]/opit_1 on IOL_151_113.
Placed fixed group with base inst LED_obuf[2]/opit_1 on IOL_151_102.
Placed fixed group with base inst LED_obuf[3]/opit_1 on IOL_151_101.
Placed fixed group with base inst RX_ibuf/opit_1 on IOL_151_333.
Placed fixed group with base inst SD_DCLK_obuf/opit_1 on IOL_151_109.
Placed fixed group with base inst SD_MISO_ibuf/opit_1 on IOL_151_110.
Placed fixed group with base inst SD_MOSI_obuf/opit_1 on IOL_151_38.
Placed fixed group with base inst SD_nCS_obuf/opit_1 on IOL_151_37.
Placed fixed group with base inst TX_obuf/opit_1 on IOL_151_361.
Placed fixed instance clkbufg_0/gopclkbufg on USCM_74_107.
Placed fixed instance clkbufg_1/gopclkbufg on USCM_74_106.
Placed fixed instance clkbufg_2/gopclkbufg on USCM_74_104.
Placed fixed instance cmos_PLL/u_pll_e1/goppll on PLL_82_319.
Placed fixed group with base inst cmos_db_ibuf[0]/opit_1 on IOL_151_254.
Placed fixed group with base inst cmos_db_ibuf[1]/opit_1 on IOL_151_258.
Placed fixed group with base inst cmos_db_ibuf[2]/opit_1 on IOL_151_242.
Placed fixed group with base inst cmos_db_ibuf[3]/opit_1 on IOL_151_241.
Placed fixed group with base inst cmos_db_ibuf[4]/opit_1 on IOL_151_253.
Placed fixed group with base inst cmos_db_ibuf[5]/opit_1 on IOL_151_257.
Placed fixed group with base inst cmos_db_ibuf[6]/opit_1 on IOL_151_234.
Placed fixed group with base inst cmos_db_ibuf[7]/opit_1 on IOL_151_233.
Placed fixed group with base inst cmos_href_ibuf/opit_1 on IOL_151_226.
Placed fixed group with base inst cmos_pclk_ibuf/opit_1 on IOL_151_173.
Placed fixed instance cmos_pclkbufg/gopclkbufg on USCM_74_108.
Placed fixed group with base inst cmos_vsync_ibuf/opit_1 on IOL_151_174.
Placed fixed group with base inst cmos_xclk_obuf/opit_1 on IOL_151_225.
Placed fixed group with base inst ex_clk_50m_ibuf/opit_1 on IOL_7_298.
Placed fixed group with base inst gpio_in0_ibuf/opit_1 on IOL_151_46.
Placed fixed group with base inst i2c0_sck_tri/opit_1 on IOL_151_209.
Placed fixed group with base inst i2c0_sda_tri/opit_1 on IOL_151_210.
Placed fixed group with base inst rst_key_ibuf/opit_1 on IOL_151_105.
Placed fixed group with base inst rx_clki_ibuf/opit_1 on IOL_151_198.
Placed fixed group with base inst spi0_clk_obuf/opit_1 on IOL_7_353.
Placed fixed group with base inst spi0_cs_obuf/opit_1 on IOL_7_350.
Placed fixed group with base inst spi0_miso_ibuf/opit_1 on IOL_7_289.
Placed fixed group with base inst spi0_mosi_obuf/opit_1 on IOL_7_290.
Placed fixed instance u_DDR3/u_ipsl_hmic_h_phy_top/u_phy_io/dll_hmemc_dut/gopdll on DLL_7_59.
Placed fixed instance u_DDR3/u_ipsl_hmic_h_phy_top/u_phy_io/dqs0_dut/opit_0 on DQSL_6_24.
Placed fixed instance u_DDR3/u_ipsl_hmic_h_phy_top/u_phy_io/dqs1_dut/opit_0 on DQSL_6_52.
Placed fixed instance u_DDR3/u_ipsl_hmic_h_phy_top/u_phy_io/dqs2_dut/opit_0 on DQSL_6_96.
Placed fixed instance u_DDR3/u_ipsl_hmic_h_phy_top/u_phy_io/dqs3_dut/opit_0 on DQSL_6_148.
Placed fixed instance u_DDR3/u_ipsl_hmic_h_phy_top/u_phy_io/dqs4_dut/opit_0 on DQSL_6_176.
Placed fixed group with base inst u_DDR3/u_ipsl_hmic_h_phy_top/u_phy_io/genblk2.iob_08_09_dut/opit_2_O on IOL_7_22.
Placed fixed group with base inst u_DDR3/u_ipsl_hmic_h_phy_top/u_phy_io/genblk3.iob_30_31_dut/opit_2_O on IOL_7_102.
Placed fixed group with base inst u_DDR3/u_ipsl_hmic_h_phy_top/u_phy_io/iob_00_dut/opit_0_iol on IOL_7_5.
Placed fixed group with base inst u_DDR3/u_ipsl_hmic_h_phy_top/u_phy_io/iob_01_dut/opit_1 on IOL_7_6.
Placed fixed group with base inst u_DDR3/u_ipsl_hmic_h_phy_top/u_phy_io/iob_02_dut/opit_1_IOL on IOL_7_9.
Placed fixed group with base inst u_DDR3/u_ipsl_hmic_h_phy_top/u_phy_io/iob_16_17_dut/opit_3_IOL on IOL_7_46.
Placed fixed group with base inst u_DDR3/u_ipsl_hmic_h_phy_top/u_phy_io/iob_18_dut/opit_1_IOL on IOL_7_49.
Placed fixed group with base inst u_DDR3/u_ipsl_hmic_h_phy_top/u_phy_io/iob_19_dut/opit_1_IOL on IOL_7_50.
Placed fixed group with base inst u_DDR3/u_ipsl_hmic_h_phy_top/u_phy_io/iob_20_dut/opit_1_IOL on IOL_7_73.
Placed fixed group with base inst u_DDR3/u_ipsl_hmic_h_phy_top/u_phy_io/iob_21_dut/opit_1_IOL on IOL_7_74.
Placed fixed group with base inst u_DDR3/u_ipsl_hmic_h_phy_top/u_phy_io/iob_22_dut/opit_1_IOL on IOL_7_77.
Placed fixed group with base inst u_DDR3/u_ipsl_hmic_h_phy_top/u_phy_io/iob_23_dut/opit_1_IOL on IOL_7_78.
Placed fixed group with base inst u_DDR3/u_ipsl_hmic_h_phy_top/u_phy_io/iob_24_dut/opit_1_IOL on IOL_7_81.
Placed fixed group with base inst u_DDR3/u_ipsl_hmic_h_phy_top/u_phy_io/iob_25_dut/opit_1_IOL on IOL_7_82.
Placed fixed group with base inst u_DDR3/u_ipsl_hmic_h_phy_top/u_phy_io/iob_37_dut/opit_1_IOL on IOL_7_114.
Placed fixed group with base inst u_DDR3/u_ipsl_hmic_h_phy_top/u_phy_io/iob_38_dut/opit_0_iol on IOL_7_117.
Placed fixed group with base inst u_DDR3/u_ipsl_hmic_h_phy_top/u_phy_io/iob_39_dut/opit_1 on IOL_7_118.
Placed fixed group with base inst u_DDR3/u_ipsl_hmic_h_phy_top/u_phy_io/iob_40_dut/opit_1_IOL on IOL_7_129.
Placed fixed group with base inst u_DDR3/u_ipsl_hmic_h_phy_top/u_phy_io/iob_41_dut/opit_1_IOL on IOL_7_130.
Placed fixed group with base inst u_DDR3/u_ipsl_hmic_h_phy_top/u_phy_io/iob_42_dut/opit_1_IOL on IOL_7_133.
Placed fixed group with base inst u_DDR3/u_ipsl_hmic_h_phy_top/u_phy_io/iob_43_dut/opit_1_IOL on IOL_7_134.
Placed fixed group with base inst u_DDR3/u_ipsl_hmic_h_phy_top/u_phy_io/iob_44_dut/opit_1_IOL on IOL_7_137.
Placed fixed group with base inst u_DDR3/u_ipsl_hmic_h_phy_top/u_phy_io/iob_45_dut/opit_1_IOL on IOL_7_138.
Placed fixed group with base inst u_DDR3/u_ipsl_hmic_h_phy_top/u_phy_io/iob_46_dut/opit_1_IOL on IOL_7_141.
Placed fixed group with base inst u_DDR3/u_ipsl_hmic_h_phy_top/u_phy_io/iob_47_dut/opit_1_IOL on IOL_7_142.
Placed fixed group with base inst u_DDR3/u_ipsl_hmic_h_phy_top/u_phy_io/iob_48_dut/opit_1_IOL on IOL_7_145.
Placed fixed group with base inst u_DDR3/u_ipsl_hmic_h_phy_top/u_phy_io/iob_49_dut/opit_1_IOL on IOL_7_146.
Placed fixed group with base inst u_DDR3/u_ipsl_hmic_h_phy_top/u_phy_io/iob_50_dut/opit_1 on IOL_7_157.
Placed fixed group with base inst u_DDR3/u_ipsl_hmic_h_phy_top/u_phy_io/iob_51_dut/opit_1_IOL on IOL_7_158.
Placed fixed group with base inst u_DDR3/u_ipsl_hmic_h_phy_top/u_phy_io/iob_52_dut/opit_1_IOL on IOL_7_161.
Placed fixed group with base inst u_DDR3/u_ipsl_hmic_h_phy_top/u_phy_io/iob_55_dut/opit_1_IOL on IOL_7_166.
Placed fixed group with base inst u_DDR3/u_ipsl_hmic_h_phy_top/u_phy_io/iob_56_dut/opit_1_IOL on IOL_7_169.
Placed fixed group with base inst u_DDR3/u_ipsl_hmic_h_phy_top/u_phy_io/iob_57_dut/opit_1_IOL on IOL_7_170.
Placed fixed group with base inst u_DDR3/u_ipsl_hmic_h_phy_top/u_phy_io/iob_58_dut/opit_1_IOL on IOL_7_173.
Placed fixed group with base inst u_DDR3/u_ipsl_hmic_h_phy_top/u_phy_io/iob_59_dut/opit_1_IOL on IOL_7_174.
Placed fixed instance u_DDR3/u_ipsl_hmic_h_phy_top/u_phy_io/ioclkbuf01_dut/gopclkgate on IOCKGATE_6_56.
Placed fixed instance u_DDR3/u_ipsl_hmic_h_phy_top/u_phy_io/ioclkbuf02_dut/gopclkgate on IOCKGATE_6_181.
Placed fixed instance u_DDR3/u_ipsl_hmic_h_phy_top/u_phy_io/ioclkdiv_dut/gopclkdiv on IOCKDIV_6_64.
Placed fixed group with base inst u_DDR3/u_ipsl_hmic_h_phy_top/u_phy_io/iol_iddr3_dut/gateop_inv_IO on IOL_7_10.
Placed fixed group with base inst u_DDR3/u_ipsl_hmic_h_phy_top/u_phy_io/iol_iddr4_dut/gateop_inv_IO on IOL_7_13.
Placed fixed group with base inst u_DDR3/u_ipsl_hmic_h_phy_top/u_phy_io/iol_iddr5_dut/gateop_inv_IO on IOL_7_14.
Placed fixed group with base inst u_DDR3/u_ipsl_hmic_h_phy_top/u_phy_io/iol_iddr6_dut/gateop_inv_IO on IOL_7_17.
Placed fixed group with base inst u_DDR3/u_ipsl_hmic_h_phy_top/u_phy_io/iol_iddr7_dut/gateop_inv_IO on IOL_7_18.
Placed fixed group with base inst u_DDR3/u_ipsl_hmic_h_phy_top/u_phy_io/iol_iddr10_dut/gateop_inv_IO on IOL_7_33.
Placed fixed group with base inst u_DDR3/u_ipsl_hmic_h_phy_top/u_phy_io/iol_iddr11_dut/gateop_inv_IO on IOL_7_34.
Placed fixed group with base inst u_DDR3/u_ipsl_hmic_h_phy_top/u_phy_io/iol_iddr12_dut/gateop_inv_IO on IOL_7_37.
Placed fixed group with base inst u_DDR3/u_ipsl_hmic_h_phy_top/u_phy_io/iol_iddr27_dut/gateop_inv_IO on IOL_7_86.
Placed fixed group with base inst u_DDR3/u_ipsl_hmic_h_phy_top/u_phy_io/iol_iddr28_dut/gateop_inv_IO on IOL_7_89.
Placed fixed group with base inst u_DDR3/u_ipsl_hmic_h_phy_top/u_phy_io/iol_iddr29_dut/gateop_inv_IO on IOL_7_90.
Placed fixed group with base inst u_DDR3/u_ipsl_hmic_h_phy_top/u_phy_io/iol_iddr32_dut/gateop_inv_IO on IOL_7_105.
Placed fixed group with base inst u_DDR3/u_ipsl_hmic_h_phy_top/u_phy_io/iol_iddr33_dut/gateop_inv_IO on IOL_7_106.
Placed fixed group with base inst u_DDR3/u_ipsl_hmic_h_phy_top/u_phy_io/iol_iddr34_dut/gateop_inv_IO on IOL_7_109.
Placed fixed group with base inst u_DDR3/u_ipsl_hmic_h_phy_top/u_phy_io/iol_iddr35_dut/gateop_inv_IO on IOL_7_110.
Placed fixed group with base inst u_DDR3/u_ipsl_hmic_h_phy_top/u_phy_io/iol_iddr36_dut/gateop_inv_IO on IOL_7_113.
Placed fixed instance u_DDR3/u_ipsl_hmic_h_phy_top/u_phy_io/u_gtp_ddrphy/gateop_DDRC on HMEMC_16_1.
Placed fixed instance u_DDR3/u_pll_50_400/u_pll_e1/goppll on PLL_82_71.
Placed fixed instance u_GTP_CLKBUFG/gopclkbufg on USCM_74_105.
Placed fixed instance u_GTP_IOCLKDELAY/opit_0 on IOCKDLY_150_185.
Placed fixed group with base inst u_GTP_OUTBUFT/opit_1_IOL on IOL_151_197.
Placed fixed instance u_cmos_xclk/gopclkbufg on USCM_74_109.
Placed fixed group with base inst u_tsmac_phy/U_pgs_tsmac_rgmii_gmii_convert_v1_0/U_pgs_tsmac_gmii_to_rgmii_v1_0/gtp_outbuft1/opit_1_IOL on IOL_151_214.
Placed fixed group with base inst u_tsmac_phy/U_pgs_tsmac_rgmii_gmii_convert_v1_0/U_pgs_tsmac_gmii_to_rgmii_v1_0/gtp_outbuft2/opit_1_IOL on IOL_151_229.
Placed fixed group with base inst u_tsmac_phy/U_pgs_tsmac_rgmii_gmii_convert_v1_0/U_pgs_tsmac_gmii_to_rgmii_v1_0/gtp_outbuft3/opit_1_IOL on IOL_151_237.
Placed fixed group with base inst u_tsmac_phy/U_pgs_tsmac_rgmii_gmii_convert_v1_0/U_pgs_tsmac_gmii_to_rgmii_v1_0/gtp_outbuft4/opit_1_IOL on IOL_151_238.
Placed fixed group with base inst u_tsmac_phy/U_pgs_tsmac_rgmii_gmii_convert_v1_0/U_pgs_tsmac_gmii_to_rgmii_v1_0/gtp_outbuft5/opit_1_IOL on IOL_151_213.
Placed fixed group with base inst u_tsmac_phy/U_pgs_tsmac_rgmii_gmii_convert_v1_0/U_pgs_tsmac_rgmii_to_gmii_v1_0/igddr1/gateigddr_IOL on IOL_151_157.
Placed fixed group with base inst u_tsmac_phy/U_pgs_tsmac_rgmii_gmii_convert_v1_0/U_pgs_tsmac_rgmii_to_gmii_v1_0/igddr2/gateigddr_IOL on IOL_151_142.
Placed fixed group with base inst u_tsmac_phy/U_pgs_tsmac_rgmii_gmii_convert_v1_0/U_pgs_tsmac_rgmii_to_gmii_v1_0/igddr3/gateigddr_IOL on IOL_151_170.
Placed fixed group with base inst u_tsmac_phy/U_pgs_tsmac_rgmii_gmii_convert_v1_0/U_pgs_tsmac_rgmii_to_gmii_v1_0/igddr4/gateigddr_IOL on IOL_151_169.
Placed fixed group with base inst u_tsmac_phy/U_pgs_tsmac_rgmii_gmii_convert_v1_0/U_pgs_tsmac_rgmii_to_gmii_v1_0/igddr5/gateigddr_IOL on IOL_151_158.
Placed fixed instance BKCL_auto_0 on BKCL_2_268.
Placed fixed instance BKCL_auto_1 on BKCL_2_144.
Placed fixed instance BKCL_auto_2 on BKCL_2_20.
Placed fixed instance BKCL_auto_3 on BKCL_154_268.
Placed fixed instance BKCL_auto_4 on BKCL_154_144.
Placed fixed instance BKCL_auto_5 on BKCL_154_20.
Placed instance u_DDR3/u_ipsl_hmic_h_phy_top/u_phy_io/dll_hmemc_dut/gopdll(gopDLL) on DLL_7_59, and placed u_DDR3/u_ipsl_hmic_h_phy_top/u_phy_io/dqs0_dut/opit_0(gopDQS_DDC) on DQSL_6_24.
Placed instance u_DDR3/u_ipsl_hmic_h_phy_top/u_phy_io/dll_hmemc_dut/gopdll(gopDLL) on DLL_7_59, and placed u_DDR3/u_ipsl_hmic_h_phy_top/u_phy_io/dqs1_dut/opit_0(gopDQS_DDC) on DQSL_6_52.
Placed instance u_DDR3/u_ipsl_hmic_h_phy_top/u_phy_io/dll_hmemc_dut/gopdll(gopDLL) on DLL_7_59, and placed u_DDR3/u_ipsl_hmic_h_phy_top/u_phy_io/dqs2_dut/opit_0(gopDQS_DDC) on DQSL_6_96.
Placed instance u_DDR3/u_ipsl_hmic_h_phy_top/u_phy_io/dll_hmemc_dut/gopdll(gopDLL) on DLL_7_59, and placed u_DDR3/u_ipsl_hmic_h_phy_top/u_phy_io/dqs3_dut/opit_0(gopDQS_DDC) on DQSL_6_148.
Placed instance u_DDR3/u_ipsl_hmic_h_phy_top/u_phy_io/dll_hmemc_dut/gopdll(gopDLL) on DLL_7_59, and placed u_DDR3/u_ipsl_hmic_h_phy_top/u_phy_io/dqs4_dut/opit_0(gopDQS_DDC) on DQSL_6_176.
Forbidden IOL_7_38.
Forbidden IOL_7_41.
Forbidden IOL_7_42.
Forbidden IOL_7_85.
Forbidden IOL_7_162.
Forbidden IOL_7_165.
Wirelength after Macro cell placement is 134495.
Macro cell placement takes 0.27 sec.
Run super clustering :
	Initial slack -7747.
	12 iterations finished.
	Final slack -972.
Super clustering done.
Design Utilization : 53%.
Wirelength after post global placement is 116239.
Post global placement takes 28.67 sec.
Wirelength after legalization is 124978.
Legalization takes 7.41 sec.
Worst slack before Replication Place is 124.
Wirelength after replication placement is 124978.
Legalized cost 124.000000.
The detailed placement ends at 11th iteration.
Wirelength after detailed placement is 131191.
Timing-driven detailed placement takes 147.33 sec.
Placement done.
Total placement takes 244.28 sec.
Finished placement. (CPU time elapsed 0h:04m:08s)

Routing started.
Building routing graph takes 2.50 sec.
Worst slack is 1025.
Processing design graph takes 2.25 sec.
Total memory for routing:
	54.839039 M.
Total nets for routing : 14442.
Rcf routing step 1 processed 0 nets, it takes 0.00 sec.
Rcf routing step 2 processed 0 nets, it takes 0.00 sec.
Rcf routing step 3 processed 0 nets, it takes 0.00 sec.
Unrouted nets 0 at the end of iteration 0.
Global Routing step 1 processed 131 nets, it takes 0.06 sec.
Unrouted nets 211 at the end of iteration 0.
Unrouted nets 160 at the end of iteration 1.
Unrouted nets 115 at the end of iteration 2.
Unrouted nets 69 at the end of iteration 3.
Unrouted nets 43 at the end of iteration 4.
Unrouted nets 34 at the end of iteration 5.
Unrouted nets 19 at the end of iteration 6.
Unrouted nets 11 at the end of iteration 7.
Unrouted nets 3 at the end of iteration 8.
Unrouted nets 3 at the end of iteration 9.
Unrouted nets 1 at the end of iteration 10.
Unrouted nets 1 at the end of iteration 11.
Unrouted nets 1 at the end of iteration 12.
Unrouted nets 1 at the end of iteration 13.
Unrouted nets 1 at the end of iteration 14.
Unrouted nets 1 at the end of iteration 15.
Unrouted nets 2 at the end of iteration 16.
Unrouted nets 1 at the end of iteration 17.
Unrouted nets 2 at the end of iteration 18.
Unrouted nets 1 at the end of iteration 19.
Unrouted nets 1 at the end of iteration 20.
Unrouted nets 3 at the end of iteration 21.
Unrouted nets 3 at the end of iteration 22.
Unrouted nets 2 at the end of iteration 23.
Unrouted nets 0 at the end of iteration 24.
Global Routing step 2 processed 544 nets, it takes 1.27 sec.
Unrouted nets 281 at the end of iteration 0.
Unrouted nets 202 at the end of iteration 1.
Unrouted nets 161 at the end of iteration 2.
Unrouted nets 106 at the end of iteration 3.
Unrouted nets 85 at the end of iteration 4.
Unrouted nets 64 at the end of iteration 5.
Unrouted nets 61 at the end of iteration 6.
Unrouted nets 46 at the end of iteration 7.
Unrouted nets 40 at the end of iteration 8.
Unrouted nets 28 at the end of iteration 9.
Unrouted nets 17 at the end of iteration 10.
Unrouted nets 13 at the end of iteration 11.
Unrouted nets 9 at the end of iteration 12.
Unrouted nets 6 at the end of iteration 13.
Unrouted nets 2 at the end of iteration 14.
Unrouted nets 0 at the end of iteration 15.
Global Routing step 3 processed 822 nets, it takes 8.66 sec.
Global routing takes 10.00 sec.
Total 17589 subnets.
    forward max bucket size 946 , backward 443.
        Unrouted nets 12787 at the end of iteration 0.
    route iteration 0, CPU time elapsed 6.343750 sec.
    forward max bucket size 887 , backward 538.
        Unrouted nets 11476 at the end of iteration 1.
    route iteration 1, CPU time elapsed 6.640625 sec.
    forward max bucket size 996 , backward 1098.
        Unrouted nets 10303 at the end of iteration 2.
    route iteration 2, CPU time elapsed 7.031250 sec.
    forward max bucket size 1621 , backward 987.
        Unrouted nets 9203 at the end of iteration 3.
    route iteration 3, CPU time elapsed 7.390625 sec.
    forward max bucket size 2096 , backward 929.
        Unrouted nets 8360 at the end of iteration 4.
    route iteration 4, CPU time elapsed 6.671875 sec.
    forward max bucket size 2207 , backward 1041.
        Unrouted nets 7710 at the end of iteration 5.
    route iteration 5, CPU time elapsed 7.640625 sec.
    forward max bucket size 5407 , backward 1052.
        Unrouted nets 6967 at the end of iteration 6.
    route iteration 6, CPU time elapsed 5.640625 sec.
    forward max bucket size 4515 , backward 874.
        Unrouted nets 6051 at the end of iteration 7.
    route iteration 7, CPU time elapsed 5.484375 sec.
    forward max bucket size 5356 , backward 828.
        Unrouted nets 5297 at the end of iteration 8.
    route iteration 8, CPU time elapsed 5.109375 sec.
    forward max bucket size 5414 , backward 1141.
        Unrouted nets 4636 at the end of iteration 9.
    route iteration 9, CPU time elapsed 4.671875 sec.
    forward max bucket size 5220 , backward 1549.
        Unrouted nets 4070 at the end of iteration 10.
    route iteration 10, CPU time elapsed 4.156250 sec.
    forward max bucket size 4851 , backward 1165.
        Unrouted nets 3612 at the end of iteration 11.
    route iteration 11, CPU time elapsed 3.812500 sec.
    forward max bucket size 4478 , backward 898.
        Unrouted nets 3190 at the end of iteration 12.
    route iteration 12, CPU time elapsed 3.671875 sec.
    forward max bucket size 5339 , backward 745.
        Unrouted nets 2910 at the end of iteration 13.
    route iteration 13, CPU time elapsed 3.375000 sec.
    forward max bucket size 5734 , backward 761.
        Unrouted nets 2710 at the end of iteration 14.
    route iteration 14, CPU time elapsed 3.125000 sec.
    forward max bucket size 5742 , backward 556.
        Unrouted nets 2456 at the end of iteration 15.
    route iteration 15, CPU time elapsed 2.921875 sec.
    forward max bucket size 4849 , backward 1085.
        Unrouted nets 2194 at the end of iteration 16.
    route iteration 16, CPU time elapsed 2.718750 sec.
    forward max bucket size 4994 , backward 622.
        Unrouted nets 2004 at the end of iteration 17.
    route iteration 17, CPU time elapsed 2.656250 sec.
    forward max bucket size 3612 , backward 1135.
        Unrouted nets 1832 at the end of iteration 18.
    route iteration 18, CPU time elapsed 2.453125 sec.
    forward max bucket size 4887 , backward 821.
        Unrouted nets 1686 at the end of iteration 19.
    route iteration 19, CPU time elapsed 2.296875 sec.
    forward max bucket size 4471 , backward 781.
        Unrouted nets 1548 at the end of iteration 20.
    route iteration 20, CPU time elapsed 2.156250 sec.
    forward max bucket size 5222 , backward 1103.
        Unrouted nets 1437 at the end of iteration 21.
    route iteration 21, CPU time elapsed 2.234375 sec.
    forward max bucket size 4252 , backward 584.
        Unrouted nets 1307 at the end of iteration 22.
    route iteration 22, CPU time elapsed 2.062500 sec.
    forward max bucket size 4219 , backward 634.
        Unrouted nets 1169 at the end of iteration 23.
    route iteration 23, CPU time elapsed 1.781250 sec.
    forward max bucket size 5869 , backward 722.
        Unrouted nets 1026 at the end of iteration 24.
    route iteration 24, CPU time elapsed 1.406250 sec.
    forward max bucket size 5785 , backward 799.
        Unrouted nets 906 at the end of iteration 25.
    route iteration 25, CPU time elapsed 1.406250 sec.
    forward max bucket size 2927 , backward 655.
        Unrouted nets 838 at the end of iteration 26.
    route iteration 26, CPU time elapsed 1.265625 sec.
    forward max bucket size 2502 , backward 840.
        Unrouted nets 795 at the end of iteration 27.
    route iteration 27, CPU time elapsed 1.062500 sec.
    forward max bucket size 3486 , backward 443.
        Unrouted nets 771 at the end of iteration 28.
    route iteration 28, CPU time elapsed 1.328125 sec.
    forward max bucket size 4877 , backward 994.
        Unrouted nets 740 at the end of iteration 29.
    route iteration 29, CPU time elapsed 1.015625 sec.
    forward max bucket size 2986 , backward 592.
        Unrouted nets 645 at the end of iteration 30.
    route iteration 30, CPU time elapsed 1.000000 sec.
    forward max bucket size 5620 , backward 563.
        Unrouted nets 515 at the end of iteration 31.
    route iteration 31, CPU time elapsed 0.875000 sec.
    forward max bucket size 3965 , backward 664.
        Unrouted nets 512 at the end of iteration 32.
    route iteration 32, CPU time elapsed 0.765625 sec.
    forward max bucket size 3115 , backward 487.
        Unrouted nets 475 at the end of iteration 33.
    route iteration 33, CPU time elapsed 0.796875 sec.
    forward max bucket size 3132 , backward 539.
        Unrouted nets 416 at the end of iteration 34.
    route iteration 34, CPU time elapsed 0.593750 sec.
    forward max bucket size 1494 , backward 469.
        Unrouted nets 392 at the end of iteration 35.
    route iteration 35, CPU time elapsed 0.656250 sec.
    forward max bucket size 2714 , backward 449.
        Unrouted nets 314 at the end of iteration 36.
    route iteration 36, CPU time elapsed 0.546875 sec.
    forward max bucket size 1122 , backward 444.
        Unrouted nets 302 at the end of iteration 37.
    route iteration 37, CPU time elapsed 0.484375 sec.
    forward max bucket size 2121 , backward 399.
        Unrouted nets 260 at the end of iteration 38.
    route iteration 38, CPU time elapsed 0.437500 sec.
    forward max bucket size 1362 , backward 308.
        Unrouted nets 237 at the end of iteration 39.
    route iteration 39, CPU time elapsed 0.406250 sec.
    forward max bucket size 6465 , backward 268.
        Unrouted nets 186 at the end of iteration 40.
    route iteration 40, CPU time elapsed 0.375000 sec.
    forward max bucket size 4189 , backward 724.
        Unrouted nets 192 at the end of iteration 41.
    route iteration 41, CPU time elapsed 0.375000 sec.
    forward max bucket size 3494 , backward 630.
        Unrouted nets 168 at the end of iteration 42.
    route iteration 42, CPU time elapsed 0.406250 sec.
    forward max bucket size 1599 , backward 807.
        Unrouted nets 157 at the end of iteration 43.
    route iteration 43, CPU time elapsed 0.343750 sec.
    forward max bucket size 3816 , backward 350.
        Unrouted nets 146 at the end of iteration 44.
    route iteration 44, CPU time elapsed 0.343750 sec.
    forward max bucket size 2357 , backward 398.
        Unrouted nets 140 at the end of iteration 45.
    route iteration 45, CPU time elapsed 0.343750 sec.
    forward max bucket size 2548 , backward 545.
        Unrouted nets 112 at the end of iteration 46.
    route iteration 46, CPU time elapsed 0.390625 sec.
    forward max bucket size 1511 , backward 492.
        Unrouted nets 105 at the end of iteration 47.
    route iteration 47, CPU time elapsed 0.312500 sec.
    forward max bucket size 1972 , backward 484.
        Unrouted nets 98 at the end of iteration 48.
    route iteration 48, CPU time elapsed 0.265625 sec.
    forward max bucket size 772 , backward 122.
        Unrouted nets 86 at the end of iteration 49.
    route iteration 49, CPU time elapsed 0.250000 sec.
    forward max bucket size 971 , backward 251.
        Unrouted nets 86 at the end of iteration 50.
    route iteration 50, CPU time elapsed 0.234375 sec.
    forward max bucket size 1813 , backward 410.
        Unrouted nets 99 at the end of iteration 51.
    route iteration 51, CPU time elapsed 0.218750 sec.
    forward max bucket size 1900 , backward 368.
        Unrouted nets 85 at the end of iteration 52.
    route iteration 52, CPU time elapsed 0.203125 sec.
    forward max bucket size 1348 , backward 154.
        Unrouted nets 68 at the end of iteration 53.
    route iteration 53, CPU time elapsed 0.203125 sec.
    forward max bucket size 926 , backward 176.
        Unrouted nets 57 at the end of iteration 54.
    route iteration 54, CPU time elapsed 0.156250 sec.
    forward max bucket size 1515 , backward 94.
        Unrouted nets 67 at the end of iteration 55.
    route iteration 55, CPU time elapsed 0.187500 sec.
    forward max bucket size 1804 , backward 138.
        Unrouted nets 60 at the end of iteration 56.
    route iteration 56, CPU time elapsed 0.187500 sec.
    forward max bucket size 548 , backward 154.
        Unrouted nets 57 at the end of iteration 57.
    route iteration 57, CPU time elapsed 0.218750 sec.
    forward max bucket size 939 , backward 435.
        Unrouted nets 72 at the end of iteration 58.
    route iteration 58, CPU time elapsed 0.234375 sec.
    forward max bucket size 1757 , backward 346.
        Unrouted nets 65 at the end of iteration 59.
    route iteration 59, CPU time elapsed 0.234375 sec.
    forward max bucket size 978 , backward 261.
        Unrouted nets 64 at the end of iteration 60.
    route iteration 60, CPU time elapsed 0.203125 sec.
    forward max bucket size 1312 , backward 594.
        Unrouted nets 79 at the end of iteration 61.
    route iteration 61, CPU time elapsed 0.187500 sec.
    forward max bucket size 2615 , backward 417.
        Unrouted nets 89 at the end of iteration 62.
    route iteration 62, CPU time elapsed 0.218750 sec.
    forward max bucket size 916 , backward 490.
        Unrouted nets 85 at the end of iteration 63.
    route iteration 63, CPU time elapsed 0.187500 sec.
    forward max bucket size 1198 , backward 416.
        Unrouted nets 80 at the end of iteration 64.
    route iteration 64, CPU time elapsed 0.187500 sec.
    forward max bucket size 1682 , backward 469.
        Unrouted nets 70 at the end of iteration 65.
    route iteration 65, CPU time elapsed 0.187500 sec.
    forward max bucket size 603 , backward 286.
        Unrouted nets 74 at the end of iteration 66.
    route iteration 66, CPU time elapsed 0.156250 sec.
    forward max bucket size 3102 , backward 615.
        Unrouted nets 84 at the end of iteration 67.
    route iteration 67, CPU time elapsed 0.171875 sec.
    forward max bucket size 2196 , backward 762.
        Unrouted nets 77 at the end of iteration 68.
    route iteration 68, CPU time elapsed 0.218750 sec.
    forward max bucket size 2385 , backward 763.
        Unrouted nets 58 at the end of iteration 69.
    route iteration 69, CPU time elapsed 0.171875 sec.
    forward max bucket size 2334 , backward 758.
        Unrouted nets 61 at the end of iteration 70.
    route iteration 70, CPU time elapsed 0.171875 sec.
    forward max bucket size 2550 , backward 758.
        Unrouted nets 50 at the end of iteration 71.
    route iteration 71, CPU time elapsed 0.203125 sec.
    forward max bucket size 1613 , backward 307.
        Unrouted nets 39 at the end of iteration 72.
    route iteration 72, CPU time elapsed 0.140625 sec.
    forward max bucket size 543 , backward 220.
        Unrouted nets 21 at the end of iteration 73.
    route iteration 73, CPU time elapsed 0.125000 sec.
    forward max bucket size 52 , backward 61.
        Unrouted nets 14 at the end of iteration 74.
    route iteration 74, CPU time elapsed 0.093750 sec.
    forward max bucket size 99 , backward 84.
        Unrouted nets 18 at the end of iteration 75.
    route iteration 75, CPU time elapsed 0.140625 sec.
    forward max bucket size 2115 , backward 86.
        Unrouted nets 9 at the end of iteration 76.
    route iteration 76, CPU time elapsed 0.125000 sec.
    forward max bucket size 513 , backward 94.
        Unrouted nets 9 at the end of iteration 77.
    route iteration 77, CPU time elapsed 0.109375 sec.
    forward max bucket size 254 , backward 88.
        Unrouted nets 10 at the end of iteration 78.
    route iteration 78, CPU time elapsed 0.109375 sec.
    forward max bucket size 254 , backward 125.
        Unrouted nets 22 at the end of iteration 79.
    route iteration 79, CPU time elapsed 0.171875 sec.
    forward max bucket size 417 , backward 59.
        Unrouted nets 16 at the end of iteration 80.
    route iteration 80, CPU time elapsed 0.109375 sec.
    forward max bucket size 152 , backward 245.
        Unrouted nets 9 at the end of iteration 81.
    route iteration 81, CPU time elapsed 0.093750 sec.
    forward max bucket size 3141 , backward 58.
        Unrouted nets 18 at the end of iteration 82.
    route iteration 82, CPU time elapsed 0.125000 sec.
    forward max bucket size 1033 , backward 373.
        Unrouted nets 20 at the end of iteration 83.
    route iteration 83, CPU time elapsed 0.109375 sec.
    forward max bucket size 622 , backward 122.
        Unrouted nets 17 at the end of iteration 84.
    route iteration 84, CPU time elapsed 0.125000 sec.
    forward max bucket size 1518 , backward 73.
        Unrouted nets 21 at the end of iteration 85.
    route iteration 85, CPU time elapsed 0.140625 sec.
    forward max bucket size 140 , backward 137.
        Unrouted nets 18 at the end of iteration 86.
    route iteration 86, CPU time elapsed 0.171875 sec.
    forward max bucket size 1617 , backward 314.
        Unrouted nets 17 at the end of iteration 87.
    route iteration 87, CPU time elapsed 0.125000 sec.
    forward max bucket size 138 , backward 129.
        Unrouted nets 13 at the end of iteration 88.
    route iteration 88, CPU time elapsed 0.109375 sec.
    forward max bucket size 1171 , backward 38.
        Unrouted nets 8 at the end of iteration 89.
    route iteration 89, CPU time elapsed 0.078125 sec.
    forward max bucket size 404 , backward 295.
        Unrouted nets 4 at the end of iteration 90.
    route iteration 90, CPU time elapsed 0.093750 sec.
    forward max bucket size 150 , backward 166.
        Unrouted nets 4 at the end of iteration 91.
    route iteration 91, CPU time elapsed 0.109375 sec.
    forward max bucket size 220 , backward 166.
        Unrouted nets 9 at the end of iteration 92.
    route iteration 92, CPU time elapsed 0.109375 sec.
    forward max bucket size 229 , backward 68.
        Unrouted nets 4 at the end of iteration 93.
    route iteration 93, CPU time elapsed 0.093750 sec.
    forward max bucket size 73 , backward 79.
        Unrouted nets 5 at the end of iteration 94.
    route iteration 94, CPU time elapsed 0.062500 sec.
    forward max bucket size 11 , backward 27.
        Unrouted nets 2 at the end of iteration 95.
    route iteration 95, CPU time elapsed 0.078125 sec.
    forward max bucket size 21 , backward 15.
        Unrouted nets 2 at the end of iteration 96.
    route iteration 96, CPU time elapsed 0.078125 sec.
    forward max bucket size 805 , backward 15.
        Unrouted nets 2 at the end of iteration 97.
    route iteration 97, CPU time elapsed 0.078125 sec.
    forward max bucket size 2049 , backward 39.
        Unrouted nets 0 at the end of iteration 98.
    route iteration 98, CPU time elapsed 0.093750 sec.
C: Route-2036: The clock path from ex_clk_50m_ibuf/opit_1:OUT to cmos_PLL/u_pll_e1/goppll:CLKIN1 is routed by SRB.
Detailed routing takes 130.39 sec.

Dispose routing result:
    Collect routing result.
    Delete unused device instances.
    Annotate routing result.
    Change LUT configuration.
    Dispose misc instances.
I: Route-6001: Insert route through in CLMA_78_216.
I: Route-6001: Insert route through in CLMA_142_220.
I: Route-6001: Insert route through in CLMA_66_116.
I: Route-6001: Insert route through in CLMA_102_248.
I: Route-6001: Insert route through in CLMA_54_204.
I: Route-6001: Insert route through in CLMA_98_193.
I: Route-6001: Insert route through in CLMA_50_173.
I: Route-6001: Insert route through in CLMA_30_112.
I: Route-6001: Insert route through in CLMA_54_204.
I: Route-6001: Insert route through in CLMA_70_196.
I: Route-6001: Insert route through in CLMA_70_220.
I: Route-6001: Insert route through in CLMS_78_293.
I: Route-6001: Insert route through in CLMA_70_205.
I: Route-6001: Insert route through in CLMA_70_240.
I: Route-6001: Insert route through in CLMA_98_208.
I: Route-6001: Insert route through in CLMA_50_125.
I: Route-6001: Insert route through in CLMA_86_224.
I: Route-6001: Insert route through in CLMA_142_300.
I: Route-6001: Insert route through in CLMA_130_273.
I: Route-6001: Insert route through in CLMA_130_269.
I: Route-6001: Insert route through in CLMA_30_112.
I: Route-6001: Insert route through in CLMA_30_108.
I: Route-6001: Insert route through in CLMA_146_304.
I: Route-6001: Insert route through in CLMA_102_344.
I: Route-6001: Insert route through in CLMA_98_333.
I: Route-6001: Insert route through in CLMA_50_152.
I: Route-6001: Insert route through in CLMA_70_253.
I: Route-6001: Insert route through in CLMA_70_253.
I: Route-6001: Insert route through in CLMA_82_88.
I: Route-6001: Insert route through in RCKB_7_61.
I: Route-6001: Insert route through in RCKB_7_63.
I: Route-6001: Insert route through in RCKB_7_186.
I: Route-6001: Insert route through in RCKB_7_60.
I: Route-6001: Insert route through in RCKB_7_62.
I: Route-6001: Insert route through in RCKB_151_184.
    Annotate routing result again.
Finish routing takes 5.94 sec.
The timing paths of the clock pclk have hold violation, the worst slack : -481.
The timing paths of the clock axi_clk0 have hold violation, the worst slack : -96.
Hold fix iterated 5 times
The hold violation of the clock pclk has been fixed successfully, the finally worst slack: 123(slow), 321(fast).
The hold violation of the clock axi_clk0 has been fixed unsuccessfully, the finally worst slack: -39(slow), 41(fast).
Hold violation fix failed. (takes 83.48 sec).
Used srb routing arc is 166450.
Cleanup routing takes 0.06 sec.
Routing done.
Total routing takes 237.16 sec.


Device Utilization Summary :
+----------------------------------------------------------------------------+
| Logic Utilization        | Used     | Available     | Utilization(%)     
+----------------------------------------------------------------------------+
| Use of ADC               | 0        | 1             | 0                   
| Use of APM               | 3        | 30            | 10                  
| Use of BKCL              | 6        | 6             | 100                 
| Use of CLMA              | 2486     | 3274          | 76                  
|   FF                     | 4224     | 19644         | 22                  
|   LUT                    | 6937     | 13096         | 53                  
|   LUT-FF pairs           | 2455     | 13096         | 19                  
| Use of CLMS              | 859      | 1110          | 77                  
|   FF                     | 1094     | 6660          | 16                  
|   LUT                    | 2404     | 4440          | 54                  
|   LUT-FF pairs           | 565      | 4440          | 13                  
|   Distributed RAM        | 608      | 4440          | 14                  
| Use of CRYSTAL           | 0        | 6             | 0                   
| Use of DLL               | 2        | 6             | 33                  
| Use of DQSL              | 5        | 18            | 28                  
| Use of DRM               | 23       | 48            | 48                  
| Use of FLSIF             | 0        | 1             | 0                   
| Use of FUSECODE          | 0        | 1             | 0                   
| Use of HARD0N1           | 0        | 2745          | 0                   
| Use of HMEMC             | 1        | 2             | 50                  
| Use of IO                | 97       | 240           | 40                  
|   IOBD                   | 48       | 120           | 40                  
|   IOBR                   | 2        | 6             | 33                  
|   IOBS                   | 47       | 114           | 41                  
| Use of IOCKDIV           | 1        | 12            | 8                   
| Use of IOCKDLY           | 1        | 24            | 4                   
| Use of IOCKGATE          | 2        | 12            | 17                  
| Use of IOCKGMUX_TEST     | 0        | 12            | 0                   
| Use of IOL               | 97       | 240           | 40                  
| Use of IPAL              | 0        | 1             | 0                   
| Use of MFG_TEST          | 0        | 1             | 0                   
| Use of OSC               | 0        | 1             | 0                   
| Use of PLL               | 2        | 6             | 33                  
| Use of PREGMUX_TEST      | 0        | 6             | 0                   
| Use of RCKB              | 6        | 24            | 25                  
| Use of RCKBMUX_TEST      | 0        | 12            | 0                   
| Use of RESCAL            | 0        | 6             | 0                   
| Use of SCANCHAIN         | 0        | 4             | 0                   
| Use of START             | 1        | 1             | 100                 
| Use of UDID              | 0        | 1             | 0                   
| Use of USCM              | 6        | 20            | 30                  
| Use of USCMMUX_TEST      | 0        | 20            | 0                   
| Use of VCKBMUX_TEST      | 0        | 12            | 0                   
+----------------------------------------------------------------------------+

Finished routing. (CPU time elapsed 0h:08m:07s)
Design 'm1_soc_top' has been placed and routed successfully.
Saving design to DB.
Action pnr: Real time elapsed is 509.000 sec
Action pnr: CPU time elapsed is 492.813 sec
Current time: Sun Jun  6 16:46:31 2021
Action pnr: Peak memory pool usage is 1,148,878,848 bytes
Finished placement and routing. (CPU time elapsed 0h:08m:08s)
