IP Generator (Version 2020.2-Beta2 build 58463)
Check out license ...
Start generating at 2020-06-19 17:26
Instance: TX_FIFO (C:\Users\hspu\Desktop\pgr_ARM_Cortex_M1\pnr\ipcore\TX_FIFO\TX_FIFO.idf)
Model: Logos DRM Based FIFO (1.5)
Part: Logos-PGL22G-FBG256--6
Create directory 'rtl' ...
Copy 'rtl\ipml_fifo_ctrl_v1_3.v' to 'rtl' ...
Copy 'rtl\ipml_fifo_v1_5.v.xml' to 'rtl' ...
Copy 'rtl\ipml_prefetch_fifo_v1_5.v.xml' to 'rtl' ...
Copy 'rtl\ipml_reg_fifo_v1_0.v' to 'rtl' ...
Copy 'rtl\ipml_sdpram_v1_5.v.xml' to 'rtl' ...
Compile file 'rtl\ipml_sdpram_v1_5.v.xml' to 'rtl\ipml_sdpram_v1_5_TX_FIFO.v' ...
Compile file 'rtl\ipml_fifo_v1_5.v.xml' to 'rtl\ipml_fifo_v1_5_TX_FIFO.v' ...
Compile file 'rtl\ipml_prefetch_fifo_v1_5.v.xml' to 'rtl\ipml_prefetch_fifo_v1_5_TX_FIFO.v' ...
Copy 'ipml_fifo_wrapper_v1_5.v.xml' ...
Compile file 'ipml_fifo_wrapper_v1_5.v.xml' to 'TX_FIFO.v' ...
Copy 'ipml_prefetch_fifo_wrapper_v1_5.v.xml' ...
Compile file 'ipml_prefetch_fifo_wrapper_v1_5.v.xml' to 'TX_FIFO_prefetch.v' ...
Copy 'ipml_fifo_wrapper_v1_3_tb.v.xml' ...
Compile file 'ipml_fifo_wrapper_v1_3_tb.v.xml' to 'TX_FIFO_tb.v' ...
Create template file 'TX_FIFO_tmpl.v' ...
Create template file 'TX_FIFO_tmpl.vhdl' ...
There are 5 source files to synthesize.
Synthesis is disabled.
Done: 0 error(s), 0 warning(s)
