#Build: Fabric Compiler 2020.3, Build 62942, Sep 29 13:34 2020
#Install: C:\pango\PDS_2020.3\bin
#Application name: pds_shell.exe
#OS: Windows 10 10.0.19042
#Hostname: DESKTOP-C9S5NJE
Generated by Fabric Compiler (version 2020.3 build 62942) at Wed Jun  9 21:02:26 2021
Compiling verification operator library.
Compiling common defs.
Compiling prim grid devices.
Compiling gate devices.
Compiling gate operators.
Building architecture model.
Loading device packaging model 'MBG324'.
Reading design from DB.
Start Generating Programming File...
Reading design from DB takes 4.656250 sec.
Generating architecture configuration.
The bitstream file is "C:/Users/1/Desktop/jc/FPGA_Pro/pnr/generate_bitstream/m1_soc_top.sbit"
Generate programming file takes 38.500000 sec.
Generating Programming File done.
Action gen_bit_stream: Real time elapsed is 44.000 sec
Action gen_bit_stream: CPU time elapsed is 42.391 sec
Current time: Wed Jun  9 21:03:08 2021
Action gen_bit_stream: Peak memory pool usage is 460,062,720 bytes
