#Build: Fabric Compiler 2020.3, Build 62942, Sep 29 13:34 2020
#Install: C:\pango\PDS_2020.3\bin
#Application name: pds_shell.exe
#OS: Windows 10 10.0.19042
#Hostname: DESKTOP-C9S5NJE
Generated by Fabric Compiler (version 2020.3 build 62942) at Sun Jun  6 16:47:17 2021
Compiling verification operator library.
Compiling common defs.
Compiling prim grid devices.
Compiling gate devices.
Compiling gate operators.
Building architecture model.
Loading device packaging model 'MBG324'.
Reading design from DB.
Start Generating Programming File...
Reading design from DB takes 5.093750 sec.
Generating architecture configuration.
The bitstream file is "C:/Users/1/Desktop/jc/SD_Int_5_23/pnr/generate_bitstream/m1_soc_top.sbit"
Generate programming file takes 42.484375 sec.
Generating Programming File done.
Action gen_bit_stream: Real time elapsed is 49.000 sec
Action gen_bit_stream: CPU time elapsed is 46.781 sec
Current time: Sun Jun  6 16:48:04 2021
Action gen_bit_stream: Peak memory pool usage is 460,193,792 bytes
