IP Generator (Version 2020.2-SP2-Beta3 build 59933)
Check out license ...
Start generating at 2020-08-06 14:03
Instance: ICACHE_INS1 (C:\Users\hspu\Desktop\pgr_ARM_Cortex_M1\pnr\ipcore\ICACHE_INS1\ICACHE_INS1.idf)
Model: Logos DRM Based Simple Dual Port RAM (1.5)
Part: Logos-PGL22G-FBG256--6
Create directory 'rtl' ...
Copy 'rtl\ipml_sdpram_v1_5.v.xml' to 'rtl' ...
Compile file 'rtl\ipml_sdpram_v1_5.v.xml' to 'rtl\ipml_sdpram_v1_5_ICACHE_INS1.v' ...
Copy 'ipml_sdpram_wrapper_v1_5.v.xml' ...
Compile file 'ipml_sdpram_wrapper_v1_5.v.xml' to 'ICACHE_INS1.v' ...
Found top module 'ICACHE_INS1' in file 'ICACHE_INS1.v'.
Copy 'ipml_sdpram_wrapper_v1_3_tb.v.xml' ...
Compile file 'ipml_sdpram_wrapper_v1_3_tb.v.xml' to 'ICACHE_INS1_tb.v' ...
Copy 'init_param_bin_exmp.dat' ...
Copy 'init_param_hex_exmp.dat' ...
Run file 'createParam.tcl' ...
Create template file 'ICACHE_INS1_tmpl.v' ...
Create template file 'ICACHE_INS1_tmpl.vhdl' ...
There are 2 source files to synthesize.
Synthesis is disabled.
Done: 0 error(s), 0 warning(s)
