#Build: Fabric Configuration 2020.3, Build 62942, Sep 29 13:34 2020
#Install: C:\pango\PDS_2020.3\bin
#Application name: cdt_cfg.exe
#OS: Windows 10 10.0.19042
#Hostname: DESKTOP-C9S5NJE
Generated by Fabric Configuration (version 2020.3 build 62942) at Wed Jun  9 14:52:29 2021
The Start Address of bit file C:/Users/1/Desktop/jc/FPGA_Pro/pnr/generate_bitstream/m1_soc_top.sbit: 0x0
The Start Address of User Data C:/Users/1/Desktop/jc/FPGA_Pro/pnr/cortex_M1_demo.bin: 0xc0000
Connecting to server[127.0.0.1 : 65420].
Connect to server[127.0.0.1 : 65420] successfully.
COMMAND[check version information] execute successfully, takes 0.8 secs.
The cable List : 
Cable index 0:USB Cable II/fffffffffffffffe 

COMMAND[get_cable_paras] execute successfully, takes 1.2 secs.
PANGO USB CABLE II cable driver: D2XX DLL
COMMAND[Open config cable] execute successfully, takes 2.8 secs.
COMMAND[Scan Outer SPI Flash] execute successfully, takes 3.6 secs.
The Start Address of bit file C:/Users/1/Desktop/jc/FPGA_Pro/pnr/generate_bitstream/m1_soc_top.sbit: 0x0
The Start Address of User Data C:/Users/1/Desktop/jc/FPGA_Pro/pnr/cortex_M1_demo.bin: 0xc0000
The start address of operating flash is 0x0.
COMMAND[Erase Outer Flash] execute successfully, takes 5.0 secs.
The start address of operating flash is 0x0.
COMMAND[Program Outer Flash] execute successfully, takes 15.9 secs.
The start address of operating flash is 0x0.
COMMAND[Verify Outer Flash] execute successfully, takes 1.2 secs.
The Start Address of bit file C:/Users/1/Desktop/jc/FPGA_Pro/pnr/generate_bitstream/m1_soc_top.sbit: 0x0
The Start Address of User Data C:/Users/1/Desktop/jc/FPGA_Pro/pnr/cortex_M1_demo.bin: 0xc0000
The Start Address of bit file C:/Users/1/Desktop/jc/FPGA_Pro/pnr/generate_bitstream/m1_soc_top.sbit: 0x0
The Start Address of User Data C:/Users/1/Desktop/jc/FPGA_Pro/pnr/cortex_M1_demo.bin: 0xc0000
The start address of operating flash is 0x0.
COMMAND[Erase Outer Flash] execute successfully, takes 5.0 secs.
The start address of operating flash is 0x0.
COMMAND[Program Outer Flash] execute successfully, takes 16.8 secs.
The start address of operating flash is 0x0.
COMMAND[Verify Outer Flash] execute successfully, takes 1.4 secs.
The Start Address of bit file C:/Users/1/Desktop/jc/FPGA_Pro/pnr/generate_bitstream/m1_soc_top.sbit: 0x0
The Start Address of User Data C:/Users/1/Desktop/jc/FPGA_Pro/pnr/cortex_M1_demo.bin: 0xc0000
The start address of operating flash is 0x0.
COMMAND[Erase Outer Flash] execute successfully, takes 5.1 secs.
The start address of operating flash is 0x0.
COMMAND[Program Outer Flash] execute successfully, takes 17.9 secs.
The start address of operating flash is 0x0.
COMMAND[Verify Outer Flash] execute successfully, takes 1.6 secs.
The Start Address of bit file C:/Users/1/Desktop/jc/FPGA_Pro/pnr/generate_bitstream/m1_soc_top.sbit: 0x0
The Start Address of User Data C:/Users/1/Desktop/jc/FPGA_Pro/pnr/cortex_M1_demo.bin: 0xc0000
The start address of operating flash is 0x0.
COMMAND[Erase Outer Flash] execute successfully, takes 5.5 secs.
The start address of operating flash is 0x0.
COMMAND[Program Outer Flash] execute successfully, takes 17.5 secs.
The start address of operating flash is 0x0.
COMMAND[Verify Outer Flash] execute successfully, takes 1.2 secs.
The Start Address of bit file C:/Users/1/Desktop/jc/FPGA_Pro/pnr/generate_bitstream/m1_soc_top.sbit: 0x0
The Start Address of User Data C:/Users/1/Desktop/jc/FPGA_Pro/pnr/cortex_M1_demo.bin: 0xc0000
The start address of operating flash is 0x0.
COMMAND[Erase Outer Flash] execute successfully, takes 5.1 secs.
The start address of operating flash is 0x0.
COMMAND[Program Outer Flash] execute successfully, takes 16.6 secs.
The start address of operating flash is 0x0.
COMMAND[Verify Outer Flash] execute successfully, takes 1.4 secs.
